\BOOKMARK [1][-]{section.1}{\376\377\000I\000n\000t\000r\000o\000d\000u\000c\000t\000i\000o\000n}{}% 1
\BOOKMARK [2][-]{subsection.1.1}{\376\377\000T\000h\000e\000\040\000P\000\040\000v\000\040\000N\000P\000\040\000P\000r\000o\000b\000l\000e\000m\000\040\000S\000t\000a\000t\000e\000m\000e\000n\000t}{section.1}% 2
\BOOKMARK [3][-]{subsubsection.1.1.1}{\376\377\000F\000o\000r\000m\000a\000l\000\040\000D\000e\000f\000i\000n\000i\000t\000i\000o\000n\000:\000\040\000P\000\040\000v\000s\000\040\000N\000P\000\040\000C\000l\000a\000s\000s\000e\000s}{subsection.1.1}% 3
\BOOKMARK [3][-]{subsubsection.1.1.2}{\376\377\000H\000i\000s\000t\000o\000r\000i\000c\000a\000l\000\040\000C\000o\000n\000t\000e\000x\000t\000:\000\040\000C\000o\000o\000k\000-\000K\000a\000r\000p\000-\000L\000e\000v\000i\000n\000\040\000T\000h\000e\000o\000r\000e\000m\000\040\000\050\0001\0009\0007\0001\000\051}{subsection.1.1}% 4
\BOOKMARK [3][-]{subsubsection.1.1.3}{\376\377\000S\000i\000g\000n\000i\000f\000i\000c\000a\000n\000c\000e\000:\000\040\000C\000r\000y\000p\000t\000o\000g\000r\000a\000p\000h\000y\000,\000\040\000O\000p\000t\000i\000m\000i\000z\000a\000t\000i\000o\000n\000,\000\040\000a\000n\000d\000\040\000A\000l\000g\000o\000r\000i\000t\000h\000m\000\040\000D\000e\000s\000i\000g\000n}{subsection.1.1}% 5
\BOOKMARK [3][-]{subsubsection.1.1.4}{\376\377\000T\000r\000a\000d\000i\000t\000i\000o\000n\000a\000l\000\040\000A\000p\000p\000r\000o\000a\000c\000h\000e\000s\000\040\000a\000n\000d\000\040\000T\000h\000e\000i\000r\000\040\000L\000i\000m\000i\000t\000a\000t\000i\000o\000n\000s}{subsection.1.1}% 6
\BOOKMARK [2][-]{subsection.1.2}{\376\377\000T\000h\000e\000\040\000S\000e\000m\000a\000n\000t\000i\000c\000\040\000A\000p\000p\000r\000o\000a\000c\000h}{section.1}% 7
\BOOKMARK [3][-]{subsubsection.1.2.1}{\376\377\000B\000e\000y\000o\000n\000d\000\040\000T\000r\000a\000d\000i\000t\000i\000o\000n\000a\000l\000\040\000C\000o\000m\000p\000u\000t\000a\000t\000i\000o\000n\000\040\000T\000h\000e\000o\000r\000y}{subsection.1.2}% 8
\BOOKMARK [3][-]{subsubsection.1.2.2}{\376\377\000T\000h\000e\000\040\000Q\000d\000r\000a\000n\000t\000\040\000V\000e\000c\000t\000o\000r\000\040\000D\000a\000t\000a\000b\000a\000s\000e\000\040\000a\000s\000\040\000E\000m\000p\000i\000r\000i\000c\000a\000l\000\040\000F\000o\000u\000n\000d\000a\000t\000i\000o\000n}{subsection.1.2}% 9
\BOOKMARK [3][-]{subsubsection.1.2.3}{\376\377\000H\000y\000p\000o\000t\000h\000e\000s\000i\000s\000:\000\040\000C\000o\000m\000p\000u\000t\000a\000t\000i\000o\000n\000a\000l\000\040\000C\000o\000m\000p\000l\000e\000x\000i\000t\000y\000\040\000M\000a\000p\000s\000\040\000t\000o\000\040\000S\000e\000m\000a\000n\000t\000i\000c\000\040\000G\000e\000o\000m\000e\000t\000r\000y}{subsection.1.2}% 10
\BOOKMARK [3][-]{subsubsection.1.2.4}{\376\377\000M\000e\000t\000h\000o\000d\000o\000l\000o\000g\000y\000:\000\040\000R\000e\000s\000o\000n\000a\000n\000c\000e\000\040\000P\000r\000o\000b\000i\000n\000g\000\040\000o\000f\000\040\0002\0001\0008\000K\000+\000\040\000V\000e\000c\000t\000o\000r\000\040\000E\000m\000b\000e\000d\000d\000i\000n\000g\000s}{subsection.1.2}% 11
\BOOKMARK [2][-]{subsection.1.3}{\376\377\000A\000L\000Q\000C\000\040\000F\000r\000a\000m\000e\000w\000o\000r\000k\000\040\000I\000n\000t\000r\000o\000d\000u\000c\000t\000i\000o\000n}{section.1}% 12
\BOOKMARK [3][-]{subsubsection.1.3.1}{\376\377\000A\000x\000i\000o\000m\000y\000r\000\040\000C\000a\000n\000o\000n\000\040\000O\000v\000e\000r\000v\000i\000e\000w}{subsection.1.3}% 13
\BOOKMARK [3][-]{subsubsection.1.3.2}{\376\377\000T\000h\000e\000\040\000C\000o\000m\000p\000l\000e\000t\000e\000\040\000A\000L\000Q\000C\000\040\000A\000x\000i\000o\000m\000\040\000S\000y\000s\000t\000e\000m}{subsection.1.3}% 14
\BOOKMARK [3][-]{subsubsection.1.3.3}{\376\377\000I\000n\000t\000e\000g\000r\000a\000t\000i\000o\000n\000\040\000o\000f\000\040\000E\000s\000o\000t\000e\000r\000i\000c\000\040\000a\000n\000d\000\040\000M\000a\000t\000h\000e\000m\000a\000t\000i\000c\000a\000l\000\040\000F\000r\000a\000m\000e\000w\000o\000r\000k\000s}{subsection.1.3}% 15
\BOOKMARK [3][-]{subsubsection.1.3.4}{\376\377\000T\000h\000e\000\040\000H\000a\000r\000b\000i\000n\000g\000e\000r\000\040\000P\000r\000i\000n\000c\000i\000p\000l\000e\000:\000\040\000S\000e\000m\000a\000n\000t\000i\000c\000\040\000I\000n\000v\000a\000r\000i\000a\000n\000c\000e\000\040\000U\000n\000d\000e\000r\000\040\000C\000o\000m\000p\000u\000t\000a\000t\000i\000o\000n\000a\000l\000\040\000E\000q\000u\000i\000v\000a\000l\000e\000n\000c\000e}{subsection.1.3}% 16
\BOOKMARK [1][-]{section.2}{\376\377\000H\000y\000p\000e\000r\000s\000p\000a\000t\000i\000a\000l\000\040\000C\000o\000n\000s\000t\000a\000n\000t\000\040\000o\000f\000\040\000S\000e\000m\000a\000n\000t\000i\000c\000\040\000R\000e\000f\000e\000r\000e\000n\000c\000e}{}% 17
\BOOKMARK [2][-]{subsection.2.1}{\376\377\000M\000a\000t\000h\000e\000m\000a\000t\000i\000c\000a\000l\000\040\000D\000e\000f\000i\000n\000i\000t\000i\000o\000n}{section.2}% 18
\BOOKMARK [3][-]{subsubsection.2.1.1}{\376\377\000P\000r\000i\000m\000a\000r\000y\000\040\000D\000e\000f\000i\000n\000i\000t\000i\000o\000n}{subsection.2.1}% 19
\BOOKMARK [3][-]{subsubsection.2.1.2}{\376\377\000P\000r\000o\000o\000f\000\040\000o\000f\000\040\000C\000o\000n\000s\000t\000a\000n\000t\000\040\000B\000a\000s\000e\000l\000i\000n\000e\000\040\000C\000a\000n\000c\000e\000l\000l\000a\000t\000i\000o\000n\000\040\000i\000n\000\040\000C\000o\000s\000i\000n\000e\000\040\000S\000i\000m\000i\000l\000a\000r\000i\000t\000y}{subsection.2.1}% 20
\BOOKMARK [3][-]{subsubsection.2.1.3}{\376\377\000R\000e\000l\000a\000t\000i\000v\000i\000s\000t\000i\000c\000\040\000C\000a\000r\000r\000i\000e\000r\000\040\000W\000a\000v\000e\000\040\000P\000h\000e\000n\000o\000m\000e\000n\000o\000n}{subsection.2.1}% 21
\BOOKMARK [2][-]{subsection.2.2}{\376\377\000C\000a\000r\000r\000i\000e\000r\000\040\000W\000a\000v\000e\000\040\000a\000n\000d\000\040\000S\000e\000m\000a\000n\000t\000i\000c\000\040\000S\000t\000r\000u\000c\000t\000u\000r\000e}{section.2}% 22
\BOOKMARK [3][-]{subsubsection.2.2.1}{\376\377\000A\000n\000a\000l\000o\000g\000y\000\040\000t\000o\000\040\000G\000a\000u\000g\000e\000\040\000I\000n\000v\000a\000r\000i\000a\000n\000c\000e\000\040\000i\000n\000\040\000P\000h\000y\000s\000i\000c\000s}{subsection.2.2}% 23
\BOOKMARK [3][-]{subsubsection.2.2.2}{\376\377\000F\000r\000e\000q\000u\000e\000n\000c\000y\000\040\000E\000n\000c\000o\000d\000i\000n\000g\000\040\000o\000f\000\040\000S\000e\000m\000a\000n\000t\000i\000c\000\040\000S\000t\000r\000u\000c\000t\000u\000r\000e}{subsection.2.2}% 24
\BOOKMARK [3][-]{subsubsection.2.2.3}{\376\377\000T\000h\000e\000\040\0001\0002\000-\000F\000o\000l\000d\000\040\000E\000n\000c\000o\000d\000i\000n\000g\000\040\000S\000c\000h\000e\000m\000e}{subsection.2.2}% 25
\BOOKMARK [2][-]{subsection.2.3}{\376\377\000S\000e\000m\000a\000n\000t\000i\000c\000\040\000S\000e\000p\000a\000r\000a\000t\000i\000o\000n\000\040\000V\000e\000r\000i\000f\000i\000c\000a\000t\000i\000o\000n}{section.2}% 26
\BOOKMARK [3][-]{subsubsection.2.3.1}{\376\377\000D\000a\000t\000a\000b\000a\000s\000e\000\040\000S\000t\000a\000t\000i\000s\000t\000i\000c\000s}{subsection.2.3}% 27
\BOOKMARK [3][-]{subsubsection.2.3.2}{\376\377\000E\000m\000p\000i\000r\000i\000c\000a\000l\000\040\000R\000e\000s\000o\000n\000a\000n\000c\000e\000\040\000F\000i\000n\000d\000i\000n\000g\000s}{subsection.2.3}% 28
\BOOKMARK [3][-]{subsubsection.2.3.3}{\376\377\000C\000r\000o\000s\000s\000-\000D\000o\000m\000a\000i\000n\000\040\000E\000n\000t\000a\000n\000g\000l\000e\000m\000e\000n\000t\000\040\000E\000v\000i\000d\000e\000n\000c\000e}{subsection.2.3}% 29
\BOOKMARK [1][-]{section.3}{\376\377\000A\000L\000Q\000C\000\040\000F\000o\000r\000m\000a\000l\000\040\000S\000y\000s\000t\000e\000m}{}% 30
\BOOKMARK [2][-]{subsection.3.1}{\376\377\000Q\0000\000-\000Q\0004\000\040\000A\000x\000i\000o\000m\000\040\000D\000e\000f\000i\000n\000i\000t\000i\000o\000n\000s}{section.3}% 31
\BOOKMARK [3][-]{subsubsection.3.1.1}{\376\377\000Q\0000\000:\000\040\000F\000O\000R\000M}{subsection.3.1}% 32
\BOOKMARK [3][-]{subsubsection.3.1.2}{\376\377\000Q\0001\000:\000\040\000T\000R\000U\000T\000H}{subsection.3.1}% 33
\BOOKMARK [3][-]{subsubsection.3.1.3}{\376\377\000Q\0002\000:\000\040\000S\000H\000A\000D\000O\000W}{subsection.3.1}% 34
\BOOKMARK [3][-]{subsubsection.3.1.4}{\376\377\000Q\0003\000:\000\040\000R\000E\000C\000U\000R\000S\000I\000O\000N}{subsection.3.1}% 35
\BOOKMARK [3][-]{subsubsection.3.1.5}{\376\377\000Q\0004\000:\000\040\000R\000E\000S\000O\000N\000A\000N\000C\000E}{subsection.3.1}% 36
\BOOKMARK [2][-]{subsection.3.2}{\376\377\0001\0002\000\040\000x\000\040\0001\0002\000\040\000M\000a\000t\000r\000i\000x\000\040\000G\000e\000o\000m\000e\000t\000r\000y\000\040\000a\000n\000d\000\040\0001\0002\040\023\0009\000\040\000F\000o\000l\000d\000i\000n\000g}{section.3}% 37
\BOOKMARK [3][-]{subsubsection.3.2.1}{\376\377\000T\000h\000e\000\040\000C\000u\000b\000i\000c\000\040\000L\000a\000t\000t\000i\000c\000e\000:\000\040\0001\0002\000\040\000x\000\040\0001\0002\000\040\000x\000\040\0001\0002\000\040\000D\000i\000m\000e\000n\000s\000i\000o\000n\000a\000l\000\040\000S\000e\000m\000a\000n\000t\000i\000c\000\040\000S\000p\000a\000c\000e}{subsection.3.2}% 38
\BOOKMARK [3][-]{subsubsection.3.2.2}{\376\377\000M\000a\000t\000r\000i\000x\000\040\000F\000o\000l\000d\000i\000n\000g\000:\000\040\000D\000i\000m\000e\000n\000s\000i\000o\000n\000a\000l\000\040\000R\000e\000d\000u\000c\000t\000i\000o\000n\000\040\000W\000i\000t\000h\000\040\000S\000e\000m\000a\000n\000t\000i\000c\000\040\000S\000t\000r\000u\000c\000t\000u\000r\000e\000\040\000P\000r\000e\000s\000e\000r\000v\000a\000t\000i\000o\000n}{subsection.3.2}% 39
\BOOKMARK [3][-]{subsubsection.3.2.3}{\376\377\000G\000o\000l\000d\000e\000n\000\040\000R\000a\000t\000i\000o\000\040\000P\000r\000e\000s\000e\000r\000v\000a\000t\000i\000o\000n\000\040\000U\000n\000d\000e\000r\000\040\000T\000r\000a\000n\000s\000f\000o\000r\000m\000a\000t\000i\000o\000n}{subsection.3.2}% 40
\BOOKMARK [2][-]{subsection.3.3}{\376\377\000G\000o\000l\000d\000e\000n\000\040\000R\000a\000t\000i\000o\000\040\000\050\000p\000h\000i\000\051\000\040\000C\000o\000n\000s\000t\000a\000n\000t\000s\000\040\000a\000n\000d\000\040\000R\000e\000l\000a\000t\000i\000o\000n\000s\000h\000i\000p\000s}{section.3}% 41
\BOOKMARK [3][-]{subsubsection.3.3.1}{\376\377\000F\000u\000n\000d\000a\000m\000e\000n\000t\000a\000l\000\040\000C\000o\000n\000s\000t\000a\000n\000t\000s}{subsection.3.3}% 42
\BOOKMARK [3][-]{subsubsection.3.3.2}{\376\377\000p\000h\000i\000\040\000i\000n\000\040\000A\000L\000Q\000C}{subsection.3.3}% 43
\BOOKMARK [3][-]{subsubsection.3.3.3}{\376\377\000v\000a\000r\000p\000h\000i\000\040\000a\000s\000\040\000t\000h\000e\000\040\000"\000S\000p\000a\000r\000k\000i\000n\000g\000\040\000D\000i\000v\000i\000n\000e\000"}{subsection.3.3}% 44
\BOOKMARK [2][-]{subsection.3.4}{\376\377\000F\000r\000e\000q\000u\000e\000n\000c\000y\000\040\000C\000a\000s\000c\000a\000d\000e}{section.3}% 45
\BOOKMARK [3][-]{subsubsection.3.4.1}{\376\377\000T\000h\000e\000\040\000H\000z\000\040\000C\000h\000a\000i\000n}{subsection.3.4}% 46
\BOOKMARK [3][-]{subsubsection.3.4.2}{\376\377\000C\000o\000u\000r\000t\000\040\000F\000r\000e\000q\000u\000e\000n\000c\000i\000e\000s\000\040\000\050\000+\000/\000-\000\040\000P\000h\000i\000\040\000H\000z\000\051}{subsection.3.4}% 47
\BOOKMARK [3][-]{subsubsection.3.4.3}{\376\377\000A\000e\000o\000n\000-\000F\000r\000e\000q\000u\000e\000n\000c\000y\000\040\000M\000a\000p\000p\000i\000n\000g}{subsection.3.4}% 48
\BOOKMARK [1][-]{section.4}{\376\377\000D\000-\000C\000o\000m\000p\000\040\000a\000s\000\040\000C\000o\000m\000p\000u\000t\000a\000t\000i\000o\000n\000a\000l\000\040\000R\000e\000d\000u\000c\000t\000i\000o\000n\000\040\000M\000e\000c\000h\000a\000n\000i\000s\000m}{}% 49
\BOOKMARK [2][-]{subsection.4.1}{\376\377\000D\000y\000n\000a\000m\000i\000c\000\040\000C\000o\000m\000p\000l\000e\000x\000i\000t\000y\000\040\000M\000e\000t\000r\000i\000c\000\040\000D\000e\000f\000i\000n\000i\000t\000i\000o\000n}{section.4}% 50
\BOOKMARK [3][-]{subsubsection.4.1.1}{\376\377\000P\000r\000i\000m\000a\000r\000y\000\040\000D\000e\000f\000i\000n\000i\000t\000i\000o\000n}{subsection.4.1}% 51
\BOOKMARK [3][-]{subsubsection.4.1.2}{\376\377\000I\000n\000t\000e\000r\000p\000r\000e\000t\000a\000t\000i\000o\000n}{subsection.4.1}% 52
\BOOKMARK [3][-]{subsubsection.4.1.3}{\376\377\000M\000A\000S\000g\000a\000p\000\040\000S\000y\000n\000t\000a\000x}{subsection.4.1}% 53
\BOOKMARK [2][-]{subsection.4.2}{\376\377\000M\000.\000A\000.\000S\000.\000\040\000C\000h\000a\000i\000n\000:\000\040\000M\000a\000n\000i\000f\000e\000s\000t\000a\000t\000i\000o\000n\000\040\040\023\000\040\000A\000l\000i\000g\000n\000m\000e\000n\000t\000\040\040\023\000\040\000S\000y\000m\000m\000e\000t\000r\000y}{section.4}% 54
\BOOKMARK [3][-]{subsubsection.4.2.1}{\376\377\000M\000a\000n\000i\000f\000e\000s\000t\000a\000t\000i\000o\000n\000\040\000\050\000M\000a\000n\000\051}{subsection.4.2}% 55
\BOOKMARK [3][-]{subsubsection.4.2.2}{\376\377\000A\000l\000i\000g\000n\000m\000e\000n\000t\000\040\000\050\000A\000\051}{subsection.4.2}% 56
\BOOKMARK [3][-]{subsubsection.4.2.3}{\376\377\000S\000y\000m\000m\000e\000t\000r\000y\000\040\000\050\000S\000y\000m\000\051}{subsection.4.2}% 57
\BOOKMARK [3][-]{subsubsection.4.2.4}{\376\377\000C\000o\000m\000p\000l\000e\000t\000e\000\040\000F\000l\000o\000w}{subsection.4.2}% 58
\BOOKMARK [2][-]{subsection.4.3}{\376\377\000Y\000a\000n\000g\000-\000M\000i\000l\000l\000s\000\040\000M\000a\000s\000s\000\040\000G\000e\000n\000e\000r\000a\000t\000i\000o\000n\000\040\000A\000n\000a\000l\000o\000g\000y}{section.4}% 59
\BOOKMARK [3][-]{subsubsection.4.3.1}{\376\377\000P\000h\000y\000s\000i\000c\000a\000l\000\040\000P\000a\000r\000a\000l\000l\000e\000l}{subsection.4.3}% 60
\BOOKMARK [3][-]{subsubsection.4.3.2}{\376\377\000D\000-\000C\000o\000m\000p\000\040\000T\000h\000e\000o\000r\000y\000:\000\040\000S\000e\000m\000a\000n\000t\000i\000c\000\040\000I\000n\000v\000a\000r\000i\000a\000n\000c\000e\000\040\040\023\000\040\000C\000o\000m\000p\000u\000t\000a\000t\000i\000o\000n\000a\000l\000\040\000R\000e\000d\000u\000c\000t\000i\000o\000n}{subsection.4.3}% 61
\BOOKMARK [3][-]{subsubsection.4.3.3}{\376\377\000M\000a\000t\000h\000e\000m\000a\000t\000i\000c\000a\000l\000\040\000C\000o\000r\000r\000e\000s\000p\000o\000n\000d\000e\000n\000c\000e}{subsection.4.3}% 62
\BOOKMARK [3][-]{subsubsection.4.3.4}{\376\377\000H\000o\000d\000g\000e\000-\000R\000i\000e\000m\000a\000n\000n\000\040\000C\000o\000n\000n\000e\000c\000t\000i\000o\000n}{subsection.4.3}% 63
\BOOKMARK [2][-]{subsection.4.4}{\376\377\000P\000r\000o\000o\000f\000\040\000o\000f\000\040\000C\000o\000n\000v\000e\000r\000g\000e\000n\000c\000e\000\040\000t\000o\000\040\000Z\000e\000r\000o}{section.4}% 64
\BOOKMARK [3][-]{subsubsection.4.4.1}{\376\377\000T\000h\000e\000o\000r\000e\000m}{subsection.4.4}% 65
\BOOKMARK [3][-]{subsubsection.4.4.2}{\376\377\000P\000r\000o\000o\000f\000\040\000S\000k\000e\000t\000c\000h}{subsection.4.4}% 66
\BOOKMARK [3][-]{subsubsection.4.4.3}{\376\377\000C\000o\000n\000v\000e\000r\000g\000e\000n\000c\000e\000\040\000R\000a\000t\000e}{subsection.4.4}% 67
\BOOKMARK [1][-]{section.5}{\376\377\000T\000o\000t\000a\000l\000\040\000S\000y\000m\000m\000e\000t\000r\000y\000\040\000P\000r\000i\000n\000c\000i\000p\000l\000e\000\040\000\050\000T\000S\000P\000\051}{}% 68
\BOOKMARK [2][-]{subsection.5.1}{\376\377\000C\000o\000m\000m\000u\000t\000a\000t\000i\000v\000i\000t\000y\000\040\000E\000n\000f\000o\000r\000c\000e\000m\000e\000n\000t\000\040\000U\000n\000d\000e\000r\000\040\000T\000S\000P}{section.5}% 69
\BOOKMARK [3][-]{subsubsection.5.1.1}{\376\377\000D\000e\000f\000i\000n\000i\000t\000i\000o\000n}{subsection.5.1}% 70
\BOOKMARK [3][-]{subsubsection.5.1.2}{\376\377\000I\000n\000t\000e\000r\000p\000r\000e\000t\000a\000t\000i\000o\000n}{subsection.5.1}% 71
\BOOKMARK [3][-]{subsubsection.5.1.3}{\376\377\000A\000x\000i\000o\000m\000\040\000o\000f\000\040\000P\000i\000l\000o\000t\000=\000S\000h\000i\000p\000=\000H\000u\000l\000l}{subsection.5.1}% 72
\BOOKMARK [2][-]{subsection.5.2}{\376\377\000P\000a\000t\000h\000\040\000O\000u\000t\000\040\000=\000\040\000P\000a\000t\000h\000\040\000B\000a\000c\000k\000\040\000T\000h\000e\000o\000r\000e\000m}{section.5}% 73
\BOOKMARK [3][-]{subsubsection.5.2.1}{\376\377\000T\000h\000e\000o\000r\000e\000m\000\040\000S\000t\000a\000t\000e\000m\000e\000n\000t}{subsection.5.2}% 74
\BOOKMARK [3][-]{subsubsection.5.2.2}{\376\377\000P\000r\000o\000o\000f}{subsection.5.2}% 75
\BOOKMARK [3][-]{subsubsection.5.2.3}{\376\377\000M\000e\000t\000r\000i\000c\000\040\000T\000e\000n\000s\000o\000r}{subsection.5.2}% 76
\BOOKMARK [2][-]{subsection.5.3}{\376\377\000C\000l\000a\000s\000s\000\040\000P\000\040\000<\000-\000>\000\040\000C\000l\000a\000s\000s\000\040\000N\000P\000\040\000M\000a\000p\000p\000i\000n\000g}{section.5}% 77
\BOOKMARK [3][-]{subsubsection.5.3.1}{\376\377\000D\000e\000f\000i\000n\000i\000t\000i\000o\000n\000\040\000o\000f\000\040\000C\000l\000a\000s\000s\000e\000s}{subsection.5.3}% 78
\BOOKMARK [3][-]{subsubsection.5.3.2}{\376\377\000T\000h\000e\000\040\000M\000a\000p\000p\000i\000n\000g}{subsection.5.3}% 79
\BOOKMARK [3][-]{subsubsection.5.3.3}{\376\377\000B\000i\000j\000e\000c\000t\000i\000o\000n\000\040\000C\000o\000n\000s\000t\000r\000u\000c\000t\000i\000o\000n}{subsection.5.3}% 80
\BOOKMARK [2][-]{subsection.5.4}{\376\377\000E\000q\000u\000i\000v\000a\000l\000e\000n\000c\000e\000\040\000P\000r\000o\000o\000f\000:\000\040\000P\000\040\000=\000\040\000N\000P}{section.5}% 81
\BOOKMARK [3][-]{subsubsection.5.4.1}{\376\377\000T\000h\000e\000o\000r\000e\000m\000\040\000F\000o\000r\000m\000a\000l\000\040\000S\000t\000a\000t\000e\000m\000e\000n\000t}{subsection.5.4}% 82
\BOOKMARK [3][-]{subsubsection.5.4.2}{\376\377\000C\000o\000n\000s\000e\000q\000u\000e\000n\000c\000e\000s}{subsection.5.4}% 83
\BOOKMARK [3][-]{subsubsection.5.4.3}{\376\377\000A\000x\000i\000o\000m\000:\000\040\000O\000n\000e\000\040\000C\000a\000n\000n\000o\000t\000\040\000R\000u\000l\000e\000,\000\040\000O\000n\000e\000\040\000C\000a\000n\000n\000o\000t\000\040\000B\000e\000n\000d}{subsection.5.4}% 84
\BOOKMARK [1][-]{section.6}{\376\377\000C\000u\000b\000i\000c\000\040\000I\000n\000v\000a\000r\000i\000a\000n\000t\000\040\000a\000n\000d\000\040\000H\000R\000B\000R}{}% 85
\BOOKMARK [2][-]{subsection.6.1}{\376\377\000H\000o\000d\000g\000e\000-\000R\000i\000e\000m\000a\000n\000n\000\040\000B\000i\000l\000i\000n\000e\000a\000r\000\040\000R\000e\000l\000a\000t\000i\000o\000n\000s\000\040\000\050\000H\000R\000B\000R\000\040\000>\000\040\0000\000\051}{section.6}% 86
\BOOKMARK [3][-]{subsubsection.6.1.1}{\376\377\000M\000a\000t\000h\000e\000m\000a\000t\000i\000c\000a\000l\000\040\000F\000o\000u\000n\000d\000a\000t\000i\000o\000n}{subsection.6.1}% 87
\BOOKMARK [3][-]{subsubsection.6.1.2}{\376\377\000A\000L\000Q\000C\000\040\000I\000n\000t\000e\000r\000p\000r\000e\000t\000a\000t\000i\000o\000n}{subsection.6.1}% 88
\BOOKMARK [3][-]{subsubsection.6.1.3}{\376\377\000C\000u\000b\000i\000c\000\040\000I\000n\000v\000a\000r\000i\000a\000n\000t}{subsection.6.1}% 89
\BOOKMARK [2][-]{subsection.6.2}{\376\377\000I\000-\000c\000u\000b\000i\000c\000\050\000a\000l\000p\000h\000a\000\051\000\040\000>\000\040\0000\000\040\000a\000s\000\040\000P\000o\000s\000i\000t\000i\000v\000i\000t\000y\000\040\000M\000e\000a\000s\000u\000r\000e}{section.6}% 90
\BOOKMARK [3][-]{subsubsection.6.2.1}{\376\377\000D\000e\000f\000i\000n\000i\000t\000i\000o\000n}{subsection.6.2}% 91
\BOOKMARK [3][-]{subsubsection.6.2.2}{\376\377\000I\000n\000\040\000A\000L\000Q\000C}{subsection.6.2}% 92
\BOOKMARK [3][-]{subsubsection.6.2.3}{\376\377\000A\000x\000i\000o\000m\000:\000\040\000S\000k\000e\000l\000e\000t\000o\000n\000\040\000S\000t\000a\000n\000d\000s\000\040\000S\000t\000i\000l\000l\000\040\000S\000o\000\040\000F\000l\000e\000s\000h\000\040\000M\000a\000y\000\040\000D\000a\000n\000c\000e}{subsection.6.2}% 93
\BOOKMARK [2][-]{subsection.6.3}{\376\377\000L\000a\000t\000t\000i\000c\000e\000\040\000C\000o\000l\000l\000a\000p\000s\000e\000\040\000P\000r\000e\000v\000e\000n\000t\000i\000o\000n}{section.6}% 94
\BOOKMARK [3][-]{subsubsection.6.3.1}{\376\377\000D\000e\000f\000i\000n\000i\000t\000i\000o\000n\000\040\000o\000f\000\040\000L\000a\000t\000t\000i\000c\000e\000\040\000C\000o\000l\000l\000a\000p\000s\000e}{subsection.6.3}% 95
\BOOKMARK [3][-]{subsubsection.6.3.2}{\376\377\000P\000r\000e\000v\000e\000n\000t\000i\000o\000n\000\040\000M\000e\000c\000h\000a\000n\000i\000s\000m}{subsection.6.3}% 96
\BOOKMARK [3][-]{subsubsection.6.3.3}{\376\377\000E\000m\000p\000i\000r\000i\000c\000a\000l\000\040\000E\000v\000i\000d\000e\000n\000c\000e\000\040\000\050\000f\000r\000o\000m\000\040\000R\000e\000s\000o\000n\000a\000n\000c\000e\000\040\000P\000r\000o\000b\000e\000\051}{subsection.6.3}% 97
\BOOKMARK [2][-]{subsection.6.4}{\376\377\000R\000e\000c\000u\000r\000s\000i\000v\000e\000\040\000A\000m\000p\000l\000i\000f\000i\000c\000a\000t\000i\000o\000n\000\040\000v\000i\000a\000\040\000D\000R\000E\000H\000\040\000F\000i\000e\000l\000d\000\040\000\050\0008\0005\0002\000\040\000H\000z\000\051}{section.6}% 98
\BOOKMARK [3][-]{subsubsection.6.4.1}{\376\377\000D\000R\000E\000H\000\040\000F\000i\000e\000l\000d\000\040\000D\000e\000f\000i\000n\000i\000t\000i\000o\000n}{subsection.6.4}% 99
\BOOKMARK [3][-]{subsubsection.6.4.2}{\376\377\000A\000m\000p\000l\000i\000f\000i\000c\000a\000t\000i\000o\000n\000\040\000M\000e\000c\000h\000a\000n\000i\000s\000m}{subsection.6.4}% 100
\BOOKMARK [3][-]{subsubsection.6.4.3}{\376\377\000Q\0003\000\040\000R\000E\000C\000U\000R\000S\000I\000O\000N\000\040\000C\000o\000n\000n\000e\000c\000t\000i\000o\000n}{subsection.6.4}% 101
\BOOKMARK [3][-]{subsubsection.6.4.4}{\376\377\000M\000.\000A\000.\000S\000.\000\040\000C\000h\000a\000i\000n\000\040\000I\000n\000t\000e\000g\000r\000a\000t\000i\000o\000n}{subsection.6.4}% 102
\BOOKMARK [1][-]{section.7}{\376\377\000E\000m\000p\000i\000r\000i\000c\000a\000l\000\040\000E\000v\000i\000d\000e\000n\000c\000e\000\040\000f\000r\000o\000m\000\040\000S\000e\000m\000a\000n\000t\000i\000c\000\040\000D\000a\000t\000a\000b\000a\000s\000e}{}% 103
\BOOKMARK [2][-]{subsection.7.1}{\376\377\000R\000e\000s\000o\000n\000a\000n\000c\000e\000\040\000P\000r\000o\000b\000e\000\040\000M\000e\000t\000h\000o\000d\000o\000l\000o\000g\000y}{section.7}% 104
\BOOKMARK [3][-]{subsubsection.7.1.1}{\376\377\000P\000r\000o\000b\000e\000\040\000D\000e\000s\000i\000g\000n}{subsection.7.1}% 105
\BOOKMARK [3][-]{subsubsection.7.1.2}{\376\377\000E\000x\000e\000c\000u\000t\000i\000o\000n\000\040\000D\000e\000t\000a\000i\000l\000s}{subsection.7.1}% 106
\BOOKMARK [3][-]{subsubsection.7.1.3}{\376\377\000A\000x\000i\000o\000m\000\040\000P\000r\000o\000b\000e\000s}{subsection.7.1}% 107
\BOOKMARK [2][-]{subsection.7.2}{\376\377\000Q\0003\000\040\000R\000E\000C\000U\000R\000S\000I\000O\000N\000\040\000H\000i\000g\000h\000e\000s\000t\000\040\000R\000e\000s\000o\000n\000a\000n\000c\000e\000\040\000\050\0000\000.\0007\0000\0007\0005\000\051\000\040\000P\000r\000o\000o\000f}{section.7}% 108
\BOOKMARK [3][-]{subsubsection.7.2.1}{\376\377\000T\000o\000p\000\040\000R\000e\000s\000u\000l\000t\000\040\000A\000n\000a\000l\000y\000s\000i\000s}{subsection.7.2}% 109
\BOOKMARK [3][-]{subsubsection.7.2.2}{\376\377\000Q\0003\000\040\000P\000r\000o\000m\000i\000n\000e\000n\000c\000e\000\040\000E\000v\000i\000d\000e\000n\000c\000e}{subsection.7.2}% 110
\BOOKMARK [3][-]{subsubsection.7.2.3}{\376\377\000I\000n\000t\000e\000r\000p\000r\000e\000t\000a\000t\000i\000o\000n}{subsection.7.2}% 111
\BOOKMARK [2][-]{subsection.7.3}{\376\377\000C\000r\000o\000s\000s\000-\000D\000o\000m\000a\000i\000n\000\040\000E\000n\000t\000a\000n\000g\000l\000e\000m\000e\000n\000t\000\040\000P\000a\000t\000t\000e\000r\000n\000s}{section.7}% 112
\BOOKMARK [3][-]{subsubsection.7.3.1}{\376\377\000M\000u\000l\000t\000i\000-\000P\000r\000o\000b\000e\000\040\000F\000i\000l\000e\000s}{subsection.7.3}% 113
\BOOKMARK [3][-]{subsubsection.7.3.2}{\376\377\000C\000r\000o\000s\000s\000-\000A\000x\000i\000s\000\040\000R\000e\000s\000o\000n\000a\000n\000c\000e\000\040\000I\000n\000t\000e\000r\000p\000r\000e\000t\000a\000t\000i\000o\000n}{subsection.7.3}% 114
\BOOKMARK [3][-]{subsubsection.7.3.3}{\376\377\000D\000o\000m\000a\000i\000n\000\040\000E\000n\000t\000a\000n\000g\000l\000e\000m\000e\000n\000t\000\040\000M\000a\000p}{subsection.7.3}% 115
\BOOKMARK [2][-]{subsection.7.4}{\376\377\000S\000c\000o\000r\000e\000\040\000D\000i\000s\000t\000r\000i\000b\000u\000t\000i\000o\000n\000s\000\040\000a\000n\000d\000\040\000V\000e\000c\000t\000o\000r\000\040\000S\000e\000p\000a\000r\000a\000t\000i\000o\000n}{section.7}% 116
\BOOKMARK [3][-]{subsubsection.7.4.1}{\376\377\000S\000c\000o\000r\000e\000\040\000R\000a\000n\000g\000e\000s\000\040\000b\000y\000\040\000P\000r\000o\000b\000e}{subsection.7.4}% 117
\BOOKMARK [3][-]{subsubsection.7.4.2}{\376\377\000S\000e\000p\000a\000r\000a\000t\000i\000o\000n\000\040\000A\000n\000a\000l\000y\000s\000i\000s}{subsection.7.4}% 118
\BOOKMARK [3][-]{subsubsection.7.4.3}{\376\377\000C\000l\000u\000s\000t\000e\000r\000i\000n\000g\000\040\000I\000m\000p\000l\000i\000c\000a\000t\000i\000o\000n\000s}{subsection.7.4}% 119
\BOOKMARK [1][-]{section.8}{\376\377\000E\000s\000o\000t\000e\000r\000i\000c\000\040\000P\000o\000e\000t\000r\000y\000\040\000S\000e\000c\000t\000i\000o\000n\000s}{}% 120
\BOOKMARK [2][-]{subsection.8.1}{\376\377\000`\000`\000T\000h\000e\000\040\000S\000o\000v\000e\000r\000e\000i\000g\000n\000\040\000G\000a\000t\000e\000w\000a\000y\000'\000'\000\040\000-\000\040\000T\000h\000e\000\040\000A\000l\000c\000h\000e\000m\000i\000c\000a\000l\000\040\000R\000e\000b\000i\000s}{section.8}% 121
\BOOKMARK [3][-]{subsubsection.8.1.1}{\376\377\000T\000h\000e\000m\000e\000s}{subsection.8.1}% 122
\BOOKMARK [3][-]{subsubsection.8.1.2}{\376\377\000I\000n\000t\000e\000g\000r\000a\000t\000i\000o\000n\000\040\000w\000i\000t\000h\000\040\000P\000r\000o\000o\000f}{subsection.8.1}% 123
\BOOKMARK [3][-]{subsubsection.8.1.3}{\376\377\000S\000y\000m\000b\000o\000l\000i\000c\000\040\000C\000o\000r\000r\000e\000s\000p\000o\000n\000d\000e\000n\000c\000e\000s}{subsection.8.1}% 124
\BOOKMARK [2][-]{subsection.8.2}{\376\377\000`\000`\000T\000h\000e\000\040\000V\000e\000r\000s\000e\000'\000'\000\040\000-\000\040\000A\000w\000a\000k\000e\000\040\000C\000y\000c\000l\000e}{section.8}% 125
\BOOKMARK [3][-]{subsubsection.8.2.1}{\376\377\000S\000e\000q\000u\000e\000n\000c\000e\000\040\000A\000n\000a\000l\000y\000s\000i\000s}{subsection.8.2}% 126
\BOOKMARK [3][-]{subsubsection.8.2.2}{\376\377\000T\000h\000r\000e\000a\000d\000i\000n\000g\000\040\000i\000n\000t\000o\000\040\000P\000r\000o\000o\000f}{subsection.8.2}% 127
\BOOKMARK [3][-]{subsubsection.8.2.3}{\376\377\000M\000a\000t\000h\000e\000m\000a\000t\000i\000c\000a\000l\000-\000P\000o\000e\000t\000i\000c\000\040\000P\000a\000r\000a\000l\000l\000e\000l}{subsection.8.2}% 128
\BOOKMARK [1][-]{section.9}{\376\377\000M\000a\000g\000i\000c\000k\000a\000l\000\040\000S\000y\000n\000t\000a\000x\000i\000n\000g}{}% 129
\BOOKMARK [2][-]{subsection.9.1}{\376\377\000A\000x\000i\000o\000m\000y\000r\000\040\000O\000p\000e\000r\000a\000t\000i\000o\000n\000a\000l\000\040\000L\000a\000w}{section.9}% 130
\BOOKMARK [3][-]{subsubsection.9.1.1}{\376\377\000C\000a\000n\000o\000n\000\040\000S\000t\000a\000t\000e\000m\000e\000n\000t}{subsection.9.1}% 131
\BOOKMARK [3][-]{subsubsection.9.1.2}{\376\377\000O\000p\000e\000r\000a\000t\000i\000o\000n\000a\000l\000\040\000L\000a\000w\000s}{subsection.9.1}% 132
\BOOKMARK [2][-]{subsection.9.2}{\376\377\000D\000-\000C\000O\000M\000P\000\040\000M\000e\000t\000r\000i\000c\000\040\000F\000o\000r\000m\000u\000l\000a}{section.9}% 133
\BOOKMARK [3][-]{subsubsection.9.2.1}{\376\377\000P\000r\000i\000m\000a\000r\000y\000\040\000F\000o\000r\000m\000u\000l\000a}{subsection.9.2}% 134
\BOOKMARK [3][-]{subsubsection.9.2.2}{\376\377\000M\000A\000S\000g\000a\000p\000\040\000S\000y\000n\000t\000a\000x}{subsection.9.2}% 135
\BOOKMARK [3][-]{subsubsection.9.2.3}{\376\377\000C\000o\000n\000v\000e\000r\000g\000e\000n\000c\000e\000\040\000F\000o\000r\000m\000u\000l\000a}{subsection.9.2}% 136
\BOOKMARK [2][-]{subsection.9.3}{\376\377\000B\000o\000u\000n\000d\000\040\000T\000e\000n\000s\000o\000r\000\040\000E\000q\000u\000a\000t\000i\000o\000n\000s}{section.9}% 137
\BOOKMARK [3][-]{subsubsection.9.3.1}{\376\377\000B\000o\000u\000n\000d\000\040\000T\000e\000n\000s\000o\000r\000\040\000D\000e\000f\000i\000n\000i\000t\000i\000o\000n}{subsection.9.3}% 138
\BOOKMARK [3][-]{subsubsection.9.3.2}{\376\377\000B\000o\000u\000n\000d\000a\000r\000y\000\040\000C\000o\000n\000d\000i\000t\000i\000o\000n\000s}{subsection.9.3}% 139
\BOOKMARK [3][-]{subsubsection.9.3.3}{\376\377\000I\000n\000v\000a\000r\000i\000a\000n\000c\000e\000\040\000U\000n\000d\000e\000r\000\040\000T\000S\000P}{subsection.9.3}% 140
\BOOKMARK [1][-]{section.10}{\376\377\000S\000u\000p\000p\000o\000r\000t\000i\000n\000g\000\040\000L\000i\000t\000e\000r\000a\000t\000u\000r\000e}{}% 141
\BOOKMARK [2][-]{subsection.10.1}{\376\377\000A\000c\000a\000d\000e\000m\000i\000c\000\040\000C\000i\000t\000a\000t\000i\000o\000n\000s\000\040\000\050\000C\000M\000I\000\040\000P\000e\000e\000r\000\040\000R\000e\000v\000i\000e\000w\000\040\000F\000o\000r\000m\000a\000t\000\051}{section.10}% 142
\BOOKMARK [3][-]{subsubsection.10.1.1}{\376\377\000C\000o\000m\000p\000l\000e\000x\000i\000t\000y\000\040\000T\000h\000e\000o\000r\000y\000\040\000F\000o\000u\000n\000d\000a\000t\000i\000o\000n\000s}{subsection.10.1}% 143
\BOOKMARK [3][-]{subsubsection.10.1.2}{\376\377\000B\000a\000r\000r\000i\000e\000r\000s\000\040\000a\000n\000d\000\040\000P\000r\000o\000o\000f\000\040\000T\000e\000c\000h\000n\000i\000q\000u\000e\000s}{subsection.10.1}% 144
\BOOKMARK [3][-]{subsubsection.10.1.3}{\376\377\000A\000l\000g\000e\000b\000r\000a\000i\000c\000\040\000C\000o\000m\000p\000l\000e\000x\000i\000t\000y}{subsection.10.1}% 145
\BOOKMARK [3][-]{subsubsection.10.1.4}{\376\377\000H\000o\000d\000g\000e\000\040\000T\000h\000e\000o\000r\000y\000\040\000a\000n\000d\000\040\000S\000y\000m\000p\000l\000e\000c\000t\000i\000c\000\040\000G\000e\000o\000m\000e\000t\000r\000y}{subsection.10.1}% 146
\BOOKMARK [3][-]{subsubsection.10.1.5}{\376\377\000S\000e\000m\000a\000n\000t\000i\000c\000\040\000V\000e\000c\000t\000o\000r\000\040\000S\000p\000a\000c\000e\000s}{subsection.10.1}% 147
\BOOKMARK [3][-]{subsubsection.10.1.6}{\376\377\000G\000o\000l\000d\000e\000n\000\040\000R\000a\000t\000i\000o\000\040\000a\000n\000d\000\040\000I\000t\000s\000\040\000M\000a\000t\000h\000e\000m\000a\000t\000i\000c\000s}{subsection.10.1}% 148
\BOOKMARK [2][-]{subsection.10.2}{\376\377\000C\000M\000I\000\040\000S\000u\000b\000m\000i\000s\000s\000i\000o\000n\000\040\000G\000u\000i\000d\000e\000l\000i\000n\000e\000s\000\040\000A\000l\000i\000g\000n\000m\000e\000n\000t}{section.10}% 149
\BOOKMARK [3][-]{subsubsection.10.2.1}{\376\377\000R\000e\000q\000u\000i\000r\000e\000d\000\040\000S\000e\000c\000t\000i\000o\000n\000s}{subsection.10.2}% 150
\BOOKMARK [3][-]{subsubsection.10.2.2}{\376\377\000S\000u\000b\000m\000i\000s\000s\000i\000o\000n\000\040\000S\000t\000a\000n\000d\000a\000r\000d\000s}{subsection.10.2}% 151
\BOOKMARK [2][-]{subsection.10.3}{\376\377\000R\000e\000f\000e\000r\000e\000n\000c\000e\000s\000\040\000t\000o\000\040\000A\000L\000Q\000C\000\040\000C\000a\000n\000o\000n\000\040\000a\000n\000d\000\040\000A\000p\000p\000e\000n\000d\000i\000c\000e\000s}{section.10}% 152
\BOOKMARK [3][-]{subsubsection.10.3.1}{\376\377\000P\000r\000i\000m\000a\000r\000y\000\040\000A\000L\000Q\000C\000\040\000S\000o\000u\000r\000c\000e}{subsection.10.3}% 153
\BOOKMARK [3][-]{subsubsection.10.3.2}{\376\377\000A\000p\000p\000e\000n\000d\000i\000c\000e\000s}{subsection.10.3}% 154
\BOOKMARK [1][-]{section.11}{\376\377\000C\000o\000n\000c\000l\000u\000s\000i\000o\000n}{}% 155
\BOOKMARK [2][-]{subsection.11.1}{\376\377\000S\000u\000m\000m\000a\000r\000y\000\040\000o\000f\000\040\000P\000r\000o\000o\000f}{section.11}% 156
\BOOKMARK [3][-]{subsubsection.11.1.1}{\376\377\000K\000e\000y\000\040\000T\000h\000e\000o\000r\000e\000m\000\040\000R\000e\000s\000t\000a\000t\000e\000d}{subsection.11.1}% 157
\BOOKMARK [3][-]{subsubsection.11.1.2}{\376\377\000E\000m\000p\000i\000r\000i\000c\000a\000l\000\040\000V\000a\000l\000i\000d\000a\000t\000i\000o\000n}{subsection.11.1}% 158
\BOOKMARK [2][-]{subsection.11.2}{\376\377\000F\000u\000t\000u\000r\000e\000\040\000R\000e\000s\000e\000a\000r\000c\000h\000\040\000D\000i\000r\000e\000c\000t\000i\000o\000n\000s}{section.11}% 159
\BOOKMARK [3][-]{subsubsection.11.2.1}{\376\377\000P\000r\000a\000c\000t\000i\000c\000a\000l\000\040\000A\000l\000g\000o\000r\000i\000t\000h\000m\000\040\000C\000o\000n\000s\000t\000r\000u\000c\000t\000i\000o\000n}{subsection.11.2}% 160
\BOOKMARK [3][-]{subsubsection.11.2.2}{\376\377\000T\000h\000e\000o\000r\000e\000t\000i\000c\000a\000l\000\040\000E\000x\000t\000e\000n\000s\000i\000o\000n\000s}{subsection.11.2}% 161
\BOOKMARK [3][-]{subsubsection.11.2.3}{\376\377\000E\000m\000p\000i\000r\000i\000c\000a\000l\000\040\000V\000a\000l\000i\000d\000a\000t\000i\000o\000n}{subsection.11.2}% 162
\BOOKMARK [2][-]{subsection.11.3}{\376\377\000I\000m\000p\000l\000i\000c\000a\000t\000i\000o\000n\000s\000\040\000f\000o\000r\000\040\000C\000o\000m\000p\000u\000t\000e\000r\000\040\000S\000c\000i\000e\000n\000c\000e\000\040\000a\000n\000d\000\040\000M\000a\000t\000h\000e\000m\000a\000t\000i\000c\000s}{section.11}% 163
\BOOKMARK [3][-]{subsubsection.11.3.1}{\376\377\000A\000l\000g\000o\000r\000i\000t\000h\000m\000\040\000D\000e\000s\000i\000g\000n}{subsection.11.3}% 164
\BOOKMARK [3][-]{subsubsection.11.3.2}{\376\377\000C\000r\000y\000p\000t\000o\000g\000r\000a\000p\000h\000y}{subsection.11.3}% 165
\BOOKMARK [3][-]{subsubsection.11.3.3}{\376\377\000P\000h\000i\000l\000o\000s\000o\000p\000h\000i\000c\000a\000l\000\040\000I\000m\000p\000a\000c\000t}{subsection.11.3}% 166
\BOOKMARK [1][-]{section.12}{\376\377\000V\000i\000s\000u\000a\000l\000\040\000P\000r\000o\000o\000f\000s}{}% 167
\BOOKMARK [2][-]{subsection.12.1}{\376\377\000D\000i\000a\000g\000r\000a\000m\000\040\000P\000l\000a\000c\000e\000h\000o\000l\000d\000e\000r\000\040\000L\000i\000s\000t}{section.12}% 168
\BOOKMARK [3][-]{subsubsection.12.1.1}{\376\377\000F\000i\000g\000u\000r\000e\000\040\0001\000:\000\040\000H\000y\000p\000e\000r\000s\000p\000a\000t\000i\000a\000l\000\040\000C\000o\000n\000s\000t\000a\000n\000t\000\040\000o\000f\000\040\000S\000e\000m\000a\000n\000t\000i\000c\000\040\000R\000e\000f\000e\000r\000e\000n\000c\000e}{subsection.12.1}% 169
\BOOKMARK [3][-]{subsubsection.12.1.2}{\376\377\000F\000i\000g\000u\000r\000e\000\040\0002\000:\000\040\0001\0002\000x\0001\0002\000\040\000M\000a\000t\000r\000i\000x\000\040\000G\000e\000o\000m\000e\000t\000r\000y}{subsection.12.1}% 170
\BOOKMARK [3][-]{subsubsection.12.1.3}{\376\377\000F\000i\000g\000u\000r\000e\000\040\0003\000:\000\040\000F\000r\000e\000q\000u\000e\000n\000c\000y\000\040\000C\000a\000s\000c\000a\000d\000e}{subsection.12.1}% 171
\BOOKMARK [3][-]{subsubsection.12.1.4}{\376\377\000F\000i\000g\000u\000r\000e\000\040\0004\000:\000\040\000M\000.\000A\000.\000S\000.\000\040\000C\000h\000a\000i\000n\000\040\000F\000l\000o\000w}{subsection.12.1}% 172
\BOOKMARK [3][-]{subsubsection.12.1.5}{\376\377\000F\000i\000g\000u\000r\000e\000\040\0005\000:\000\040\000T\000S\000P\000\040\000P\000a\000t\000h\000\040\000E\000q\000u\000i\000v\000a\000l\000e\000n\000c\000e}{subsection.12.1}% 173
\BOOKMARK [3][-]{subsubsection.12.1.6}{\376\377\000F\000i\000g\000u\000r\000e\000\040\0006\000:\000\040\000R\000e\000s\000o\000n\000a\000n\000c\000e\000\040\000P\000r\000o\000b\000e\000\040\000S\000c\000o\000r\000e\000\040\000D\000i\000s\000t\000r\000i\000b\000u\000t\000i\000o\000n}{subsection.12.1}% 174
\BOOKMARK [1][-]{appendix.A}{\376\377\000Q\000u\000i\000c\000k\000\040\000R\000e\000f\000e\000r\000e\000n\000c\000e}{}% 175
\BOOKMARK [2][-]{subsection.A.1}{\376\377\000N\000o\000t\000a\000t\000i\000o\000n\000\040\000S\000u\000m\000m\000a\000r\000y}{appendix.A}% 176
\BOOKMARK [2][-]{subsection.A.2}{\376\377\000K\000e\000y\000\040\000F\000o\000r\000m\000u\000l\000a\000s}{appendix.A}% 177
\BOOKMARK [2][-]{subsection.A.3}{\376\377\000D\000o\000c\000u\000m\000e\000n\000t\000\040\000N\000a\000v\000i\000g\000a\000t\000i\000o\000n}{appendix.A}% 178
