This is LuaHBTeX, Version 1.17.0 (TeX Live 2023/Debian)  (format=lualatex 2026.2.9)  9 FEB 2026 16:17
 restricted system commands enabled.
**Hyperspatial_Constant_of_Semantic_Reference
(./Hyperspatial_Constant_of_Semantic_Reference.tex
LaTeX2e <2023-11-01> patch level 1
L3 programming layer <2024-01-22>
Lua module: luaotfload 2023-08-31 3.26 Lua based OpenType font support
Lua module: lualibs 2023-07-13 2.76 ConTeXt Lua standard libraries.
Lua module: lualibs-extended 2023-07-13 2.76 ConTeXt Lua libraries -- extended c
ollection.
luaotfload | conf : Root cache directory is "/home/avgui/.texlive2023/texmf-var/
luatex-cache/generic/names".
luaotfload | init : Loading fontloader "fontloader-2023-08-19.lua" from kpse-res
olved path "/usr/share/texlive/texmf-dist/tex/luatex/luaotfload/fontloader-2023-
08-19.lua".
Lua-only attribute luaotfload@noligature = 1
luaotfload | init : Context OpenType loader version 3.133
Inserting `luaotfload.node_processor' in `pre_linebreak_filter'.
Inserting `luaotfload.node_processor' in `hpack_filter'.
Inserting `luaotfload.glyph_stream' in `glyph_stream_provider'.
Inserting `luaotfload.define_font' in `define_font'.
Lua-only attribute luaotfload_color_attribute = 2
luaotfload | conf : Root cache directory is "/home/avgui/.texlive2023/texmf-var/
luatex-cache/generic/names".
Inserting `luaotfload.harf.strip_prefix' in `find_opentype_file'.
Inserting `luaotfload.harf.strip_prefix' in `find_truetype_file'.
Removing  `luaotfload.glyph_stream' from `glyph_stream_provider'.
Inserting `luaotfload.harf.glyphstream' in `glyph_stream_provider'.
Inserting `luaotfload.harf.finalize_vlist' in `post_linebreak_filter'.
Inserting `luaotfload.harf.finalize_hlist' in `hpack_filter'.
Inserting `luaotfload.cleanup_files' in `wrapup_run'.
Inserting `luaotfload.harf.finalize_unicode' in `finish_pdffile'.
Inserting `luaotfload.glyphinfo' in `glyph_info'.
Lua-only attribute luaotfload.letterspace_done = 3
Inserting `luaotfload.aux.set_sscale_dimens' in `luaotfload.patch_font'.
Inserting `luaotfload.aux.set_font_index' in `luaotfload.patch_font'.
Inserting `luaotfload.aux.patch_cambria_domh' in `luaotfload.patch_font'.
Inserting `luaotfload.aux.fixup_fontdata' in `luaotfload.patch_font_unsafe'.
Inserting `luaotfload.aux.set_capheight' in `luaotfload.patch_font'.
Inserting `luaotfload.aux.set_xheight' in `luaotfload.patch_font'.
Inserting `luaotfload.rewrite_fontname' in `luaotfload.patch_font'.
Inserting `tracingstacklevels' in `input_level_string'. (/usr/share/texlive/tex
mf-dist/tex/latex/base/article.cls
Document Class: article 2023/05/17 v1.4n Standard LaTeX document class
(/usr/share/texlive/texmf-dist/tex/latex/base/size11.clo
File: size11.clo 2023/05/17 v1.4n Standard LaTeX file (size option)
luaotfload | db : Font names database loaded from /home/avgui/.texlive2023/texmf
-var/luatex-cache/generic/names/luaotfload-names.luc.gz)
\c@part=\count185
\c@section=\count186
\c@subsection=\count187
\c@subsubsection=\count188
\c@paragraph=\count189
\c@subparagraph=\count190
\c@figure=\count191
\c@table=\count192
\abovecaptionskip=\skip48
\belowcaptionskip=\skip49
\bibindent=\dimen139
)
(/usr/share/texlive/texmf-dist/tex/latex/geometry/geometry.sty
Package: geometry 2020/01/02 v5.9 Page Geometry

(/usr/share/texlive/texmf-dist/tex/latex/graphics/keyval.sty
Package: keyval 2022/05/29 v1.15 key=value parser (DPC)
\KV@toks@=\toks17
)
(/usr/share/texlive/texmf-dist/tex/generic/iftex/ifvtex.sty
Package: ifvtex 2019/10/25 v1.7 ifvtex legacy package. Use iftex instead.

(/usr/share/texlive/texmf-dist/tex/generic/iftex/iftex.sty
Package: iftex 2022/02/03 v1.0f TeX engine tests
))
\Gm@cnth=\count193
\Gm@cntv=\count194
\c@Gm@tempcnt=\count195
\Gm@bindingoffset=\dimen140
\Gm@wd@mp=\dimen141
\Gm@odd@mp=\dimen142
\Gm@even@mp=\dimen143
\Gm@layoutwidth=\dimen144
\Gm@layoutheight=\dimen145
\Gm@layouthoffset=\dimen146
\Gm@layoutvoffset=\dimen147
\Gm@dimlist=\toks18
)
(/usr/share/texlive/texmf-dist/tex/latex/amsmath/amsmath.sty
Package: amsmath 2023/05/13 v2.17o AMS math features
\@mathmargin=\skip50

For additional information on amsmath, use the `?' option.
(/usr/share/texlive/texmf-dist/tex/latex/amsmath/amstext.sty
Package: amstext 2021/08/26 v2.01 AMS text

(/usr/share/texlive/texmf-dist/tex/latex/amsmath/amsgen.sty
File: amsgen.sty 1999/11/30 v2.0 generic functions
\@emptytoks=\toks19
\ex@=\dimen148
))
(/usr/share/texlive/texmf-dist/tex/latex/amsmath/amsbsy.sty
Package: amsbsy 1999/11/29 v1.2d Bold Symbols
\pmbraise@=\dimen149
)
(/usr/share/texlive/texmf-dist/tex/latex/amsmath/amsopn.sty
Package: amsopn 2022/04/08 v2.04 operator names
)
\inf@bad=\count196
LaTeX Info: Redefining \frac on input line 236.
\uproot@=\count197
\leftroot@=\count198
LaTeX Info: Redefining \overline on input line 399.
LaTeX Info: Redefining \colon on input line 410.
\classnum@=\count199
\DOTSCASE@=\count266
LaTeX Info: Redefining \ldots on input line 496.
LaTeX Info: Redefining \dots on input line 499.
LaTeX Info: Redefining \cdots on input line 620.
\Mathstrutbox@=\box51
\strutbox@=\box52
LaTeX Info: Redefining \big on input line 722.
LaTeX Info: Redefining \Big on input line 723.
LaTeX Info: Redefining \bigg on input line 724.
LaTeX Info: Redefining \Bigg on input line 725.
\big@size=\dimen150
LaTeX Font Info:    Redeclaring font encoding OML on input line 743.
LaTeX Font Info:    Redeclaring font encoding OMS on input line 744.
\macc@depth=\count267
LaTeX Info: Redefining \bmod on input line 905.
LaTeX Info: Redefining \pmod on input line 910.
LaTeX Info: Redefining \smash on input line 940.
LaTeX Info: Redefining \relbar on input line 970.
LaTeX Info: Redefining \Relbar on input line 971.
\c@MaxMatrixCols=\count268
\dotsspace@=\muskip16
\c@parentequation=\count269
\dspbrk@lvl=\count270
\tag@help=\toks20
\row@=\count271
\column@=\count272
\maxfields@=\count273
\andhelp@=\toks21
\eqnshift@=\dimen151
\alignsep@=\dimen152
\tagshift@=\dimen153
\tagwidth@=\dimen154
\totwidth@=\dimen155
\lineht@=\dimen156
\@envbody=\toks22
\multlinegap=\skip51
\multlinetaggap=\skip52
\mathdisplay@stack=\toks23
LaTeX Info: Redefining \[ on input line 2953.
LaTeX Info: Redefining \] on input line 2954.
)
(/usr/share/texlive/texmf-dist/tex/latex/amscls/amsthm.sty
Package: amsthm 2020/05/29 v2.20.6
\thm@style=\toks24
\thm@bodyfont=\toks25
\thm@headfont=\toks26
\thm@notefont=\toks27
\thm@headpunct=\toks28
\thm@preskip=\skip53
\thm@postskip=\skip54
\thm@headsep=\skip55
\dth@everypar=\toks29
)
(/usr/share/texlive/texmf-dist/tex/latex/amsfonts/amssymb.sty
Package: amssymb 2013/01/14 v3.01 AMS font symbols

(/usr/share/texlive/texmf-dist/tex/latex/amsfonts/amsfonts.sty
Package: amsfonts 2013/01/14 v3.01 Basic AMSFonts support
\symAMSa=\mathgroup4
\symAMSb=\mathgroup5
LaTeX Font Info:    Redeclaring math symbol \hbar on input line 98.
LaTeX Font Info:    Overwriting math alphabet `\mathfrak' in version `bold'
(Font)                  U/euf/m/n --> U/euf/b/n on input line 106.
))
(/usr/share/texlive/texmf-dist/tex/latex/mathtools/mathtools.sty
Package: mathtools 2022/06/29 v1.29 mathematical typesetting tools

(/usr/share/texlive/texmf-dist/tex/latex/tools/calc.sty
Package: calc 2023/07/08 v4.3 Infix arithmetic (KKT,FJ)
\calc@Acount=\count274
\calc@Bcount=\count275
\calc@Adimen=\dimen157
\calc@Bdimen=\dimen158
\calc@Askip=\skip56
\calc@Bskip=\skip57
LaTeX Info: Redefining \setlength on input line 80.
LaTeX Info: Redefining \addtolength on input line 81.
\calc@Ccount=\count276
\calc@Cskip=\skip58
)
(/usr/share/texlive/texmf-dist/tex/latex/mathtools/mhsetup.sty
Package: mhsetup 2021/03/18 v1.4 programming setup (MH)
)
\g_MT_multlinerow_int=\count277
\l_MT_multwidth_dim=\dimen159
\origjot=\skip59
\l_MT_shortvdotswithinadjustabove_dim=\dimen160
\l_MT_shortvdotswithinadjustbelow_dim=\dimen161
\l_MT_above_intertext_sep=\dimen162
\l_MT_below_intertext_sep=\dimen163
\l_MT_above_shortintertext_sep=\dimen164
\l_MT_below_shortintertext_sep=\dimen165
\xmathstrut@box=\box53
\xmathstrut@dim=\dimen166
)
(/usr/share/texlive/texmf-dist/tex/latex/fancyhdr/fancyhdr.sty
Package: fancyhdr 2022/11/09 v4.1 Extensive control of page headers and footers

\f@nch@headwidth=\skip60
\f@nch@O@elh=\skip61
\f@nch@O@erh=\skip62
\f@nch@O@olh=\skip63
\f@nch@O@orh=\skip64
\f@nch@O@elf=\skip65
\f@nch@O@erf=\skip66
\f@nch@O@olf=\skip67
\f@nch@O@orf=\skip68
)
(/usr/share/texlive/texmf-dist/tex/generic/babel/babel.sty
Package: babel 2024/01/07 v24.1 The Babel package

(/usr/share/texlive/texmf-dist/tex/generic/babel/luababel.def
\bbl@readstream=\read2
\l@dumylang=\language2
Package babel Info: Non-standard hyphenation setup on input line 118.
\l@nohyphenation=\language3
\l@vietnamese=\language4
\l@hebrew=\language5
\l@german=\language6
\l@macedonian=\language7
\l@russian=\language8
\l@telugu=\language9
\l@portuguese=\language10
\l@slovenian=\language11
\l@croatian=\language12
\l@ancientgreek=\language13
\l@classiclatin=\language14
\l@occitan=\language15
\l@dutch=\language16
\l@lithuanian=\language17
\l@schoolfinnish=\language18
\l@ukrainian=\language19
\l@friulan=\language20
\l@latvian=\language21
\l@kurmanji=\language22
\l@monogreek=\language23
\l@basque=\language24
\l@polish=\language25
\l@liturgicallatin=\language26
\l@icelandic=\language27
\l@kannada=\language28
\l@swissgerman=\language29
\l@finnish=\language30
\l@nynorsk=\language31
\l@danish=\language32
\l@sanskrit=\language33
\l@italian=\language34
\l@catalan=\language35
\l@hindi=\language36
\l@panjabi=\language37
\l@gujarati=\language38
\l@ngerman-x-2023-03-06=\language39
\l@bengali=\language40
\l@irish=\language41
\l@esperanto=\language42
\l@assamese=\language43
\l@piedmontese=\language44
\l@belarusian=\language45
\l@churchslavonic=\language46
\l@latin=\language47
\l@afrikaans=\language48
\l@indonesian=\language49
\l@pinyin=\language50
\l@serbianc=\language51
\l@turkish=\language52
\l@hungarian=\language53
\l@estonian=\language54
\l@thai=\language55
\l@swedish=\language56
\l@armenian=\language57
\l@usenglishmax=\language58
\l@mongolian=\language59
\l@interlingua=\language60
\l@ukenglish=\language61
\l@farsi=\language62
\l@serbian=\language63
\l@romanian=\language64
\l@german-x-2023-03-06=\language65
\l@french=\language66
\l@welsh=\language67
\l@romansh=\language68
\l@turkmen=\language69
\l@arabic=\language70
\l@georgian=\language71
\l@mongolianlmc=\language72
\l@czech=\language73
\l@ethiopic=\language74
\l@oriya=\language75
\l@pali=\language76
\l@bulgarian=\language77
\l@tamil=\language78
\l@slovak=\language79
\l@coptic=\language80
\l@spanish=\language81
\l@ngerman=\language82
\l@ibycus=\language83
\l@greek=\language84
\l@uppersorbian=\language85
\l@marathi=\language86
\l@malayalam=\language87
\l@bokmal=\language88
\l@galician=\language89
\babelcatcodetablenum=\catcodetable14
\bbl@pattcodes=\catcodetable15
)
\babel@savecnt=\count278
\U@D=\dimen167
\l@unhyphenated=\language90

(/usr/share/texlive/texmf-dist/tex/generic/babel/luababel.def
\bbl@attr@locale=\attribute4
)
(/usr/share/texlive/texmf-dist/tex/generic/babel-english/english.ldf
Language: english 2017/06/06 v3.3r English support from the babel system
Package babel Info: Hyphen rules for 'canadian' set to \l@english
(babel)             (\language0). Reported on input line 102.
Package babel Info: Hyphen rules for 'australian' set to \l@ukenglish
(babel)             (\language61). Reported on input line 105.
Package babel Info: Hyphen rules for 'newzealand' set to \l@ukenglish
(babel)             (\language61). Reported on input line 108.
))
(/usr/share/texlive/texmf-dist/tex/generic/babel/locale/en/babel-english.tex
Package babel Info: Importing font and identification data for english
(babel)             from babel-en.ini. Reported on input line 11.
)
(/usr/share/texlive/texmf-dist/tex/latex/xcolor/xcolor.sty
Package: xcolor 2023/11/15 v3.01 LaTeX color extensions (UK)

(/usr/share/texlive/texmf-dist/tex/latex/graphics-cfg/color.cfg
File: color.cfg 2016/01/02 v1.6 sample color configuration
)
Package xcolor Info: Driver file: luatex.def on input line 274.

(/usr/share/texlive/texmf-dist/tex/latex/graphics-def/luatex.def
File: luatex.def 2022/09/22 v1.2d Graphics/color driver for luatex
)
(/usr/share/texlive/texmf-dist/tex/latex/graphics/mathcolor.ltx)
Package xcolor Info: Model `cmy' substituted by `cmy0' on input line 1350.
Package xcolor Info: Model `hsb' substituted by `rgb' on input line 1354.
Package xcolor Info: Model `RGB' extended on input line 1366.
Package xcolor Info: Model `HTML' substituted by `rgb' on input line 1368.
Package xcolor Info: Model `Hsb' substituted by `hsb' on input line 1369.
Package xcolor Info: Model `tHsb' substituted by `hsb' on input line 1370.
Package xcolor Info: Model `HSB' substituted by `hsb' on input line 1371.
Package xcolor Info: Model `Gray' substituted by `gray' on input line 1372.
Package xcolor Info: Model `wave' substituted by `hsb' on input line 1373.
)
(/usr/share/texlive/texmf-dist/tex/latex/booktabs/booktabs.sty
Package: booktabs 2020/01/12 v1.61803398 Publication quality tables
\heavyrulewidth=\dimen168
\lightrulewidth=\dimen169
\cmidrulewidth=\dimen170
\belowrulesep=\dimen171
\belowbottomsep=\dimen172
\aboverulesep=\dimen173
\abovetopsep=\dimen174
\cmidrulesep=\dimen175
\cmidrulekern=\dimen176
\defaultaddspace=\dimen177
\@cmidla=\count279
\@cmidlb=\count280
\@aboverulesep=\dimen178
\@belowrulesep=\dimen179
\@thisruleclass=\count281
\@lastruleclass=\count282
\@thisrulewidth=\dimen180
)
(/usr/share/texlive/texmf-dist/tex/latex/tools/longtable.sty
Package: longtable 2023-11-01 v4.19 Multi-page Table package (DPC)
\LTleft=\skip69
\LTright=\skip70
\LTpre=\skip71
\LTpost=\skip72
\LTchunksize=\count283
\LTcapwidth=\dimen181
\LT@head=\box54
\LT@firsthead=\box55
\LT@foot=\box56
\LT@lastfoot=\box57
\LT@gbox=\box58
\LT@cols=\count284
\LT@rows=\count285
\c@LT@tables=\count286
\c@LT@chunks=\count287
\LT@p@ftn=\toks30
)
(/usr/share/texlive/texmf-dist/tex/latex/graphics/graphicx.sty
Package: graphicx 2021/09/16 v1.2d Enhanced LaTeX Graphics (DPC,SPQR)

(/usr/share/texlive/texmf-dist/tex/latex/graphics/graphics.sty
Package: graphics 2022/03/10 v1.4e Standard LaTeX Graphics (DPC,SPQR)

(/usr/share/texlive/texmf-dist/tex/latex/graphics/trig.sty
Package: trig 2021/08/11 v1.11 sin cos tan (DPC)
)
(/usr/share/texlive/texmf-dist/tex/latex/graphics-cfg/graphics.cfg
File: graphics.cfg 2016/06/04 v1.11 sample graphics configuration
)
Package graphics Info: Driver file: luatex.def on input line 107.
)
\Gin@req@height=\dimen182
\Gin@req@width=\dimen183
)
(/usr/share/texlive/texmf-dist/tex/latex/hyperref/hyperref.sty
Package: hyperref 2024-01-20 v7.01h Hypertext links for LaTeX

(/usr/share/texlive/texmf-dist/tex/latex/kvsetkeys/kvsetkeys.sty
Package: kvsetkeys 2022-10-05 v1.19 Key value parser (HO)
)
(/usr/share/texlive/texmf-dist/tex/generic/kvdefinekeys/kvdefinekeys.sty
Package: kvdefinekeys 2019-12-19 v1.6 Define keys (HO)
)
(/usr/share/texlive/texmf-dist/tex/generic/pdfescape/pdfescape.sty
Package: pdfescape 2019/12/09 v1.15 Implements pdfTeX's escape features (HO)

(/usr/share/texlive/texmf-dist/tex/generic/ltxcmds/ltxcmds.sty
Package: ltxcmds 2023-12-04 v1.26 LaTeX kernel commands for general use (HO)
)
(/usr/share/texlive/texmf-dist/tex/generic/pdftexcmds/pdftexcmds.sty
Package: pdftexcmds 2020-06-27 v0.33 Utility functions of pdfTeX for LuaTeX (HO
)

(/usr/share/texlive/texmf-dist/tex/generic/infwarerr/infwarerr.sty
Package: infwarerr 2019/12/03 v1.5 Providing info/warning/error messages (HO)
)
Package pdftexcmds Info: \pdf@primitive is available.
Package pdftexcmds Info: \pdf@ifprimitive is available.
Package pdftexcmds Info: \pdfdraftmode found.
\pdftexcmds@toks=\toks31
))
(/usr/share/texlive/texmf-dist/tex/latex/hycolor/hycolor.sty
Package: hycolor 2020-01-27 v1.10 Color options for hyperref/bookmark (HO)
)
(/usr/share/texlive/texmf-dist/tex/latex/auxhook/auxhook.sty
Package: auxhook 2019-12-17 v1.6 Hooks for auxiliary files (HO)
)
(/usr/share/texlive/texmf-dist/tex/latex/hyperref/nameref.sty
Package: nameref 2023-11-26 v2.56 Cross-referencing by name of section

(/usr/share/texlive/texmf-dist/tex/latex/refcount/refcount.sty
Package: refcount 2019/12/15 v3.6 Data extraction from label references (HO)
)
(/usr/share/texlive/texmf-dist/tex/generic/gettitlestring/gettitlestring.sty
Package: gettitlestring 2019/12/15 v1.6 Cleanup title references (HO)

(/usr/share/texlive/texmf-dist/tex/latex/kvoptions/kvoptions.sty
Package: kvoptions 2022-06-15 v3.15 Key value format for package options (HO)
))
\c@section@level=\count288
)
(/usr/share/texlive/texmf-dist/tex/latex/etoolbox/etoolbox.sty
Package: etoolbox 2020/10/05 v2.5k e-TeX tools for LaTeX (JAW)
\etb@tempcnta=\count289
)
\@linkdim=\dimen184
\Hy@linkcounter=\count290
\Hy@pagecounter=\count291

(/usr/share/texlive/texmf-dist/tex/latex/hyperref/pd1enc.def
File: pd1enc.def 2024-01-20 v7.01h Hyperref: PDFDocEncoding definition (HO)
)
(/usr/share/texlive/texmf-dist/tex/generic/intcalc/intcalc.sty
Package: intcalc 2019/12/15 v1.3 Expandable calculations with integers (HO)
)
\Hy@SavedSpaceFactor=\count292

(/usr/share/texlive/texmf-dist/tex/latex/hyperref/puenc.def
File: puenc.def 2024-01-20 v7.01h Hyperref: PDF Unicode definition (HO)
)
Package hyperref Info: Hyper figures OFF on input line 4179.
Package hyperref Info: Link nesting OFF on input line 4184.
Package hyperref Info: Hyper index ON on input line 4187.
Package hyperref Info: Plain pages OFF on input line 4194.
Package hyperref Info: Backreferencing OFF on input line 4199.
Package hyperref Info: Implicit mode ON; LaTeX internals redefined.
Package hyperref Info: Bookmarks ON on input line 4446.
\c@Hy@tempcnt=\count293

(/usr/share/texlive/texmf-dist/tex/latex/url/url.sty
\Urlmuskip=\muskip17
Package: url 2013/09/16  ver 3.4  Verb mode for urls, etc.
)
LaTeX Info: Redefining \url on input line 4784.
\XeTeXLinkMargin=\dimen185

(/usr/share/texlive/texmf-dist/tex/generic/bitset/bitset.sty
Package: bitset 2019/12/09 v1.3 Handle bit-vector datatype (HO)

(/usr/share/texlive/texmf-dist/tex/generic/bigintcalc/bigintcalc.sty
Package: bigintcalc 2019/12/15 v1.5 Expandable calculations on big integers (HO
)
))
\Fld@menulength=\count294
\Field@Width=\dimen186
\Fld@charsize=\dimen187
Package hyperref Info: Hyper figures OFF on input line 6063.
Package hyperref Info: Link nesting OFF on input line 6068.
Package hyperref Info: Hyper index ON on input line 6071.
Package hyperref Info: backreferencing OFF on input line 6078.
Package hyperref Info: Link coloring OFF on input line 6083.
Package hyperref Info: Link coloring with OCG OFF on input line 6088.
Package hyperref Info: PDF/A mode OFF on input line 6093.

(/usr/share/texlive/texmf-dist/tex/latex/base/atbegshi-ltx.sty
Package: atbegshi-ltx 2021/01/10 v1.0c Emulation of the original atbegshi
package with kernel methods
)
\Hy@abspage=\count295
\c@Item=\count296
\c@Hfootnote=\count297
)
Package hyperref Info: Driver (autodetected): hluatex.

(/usr/share/texlive/texmf-dist/tex/latex/hyperref/hluatex.def
File: hluatex.def 2024-01-20 v7.01h Hyperref driver for luaTeX

(/usr/share/texlive/texmf-dist/tex/generic/stringenc/stringenc.sty
Package: stringenc 2019/11/29 v1.12 Convert strings between diff. encodings (HO
)
)
(/usr/share/texlive/texmf-dist/tex/latex/base/atveryend-ltx.sty
Package: atveryend-ltx 2020/08/19 v1.0a Emulation of the original atveryend pac
kage
with kernel methods
)
\Fld@listcount=\count298
\c@bookmark@seq@number=\count299

(/usr/share/texlive/texmf-dist/tex/latex/rerunfilecheck/rerunfilecheck.sty
Package: rerunfilecheck 2022-07-10 v1.10 Rerun checks for auxiliary files (HO)

(/usr/share/texlive/texmf-dist/tex/generic/uniquecounter/uniquecounter.sty
Package: uniquecounter 2019/12/15 v1.4 Provide unlimited unique counter (HO)
)
Package uniquecounter Info: New unique counter `rerunfilecheck' on input line 2
85.
)
\Hy@SectionHShift=\skip73
)
(/usr/share/texlive/texmf-dist/tex/latex/wasysym/wasysym.sty
Package: wasysym 2020/01/19 v2.4 Wasy-2 symbol support package
\symwasy=\mathgroup6
LaTeX Font Info:    Overwriting symbol font `wasy' in version `bold'
(Font)                  U/wasy/m/n --> U/wasy/b/n on input line 93.
)
Package hyperref Info: Option `colorlinks' set `true' on input line 19.

(/usr/share/texlive/texmf-dist/tex/latex/fontspec/fontspec.sty
(/usr/share/texlive/texmf-dist/tex/latex/l3packages/xparse/xparse.sty
(/usr/share/texlive/texmf-dist/tex/latex/l3kernel/expl3.sty
Package: expl3 2024-01-22 L3 programming layer (loader) 

(/usr/share/texlive/texmf-dist/tex/latex/l3backend/l3backend-luatex.def
File: l3backend-luatex.def 2024-01-04 L3 backend support: PDF output (LuaTeX)
\l__color_backend_stack_int=\count300
Inserting `l3color' in `luaotfload.parse_color'.
\l__pdf_internal_box=\box59
))
Package: xparse 2023-10-10 L3 Experimental document command parser
)
Package: fontspec 2022/01/15 v2.8a Font selection for XeLaTeX and LuaLaTeX
Lua module: fontspec 2022/01/15 2.8a Font selection for XeLaTeX and LuaLaTeX
(/usr/share/texlive/texmf-dist/tex/latex/fontspec/fontspec-luatex.sty
Package: fontspec-luatex 2022/01/15 v2.8a Font selection for XeLaTeX and LuaLaT
eX
\l__fontspec_script_int=\count301
\l__fontspec_language_int=\count302
\l__fontspec_strnum_int=\count303
\l__fontspec_tmp_int=\count304
\l__fontspec_tmpa_int=\count305
\l__fontspec_tmpb_int=\count306
\l__fontspec_tmpc_int=\count307
\l__fontspec_em_int=\count308
\l__fontspec_emdef_int=\count309
\l__fontspec_strong_int=\count310
\l__fontspec_strongdef_int=\count311
\l__fontspec_tmpa_dim=\dimen188
\l__fontspec_tmpb_dim=\dimen189
\l__fontspec_tmpc_dim=\dimen190

(/usr/share/texlive/texmf-dist/tex/latex/base/fontenc.sty
Package: fontenc 2021/04/29 v2.0v Standard LaTeX package
)
(/usr/share/texlive/texmf-dist/tex/latex/fontspec/fontspec.cfg)))
(/usr/share/texlive/texmf-dist/tex/latex/unicode-math/unicode-math.sty
Package: unicode-math 2023/08/13 v0.8r Unicode maths in XeLaTeX and LuaLaTeX

(/usr/share/texlive/texmf-dist/tex/latex/unicode-math/unicode-math-luatex.sty
Package: unicode-math-luatex 2023/08/13 v0.8r Unicode maths in XeLaTeX and LuaL
aTeX

(/usr/share/texlive/texmf-dist/tex/latex/l3packages/l3keys2e/l3keys2e.sty
Package: l3keys2e 2023-10-10 LaTeX2e option processing using LaTeX3 keys
)
(/usr/share/texlive/texmf-dist/tex/latex/base/fix-cm.sty
Package: fix-cm 2020/11/24 v1.1t fixes to LaTeX

(/usr/share/texlive/texmf-dist/tex/latex/base/ts1enc.def
File: ts1enc.def 2001/06/05 v3.0e (jk/car/fm) Standard LaTeX file
LaTeX Font Info:    Redeclaring font encoding TS1 on input line 47.
))
(/usr/share/texlive/texmf-dist/tex/lualatex/lualatex-math/lualatex-math.sty
Package: lualatex-math 2022/01/01 v1.12 Patches for mathematics typesetting wit
h LuaLaTeX
Lua module: lualatex-math 2013/08/03 1.3 Patches for mathematics typesetting wit
h LuaLaTeX)
\g__um_fam_int=\count312
\g__um_fonts_used_int=\count313
\l__um_primecount_int=\count314
\g__um_primekern_muskip=\muskip18

(/usr/share/texlive/texmf-dist/tex/latex/unicode-math/unicode-math-table.tex))) (/usr/share/texlive/texmf-dist/tex/latex/newunicodechar/newunicodechar.sty
Package: newunicodechar 2018/04/08 v1.2 Defining Unicode characters
)
(/usr/share/texlive/texmf-dist/tex/latex/tools/bm.sty
Package: bm 2023/07/08 v1.2f Bold Symbol Support (DPC/FMi)
\symboldoperators=\mathgroup7
\symboldletters=\mathgroup8
\symboldsymbols=\mathgroup9
Package bm Info: No bold for \OMX/cmex/m/n, using \pmb.
Package bm Info: No bold for \U/msa/m/n, using \pmb.
Package bm Info: No bold for \U/msb/m/n, using \pmb.
\symboldwasy=\mathgroup10
LaTeX Font Info:    Redeclaring math alphabet \mathbf on input line 149.
)
(/usr/share/texlive/texmf-dist/tex/latex/listings/listings.sty
\lst@mode=\count315
\lst@gtempboxa=\box60
\lst@token=\toks32
\lst@length=\count316
\lst@currlwidth=\dimen191
\lst@column=\count317
\lst@pos=\count318
\lst@lostspace=\dimen192
\lst@width=\dimen193
\lst@newlines=\count319
\lst@lineno=\count320
\lst@maxwidth=\dimen194

(/usr/share/texlive/texmf-dist/tex/latex/listings/lstmisc.sty
File: lstmisc.sty 2023/02/27 1.9 (Carsten Heinz)
\c@lstnumber=\count321
\lst@skipnumbers=\count322
\lst@framebox=\box61
)
(/usr/share/texlive/texmf-dist/tex/latex/listings/listings.cfg
File: listings.cfg 2023/02/27 1.9 listings configuration
))
Package: listings 2023/02/27 1.9 (Carsten Heinz)

(/usr/share/texlive/texmf-dist/tex/latex/pgf/frontendlayer/tikz.sty
(/usr/share/texlive/texmf-dist/tex/latex/pgf/basiclayer/pgf.sty
(/usr/share/texlive/texmf-dist/tex/latex/pgf/utilities/pgfrcs.sty
(/usr/share/texlive/texmf-dist/tex/generic/pgf/utilities/pgfutil-common.tex
\pgfutil@everybye=\toks33
\pgfutil@tempdima=\dimen195
\pgfutil@tempdimb=\dimen196
)
(/usr/share/texlive/texmf-dist/tex/generic/pgf/utilities/pgfutil-latex.def
\pgfutil@abb=\box62
)
(/usr/share/texlive/texmf-dist/tex/generic/pgf/utilities/pgfrcs.code.tex
(/usr/share/texlive/texmf-dist/tex/generic/pgf/pgf.revision.tex)
Package: pgfrcs 2023-01-15 v3.1.10 (3.1.10)
))
Package: pgf 2023-01-15 v3.1.10 (3.1.10)

(/usr/share/texlive/texmf-dist/tex/latex/pgf/basiclayer/pgfcore.sty
(/usr/share/texlive/texmf-dist/tex/latex/pgf/systemlayer/pgfsys.sty
(/usr/share/texlive/texmf-dist/tex/generic/pgf/systemlayer/pgfsys.code.tex
Package: pgfsys 2023-01-15 v3.1.10 (3.1.10)

(/usr/share/texlive/texmf-dist/tex/generic/pgf/utilities/pgfkeys.code.tex
\pgfkeys@pathtoks=\toks34
\pgfkeys@temptoks=\toks35

(/usr/share/texlive/texmf-dist/tex/generic/pgf/utilities/pgfkeyslibraryfiltered
.code.tex
\pgfkeys@tmptoks=\toks36
))
\pgf@x=\dimen197
\pgf@y=\dimen198
\pgf@xa=\dimen199
\pgf@ya=\dimen256
\pgf@xb=\dimen257
\pgf@yb=\dimen258
\pgf@xc=\dimen259
\pgf@yc=\dimen260
\pgf@xd=\dimen261
\pgf@yd=\dimen262
\w@pgf@writea=\write3
\r@pgf@reada=\read3
\c@pgf@counta=\count323
\c@pgf@countb=\count324
\c@pgf@countc=\count325
\c@pgf@countd=\count326
\t@pgf@toka=\toks37
\t@pgf@tokb=\toks38
\t@pgf@tokc=\toks39
\pgf@sys@id@count=\count327
 (/usr/share/texlive/texmf-dist/tex/generic/pgf/systemlayer/pgf.cfg
File: pgf.cfg 2023-01-15 v3.1.10 (3.1.10)
)
Driver file for pgf: pgfsys-luatex.def
(/usr/share/texlive/texmf-dist/tex/generic/pgf/systemlayer/pgfsys-luatex.def
File: pgfsys-luatex.def 2023-01-15 v3.1.10 (3.1.10)

(/usr/share/texlive/texmf-dist/tex/generic/pgf/systemlayer/pgfsys-common-pdf.de
f
File: pgfsys-common-pdf.def 2023-01-15 v3.1.10 (3.1.10)
)))
(/usr/share/texlive/texmf-dist/tex/generic/pgf/systemlayer/pgfsyssoftpath.code.
tex
File: pgfsyssoftpath.code.tex 2023-01-15 v3.1.10 (3.1.10)
\pgfsyssoftpath@smallbuffer@items=\count328
\pgfsyssoftpath@bigbuffer@items=\count329
)
(/usr/share/texlive/texmf-dist/tex/generic/pgf/systemlayer/pgfsysprotocol.code.
tex
File: pgfsysprotocol.code.tex 2023-01-15 v3.1.10 (3.1.10)
))
(/usr/share/texlive/texmf-dist/tex/generic/pgf/basiclayer/pgfcore.code.tex
Package: pgfcore 2023-01-15 v3.1.10 (3.1.10)

(/usr/share/texlive/texmf-dist/tex/generic/pgf/math/pgfmath.code.tex
(/usr/share/texlive/texmf-dist/tex/generic/pgf/math/pgfmathutil.code.tex)
(/usr/share/texlive/texmf-dist/tex/generic/pgf/math/pgfmathparser.code.tex
\pgfmath@dimen=\dimen263
\pgfmath@count=\count330
\pgfmath@box=\box63
\pgfmath@toks=\toks40
\pgfmath@stack@operand=\toks41
\pgfmath@stack@operation=\toks42
)
(/usr/share/texlive/texmf-dist/tex/generic/pgf/math/pgfmathfunctions.code.tex)
(/usr/share/texlive/texmf-dist/tex/generic/pgf/math/pgfmathfunctions.basic.code
.tex)
(/usr/share/texlive/texmf-dist/tex/generic/pgf/math/pgfmathfunctions.trigonomet
ric.code.tex)
(/usr/share/texlive/texmf-dist/tex/generic/pgf/math/pgfmathfunctions.random.cod
e.tex)
(/usr/share/texlive/texmf-dist/tex/generic/pgf/math/pgfmathfunctions.comparison
.code.tex)
(/usr/share/texlive/texmf-dist/tex/generic/pgf/math/pgfmathfunctions.base.code.
tex)
(/usr/share/texlive/texmf-dist/tex/generic/pgf/math/pgfmathfunctions.round.code
.tex)
(/usr/share/texlive/texmf-dist/tex/generic/pgf/math/pgfmathfunctions.misc.code.
tex)
(/usr/share/texlive/texmf-dist/tex/generic/pgf/math/pgfmathfunctions.integerari
thmetics.code.tex)
(/usr/share/texlive/texmf-dist/tex/generic/pgf/math/pgfmathcalc.code.tex)
(/usr/share/texlive/texmf-dist/tex/generic/pgf/math/pgfmathfloat.code.tex
\c@pgfmathroundto@lastzeros=\count331
))
(/usr/share/texlive/texmf-dist/tex/generic/pgf/math/pgfint.code.tex)
(/usr/share/texlive/texmf-dist/tex/generic/pgf/basiclayer/pgfcorepoints.code.te
x
File: pgfcorepoints.code.tex 2023-01-15 v3.1.10 (3.1.10)
\pgf@picminx=\dimen264
\pgf@picmaxx=\dimen265
\pgf@picminy=\dimen266
\pgf@picmaxy=\dimen267
\pgf@pathminx=\dimen268
\pgf@pathmaxx=\dimen269
\pgf@pathminy=\dimen270
\pgf@pathmaxy=\dimen271
\pgf@xx=\dimen272
\pgf@xy=\dimen273
\pgf@yx=\dimen274
\pgf@yy=\dimen275
\pgf@zx=\dimen276
\pgf@zy=\dimen277
)
(/usr/share/texlive/texmf-dist/tex/generic/pgf/basiclayer/pgfcorepathconstruct.
code.tex
File: pgfcorepathconstruct.code.tex 2023-01-15 v3.1.10 (3.1.10)
\pgf@path@lastx=\dimen278
\pgf@path@lasty=\dimen279
)
(/usr/share/texlive/texmf-dist/tex/generic/pgf/basiclayer/pgfcorepathusage.code
.tex
File: pgfcorepathusage.code.tex 2023-01-15 v3.1.10 (3.1.10)
\pgf@shorten@end@additional=\dimen280
\pgf@shorten@start@additional=\dimen281
)
(/usr/share/texlive/texmf-dist/tex/generic/pgf/basiclayer/pgfcorescopes.code.te
x
File: pgfcorescopes.code.tex 2023-01-15 v3.1.10 (3.1.10)
\pgfpic=\box64
\pgf@hbox=\box65
\pgf@layerbox@main=\box66
\pgf@picture@serial@count=\count332
)
(/usr/share/texlive/texmf-dist/tex/generic/pgf/basiclayer/pgfcoregraphicstate.c
ode.tex
File: pgfcoregraphicstate.code.tex 2023-01-15 v3.1.10 (3.1.10)
\pgflinewidth=\dimen282
)
(/usr/share/texlive/texmf-dist/tex/generic/pgf/basiclayer/pgfcoretransformation
s.code.tex
File: pgfcoretransformations.code.tex 2023-01-15 v3.1.10 (3.1.10)
\pgf@pt@x=\dimen283
\pgf@pt@y=\dimen284
\pgf@pt@temp=\dimen285
)
(/usr/share/texlive/texmf-dist/tex/generic/pgf/basiclayer/pgfcorequick.code.tex
File: pgfcorequick.code.tex 2023-01-15 v3.1.10 (3.1.10)
)
(/usr/share/texlive/texmf-dist/tex/generic/pgf/basiclayer/pgfcoreobjects.code.t
ex
File: pgfcoreobjects.code.tex 2023-01-15 v3.1.10 (3.1.10)
)
(/usr/share/texlive/texmf-dist/tex/generic/pgf/basiclayer/pgfcorepathprocessing
.code.tex
File: pgfcorepathprocessing.code.tex 2023-01-15 v3.1.10 (3.1.10)
)
(/usr/share/texlive/texmf-dist/tex/generic/pgf/basiclayer/pgfcorearrows.code.te
x
File: pgfcorearrows.code.tex 2023-01-15 v3.1.10 (3.1.10)
\pgfarrowsep=\dimen286
)
(/usr/share/texlive/texmf-dist/tex/generic/pgf/basiclayer/pgfcoreshade.code.tex
File: pgfcoreshade.code.tex 2023-01-15 v3.1.10 (3.1.10)
\pgf@max=\dimen287
\pgf@sys@shading@range@num=\count333
\pgf@shadingcount=\count334
)
(/usr/share/texlive/texmf-dist/tex/generic/pgf/basiclayer/pgfcoreimage.code.tex
File: pgfcoreimage.code.tex 2023-01-15 v3.1.10 (3.1.10)
)
(/usr/share/texlive/texmf-dist/tex/generic/pgf/basiclayer/pgfcoreexternal.code.
tex
File: pgfcoreexternal.code.tex 2023-01-15 v3.1.10 (3.1.10)
\pgfexternal@startupbox=\box67
)
(/usr/share/texlive/texmf-dist/tex/generic/pgf/basiclayer/pgfcorelayers.code.te
x
File: pgfcorelayers.code.tex 2023-01-15 v3.1.10 (3.1.10)
)
(/usr/share/texlive/texmf-dist/tex/generic/pgf/basiclayer/pgfcoretransparency.c
ode.tex
File: pgfcoretransparency.code.tex 2023-01-15 v3.1.10 (3.1.10)
)
(/usr/share/texlive/texmf-dist/tex/generic/pgf/basiclayer/pgfcorepatterns.code.
tex
File: pgfcorepatterns.code.tex 2023-01-15 v3.1.10 (3.1.10)
)
(/usr/share/texlive/texmf-dist/tex/generic/pgf/basiclayer/pgfcorerdf.code.tex
File: pgfcorerdf.code.tex 2023-01-15 v3.1.10 (3.1.10)
)))
(/usr/share/texlive/texmf-dist/tex/generic/pgf/modules/pgfmoduleshapes.code.tex
File: pgfmoduleshapes.code.tex 2023-01-15 v3.1.10 (3.1.10)
\pgfnodeparttextbox=\box68
) (/usr/share/texlive/texmf-dist/tex/generic/pgf/modules/pgfmoduleplot.code.tex
File: pgfmoduleplot.code.tex 2023-01-15 v3.1.10 (3.1.10)
)
(/usr/share/texlive/texmf-dist/tex/latex/pgf/compatibility/pgfcomp-version-0-65
.sty
Package: pgfcomp-version-0-65 2023-01-15 v3.1.10 (3.1.10)
\pgf@nodesepstart=\dimen288
\pgf@nodesepend=\dimen289
)
(/usr/share/texlive/texmf-dist/tex/latex/pgf/compatibility/pgfcomp-version-1-18
.sty
Package: pgfcomp-version-1-18 2023-01-15 v3.1.10 (3.1.10)
)) (/usr/share/texlive/texmf-dist/tex/latex/pgf/utilities/pgffor.sty
(/usr/share/texlive/texmf-dist/tex/latex/pgf/utilities/pgfkeys.sty
(/usr/share/texlive/texmf-dist/tex/generic/pgf/utilities/pgfkeys.code.tex))
(/usr/share/texlive/texmf-dist/tex/latex/pgf/math/pgfmath.sty
(/usr/share/texlive/texmf-dist/tex/generic/pgf/math/pgfmath.code.tex))
(/usr/share/texlive/texmf-dist/tex/generic/pgf/utilities/pgffor.code.tex
Package: pgffor 2023-01-15 v3.1.10 (3.1.10)
\pgffor@iter=\dimen290
\pgffor@skip=\dimen291
\pgffor@stack=\toks43
\pgffor@toks=\toks44
))
(/usr/share/texlive/texmf-dist/tex/generic/pgf/frontendlayer/tikz/tikz.code.tex
Package: tikz 2023-01-15 v3.1.10 (3.1.10)

(/usr/share/texlive/texmf-dist/tex/generic/pgf/libraries/pgflibraryplothandlers
.code.tex
File: pgflibraryplothandlers.code.tex 2023-01-15 v3.1.10 (3.1.10)
\pgf@plot@mark@count=\count335
\pgfplotmarksize=\dimen292
)
\tikz@lastx=\dimen293
\tikz@lasty=\dimen294
\tikz@lastxsaved=\dimen295
\tikz@lastysaved=\dimen296
\tikz@lastmovetox=\dimen297
\tikz@lastmovetoy=\dimen298
\tikzleveldistance=\dimen299
\tikzsiblingdistance=\dimen300
\tikz@figbox=\box69
\tikz@figbox@bg=\box70
\tikz@tempbox=\box71
\tikz@tempbox@bg=\box72
\tikztreelevel=\count336
\tikznumberofchildren=\count337
\tikznumberofcurrentchild=\count338
\tikz@fig@count=\count339

(/usr/share/texlive/texmf-dist/tex/generic/pgf/modules/pgfmodulematrix.code.tex
File: pgfmodulematrix.code.tex 2023-01-15 v3.1.10 (3.1.10)
\pgfmatrixcurrentrow=\count340
\pgfmatrixcurrentcolumn=\count341
\pgf@matrix@numberofcolumns=\count342
)
\tikz@expandcount=\count343

(/usr/share/texlive/texmf-dist/tex/generic/pgf/frontendlayer/tikz/libraries/tik
zlibrarytopaths.code.tex
File: tikzlibrarytopaths.code.tex 2023-01-15 v3.1.10 (3.1.10)
)))
(/usr/share/texlive/texmf-dist/tex/latex/pgfplots/pgfplots.sty
(/usr/share/texlive/texmf-dist/tex/generic/pgfplots/pgfplots.revision.tex)
Package: pgfplots 2021/05/15 v1.18.1 Data Visualization (1.18.1)

(/usr/share/texlive/texmf-dist/tex/generic/pgfplots/pgfplots.code.tex
(/usr/share/texlive/texmf-dist/tex/generic/pgfplots/pgfplotscore.code.tex
Package pgfplots info on input line 124: Initializing with LUA version Lua 5.3
\pgfplots@luabackend@table=\catcodetable16
\t@pgfplots@toka=\toks45
\t@pgfplots@tokb=\toks46
\t@pgfplots@tokc=\toks47
\pgfplots@tmpa=\dimen301
\c@pgfplots@coordindex=\count344
\c@pgfplots@scanlineindex=\count345

(/usr/share/texlive/texmf-dist/tex/generic/pgfplots/sys/pgfplotssysgeneric.code
.tex))
(/usr/share/texlive/texmf-dist/tex/generic/pgfplots/libs/pgfplotslibrary.code.t
ex)
(/usr/share/texlive/texmf-dist/tex/generic/pgfplots/oldpgfcompatib/pgfplotsoldp
gfsupp_loader.code.tex
(/usr/share/texlive/texmf-dist/tex/generic/pgf/libraries/pgflibraryfpu.code.tex
)
Package pgfplots: loading complementary utilities for your pgf version...
\t@pgf@toka=\toks48
\t@pgf@tokb=\toks49
\t@pgf@tokc=\toks50

(/usr/share/texlive/texmf-dist/tex/generic/pgfplots/oldpgfcompatib/pgfplotsoldp
gfsupp_pgfutil-common-lists.tex)
(/usr/share/texlive/texmf-dist/tex/generic/pgf/libraries/luamath/pgflibraryluam
ath.code.tex)
Package pgfplots info on input line 290: luamath library shipped with pgf 3.1.1
0 is up-to-date
)
(/usr/share/texlive/texmf-dist/tex/generic/pgfplots/util/pgfplotsutil.code.tex
Package pgfplots info on input line 82: Found new luatex: initializing lua comm
ands instead of write18 (shell-escape)

(/usr/share/texlive/texmf-dist/tex/generic/pgfplots/liststructure/pgfplotslists
tructure.code.tex)
(/usr/share/texlive/texmf-dist/tex/generic/pgfplots/liststructure/pgfplotslists
tructureext.code.tex)
(/usr/share/texlive/texmf-dist/tex/generic/pgfplots/liststructure/pgfplotsarray
.code.tex
\c@pgfplotsarray@tmp=\count346
)
(/usr/share/texlive/texmf-dist/tex/generic/pgfplots/liststructure/pgfplotsmatri
x.code.tex)
(/usr/share/texlive/texmf-dist/tex/generic/pgfplots/numtable/pgfplotstableshare
d.code.tex
\c@pgfplotstable@counta=\count347
\t@pgfplotstable@a=\toks51
)
(/usr/share/texlive/texmf-dist/tex/generic/pgfplots/liststructure/pgfplotsdeque
.code.tex)
(/usr/share/texlive/texmf-dist/tex/generic/pgfplots/util/pgfplotsbinary.code.te
x
(/usr/share/texlive/texmf-dist/tex/generic/pgfplots/util/pgfplotsbinary.data.co
de.tex))
(/usr/share/texlive/texmf-dist/tex/generic/pgfplots/util/pgfplotsutil.verb.code
.tex)
(/usr/share/texlive/texmf-dist/tex/generic/pgfplots/libs/pgflibrarypgfplots.sur
fshading.code.tex
\c@pgfplotslibrarysurf@no=\count348

(/usr/share/texlive/texmf-dist/tex/generic/pgfplots/sys/pgflibrarypgfplots.surf
shading.pgfsys-luatex.def)))
(/usr/share/texlive/texmf-dist/tex/generic/pgfplots/util/pgfplotscolormap.code.
tex
(/usr/share/texlive/texmf-dist/tex/generic/pgfplots/util/pgfplotscolor.code.tex
))
(/usr/share/texlive/texmf-dist/tex/generic/pgfplots/pgfplotsstackedplots.code.t
ex)
(/usr/share/texlive/texmf-dist/tex/generic/pgfplots/pgfplotsplothandlers.code.t
ex
(/usr/share/texlive/texmf-dist/tex/generic/pgfplots/pgfplotsmeshplothandler.cod
e.tex
(/usr/share/texlive/texmf-dist/tex/generic/pgfplots/pgfplotsmeshplotimage.code.
tex)))
(/usr/share/texlive/texmf-dist/tex/generic/pgfplots/pgfplots.scaling.code.tex)
(/usr/share/texlive/texmf-dist/tex/generic/pgfplots/pgfplotscoordprocessing.cod
e.tex)
(/usr/share/texlive/texmf-dist/tex/generic/pgfplots/pgfplots.errorbars.code.tex
) (/usr/share/texlive/texmf-dist/tex/generic/pgfplots/pgfplots.markers.code.tex
) (/usr/share/texlive/texmf-dist/tex/generic/pgfplots/pgfplotsticks.code.tex)
(/usr/share/texlive/texmf-dist/tex/generic/pgfplots/pgfplots.paths.code.tex)
(/usr/share/texlive/texmf-dist/tex/generic/pgf/frontendlayer/tikz/libraries/tik
zlibrarydecorations.code.tex
(/usr/share/texlive/texmf-dist/tex/generic/pgf/modules/pgfmoduledecorations.cod
e.tex
\pgfdecoratedcompleteddistance=\dimen302
\pgfdecoratedremainingdistance=\dimen303
\pgfdecoratedinputsegmentcompleteddistance=\dimen304
\pgfdecoratedinputsegmentremainingdistance=\dimen305
\pgf@decorate@distancetomove=\dimen306
\pgf@decorate@repeatstate=\count349
\pgfdecorationsegmentamplitude=\dimen307
\pgfdecorationsegmentlength=\dimen308
)
\tikz@lib@dec@box=\box73
)
(/usr/share/texlive/texmf-dist/tex/generic/pgf/frontendlayer/tikz/libraries/tik
zlibrarydecorations.pathmorphing.code.tex
(/usr/share/texlive/texmf-dist/tex/generic/pgf/libraries/decorations/pgflibrary
decorations.pathmorphing.code.tex))
(/usr/share/texlive/texmf-dist/tex/generic/pgf/frontendlayer/tikz/libraries/tik
zlibrarydecorations.pathreplacing.code.tex
(/usr/share/texlive/texmf-dist/tex/generic/pgf/libraries/decorations/pgflibrary
decorations.pathreplacing.code.tex))
(/usr/share/texlive/texmf-dist/tex/generic/pgfplots/libs/tikzlibrarypgfplots.co
ntourlua.code.tex)
\pgfplots@numplots=\count350
\pgfplots@xmin@reg=\dimen309
\pgfplots@xmax@reg=\dimen310
\pgfplots@ymin@reg=\dimen311
\pgfplots@ymax@reg=\dimen312
\pgfplots@zmin@reg=\dimen313
\pgfplots@zmax@reg=\dimen314
)
(/usr/share/texlive/texmf-dist/tex/generic/pgf/frontendlayer/tikz/libraries/tik
zlibraryplotmarks.code.tex
File: tikzlibraryplotmarks.code.tex 2023-01-15 v3.1.10 (3.1.10)

(/usr/share/texlive/texmf-dist/tex/generic/pgf/libraries/pgflibraryplotmarks.co
de.tex
File: pgflibraryplotmarks.code.tex 2023-01-15 v3.1.10 (3.1.10)
)))
(/usr/share/texlive/texmf-dist/tex/generic/pgf/libraries/pgflibraryarrows.meta.
code.tex
File: pgflibraryarrows.meta.code.tex 2023-01-15 v3.1.10 (3.1.10)
\pgfarrowinset=\dimen315
\pgfarrowlength=\dimen316
\pgfarrowwidth=\dimen317
\pgfarrowlinewidth=\dimen318
)
(/usr/share/texlive/texmf-dist/tex/generic/pgf/frontendlayer/tikz/libraries/tik
zlibraryshapes.geometric.code.tex
File: tikzlibraryshapes.geometric.code.tex 2023-01-15 v3.1.10 (3.1.10)

(/usr/share/texlive/texmf-dist/tex/generic/pgf/libraries/shapes/pgflibraryshape
s.geometric.code.tex
File: pgflibraryshapes.geometric.code.tex 2023-01-15 v3.1.10 (3.1.10)
))
(/usr/share/texlive/texmf-dist/tex/generic/pgf/frontendlayer/tikz/libraries/tik
zlibrarypositioning.code.tex
File: tikzlibrarypositioning.code.tex 2023-01-15 v3.1.10 (3.1.10)
)
(/usr/share/texlive/texmf-dist/tex/generic/pgf/frontendlayer/tikz/libraries/tik
zlibraryfadings.code.tex
File: tikzlibraryfadings.code.tex 2023-01-15 v3.1.10 (3.1.10)

(/usr/share/texlive/texmf-dist/tex/generic/pgf/libraries/pgflibraryfadings.code
.tex
File: pgflibraryfadings.code.tex 2023-01-15 v3.1.10 (3.1.10)
))
(/usr/share/texlive/texmf-dist/tex/generic/pgf/frontendlayer/tikz/libraries/tik
zlibrarypatterns.code.tex
File: tikzlibrarypatterns.code.tex 2023-01-15 v3.1.10 (3.1.10)

(/usr/share/texlive/texmf-dist/tex/generic/pgf/libraries/pgflibrarypatterns.cod
e.tex
File: pgflibrarypatterns.code.tex 2023-01-15 v3.1.10 (3.1.10)
))
(/usr/share/texlive/texmf-dist/tex/generic/pgf/frontendlayer/tikz/libraries/tik
zlibrarycalc.code.tex
File: tikzlibrarycalc.code.tex 2023-01-15 v3.1.10 (3.1.10)
)
(/usr/share/texlive/texmf-dist/tex/generic/pgf/frontendlayer/tikz/libraries/tik
zlibrarydecorations.text.code.tex
(/usr/share/texlive/texmf-dist/tex/generic/pgf/libraries/decorations/pgflibrary
decorations.text.code.tex
\pgf@lib@dec@text@box=\box74
)
\tikz@lib@dec@te@box=\box75
)
(/usr/share/texlive/texmf-dist/tex/generic/pgf/frontendlayer/tikz/libraries/tik
zlibraryintersections.code.tex
(/usr/share/texlive/texmf-dist/tex/generic/pgf/libraries/pgflibraryintersection
s.code.tex
\pgf@intersect@solutions=\count351
))
(/usr/share/texlive/texmf-dist/tex/generic/pgf/frontendlayer/tikz/libraries/tik
zlibrarybackgrounds.code.tex
File: tikzlibrarybackgrounds.code.tex 2023-01-15 v3.1.10 (3.1.10)
\pgf@layerbox@background=\box76
\pgf@layerboxsaved@background=\box77
)
(/usr/share/texlive/texmf-dist/tex/latex/pgf-blur/tikzlibraryshadows.blur.code.
tex  v1.02, 2012/12/09
(/usr/share/texlive/texmf-dist/tex/generic/pgf/frontendlayer/tikz/libraries/tik
zlibraryshadows.code.tex
File: tikzlibraryshadows.code.tex 2023-01-15 v3.1.10 (3.1.10)
)
\pgfbs@fading@count=\count352
)
(/usr/share/texlive/texmf-dist/tex/generic/pgf/frontendlayer/tikz/libraries/tik
zlibrary3d.code.tex
File: tikzlibrary3d.code.tex 2023-01-15 v3.1.10 (3.1.10)
)
(/usr/share/texlive/texmf-dist/tex/latex/caption/subcaption.sty
Package: subcaption 2023/07/28 v1.6b Sub-captions (AR)

(/usr/share/texlive/texmf-dist/tex/latex/caption/caption.sty
Package: caption 2023/08/05 v3.6o Customizing captions (AR)

(/usr/share/texlive/texmf-dist/tex/latex/caption/caption3.sty
Package: caption3 2023/07/31 v2.4d caption3 kernel (AR)
\caption@tempdima=\dimen319
\captionmargin=\dimen320
\caption@leftmargin=\dimen321
\caption@rightmargin=\dimen322
\caption@width=\dimen323
\caption@indent=\dimen324
\caption@parindent=\dimen325
\caption@hangindent=\dimen326
Package caption Info: Standard document class detected.
)
\c@caption@flags=\count353
\c@continuedfloat=\count354
Package caption Info: hyperref package is loaded.
Package caption Info: listings package is loaded.
Package caption Info: longtable package is loaded.

(/usr/share/texlive/texmf-dist/tex/latex/caption/ltcaption.sty
Package: ltcaption 2021/01/08 v1.4c longtable captions (AR)
))
Package caption Info: New subtype `subfigure' on input line 238.
\c@subfigure=\count355
Package caption Info: New subtype `subtable' on input line 238.
\c@subtable=\count356
)
(/usr/share/texlive/texmf-dist/tex/generic/alphalph/alphalph.sty
Package: alphalph 2019/12/09 v2.6 Convert numbers to letters (HO)
)
(/usr/share/texlive/texmf-dist/tex/latex/colortbl/colortbl.sty
Package: colortbl 2022/06/20 v1.0f Color table columns (DPC)

(/usr/share/texlive/texmf-dist/tex/latex/tools/array.sty
Package: array 2023/10/16 v2.5g Tabular extension package (FMi)
\col@sep=\dimen327
\ar@mcellbox=\box78
\extrarowheight=\dimen328
\NC@list=\toks52
\extratabsurround=\skip74
\backup@length=\skip75
\ar@cellbox=\box79
)
\everycr=\toks53
\minrowclearance=\skip76
\rownum=\count357
)
(/usr/share/texlive/texmf-dist/tex/latex/relsize/relsize.sty
Package: relsize 2013/03/29 ver 4.1
)
luaotfload | aux : font no 19 (nil) does not define feature smcp for script latn
 with language dflt
luaotfload | aux : font no 20 (nil) does not define feature smcp for script latn
 with language dflt
luaotfload | aux : font no 19 (nil) does not define feature smcp for script latn
 with language dflt
luaotfload | aux : font no 20 (nil) does not define feature smcp for script latn
 with language dflt

Package fontspec Info: Font family 'Lexend-Regular.ttf(0)' created for font
(fontspec)             'Lexend-Regular.ttf' with options [Ligatures=TeX,Path =
(fontspec)             /home/avgui/.local/share/fonts/Lexend/static/,BoldFont
(fontspec)             = Lexend-Bold.ttf,ItalicFont =
(fontspec)             Lexend-Regular.ttf,ItalicFeatures =
(fontspec)             {FakeSlant=0.2},BoldItalicFont =
(fontspec)             Lexend-Bold.ttf,BoldItalicFeatures =
(fontspec)             {FakeSlant=0.2},Scale = 1.05,LetterSpace = 1.5].
(fontspec)              
(fontspec)              This font family consists of the following NFSS
(fontspec)             series/shapes:
(fontspec)              
(fontspec)             - 'normal' (m/n) with NFSS spec.:
(fontspec)             <->s*[1.05]"[/home/avgui/.local/share/fonts/Lexend/stati
c/Lexend-Regular.ttf]:mode=node;script=latn;language=dflt;letterspace=1.5;+tlig
;"
(fontspec)             - 'small caps'  (m/sc) with NFSS spec.: 
(fontspec)             - 'bold' (b/n) with NFSS spec.:
(fontspec)             <->s*[1.05]"[/home/avgui/.local/share/fonts/Lexend/stati
c/Lexend-Bold.ttf]:mode=node;script=latn;language=dflt;letterspace=1.5;+tlig;"
(fontspec)             - 'bold small caps'  (b/sc) with NFSS spec.: 
(fontspec)             - 'italic' (m/it) with NFSS spec.:
(fontspec)             <->s*[1.05]"[/home/avgui/.local/share/fonts/Lexend/stati
c/Lexend-Regular.ttf]:mode=node;script=latn;language=dflt;letterspace=1.5;slant
=0.2;+tlig;"
(fontspec)             - 'italic small caps'  (m/scit) with NFSS spec.: 
(fontspec)             - 'bold italic' (b/it) with NFSS spec.:
(fontspec)             <->s*[1.05]"[/home/avgui/.local/share/fonts/Lexend/stati
c/Lexend-Bold.ttf]:mode=node;script=latn;language=dflt;letterspace=1.5;slant=0.
2;+tlig;"
(fontspec)             - 'bold italic small caps'  (b/scit) with NFSS spec.: 

luaotfload | aux : font no 23 (nil) does not define feature smcp for script latn
 with language dflt
luaotfload | aux : font no 24 (nil) does not define feature smcp for script latn
 with language dflt
luaotfload | aux : font no 23 (nil) does not define feature smcp for script latn
 with language dflt
luaotfload | aux : font no 24 (nil) does not define feature smcp for script latn
 with language dflt

Package fontspec Info: Font family 'Lexend-Regular.ttf(1)' created for font
(fontspec)             'Lexend-Regular.ttf' with options [Renderer=Basic,Path
(fontspec)             =
(fontspec)             /home/avgui/.local/share/fonts/Lexend/static/,BoldFont
(fontspec)             = Lexend-Bold.ttf,ItalicFont =
(fontspec)             Lexend-Regular.ttf,ItalicFeatures =
(fontspec)             {FakeSlant=0.2},BoldItalicFont =
(fontspec)             Lexend-Bold.ttf,BoldItalicFeatures =
(fontspec)             {FakeSlant=0.2},Scale = 1.05,LetterSpace = 1.5].
(fontspec)              
(fontspec)              This font family consists of the following NFSS
(fontspec)             series/shapes:
(fontspec)              
(fontspec)             - 'normal' (m/n) with NFSS spec.:
(fontspec)             <->s*[1.05]"[/home/avgui/.local/share/fonts/Lexend/stati
c/Lexend-Regular.ttf]:mode=base;script=latn;language=dflt;letterspace=1.5;"
(fontspec)             - 'small caps'  (m/sc) with NFSS spec.: 
(fontspec)             - 'bold' (b/n) with NFSS spec.:
(fontspec)             <->s*[1.05]"[/home/avgui/.local/share/fonts/Lexend/stati
c/Lexend-Bold.ttf]:mode=base;script=latn;language=dflt;letterspace=1.5;"
(fontspec)             - 'bold small caps'  (b/sc) with NFSS spec.: 
(fontspec)             - 'italic' (m/it) with NFSS spec.:
(fontspec)             <->s*[1.05]"[/home/avgui/.local/share/fonts/Lexend/stati
c/Lexend-Regular.ttf]:mode=base;script=latn;language=dflt;letterspace=1.5;slant
=0.2;"
(fontspec)             - 'italic small caps'  (m/scit) with NFSS spec.: 
(fontspec)             - 'bold italic' (b/it) with NFSS spec.:
(fontspec)             <->s*[1.05]"[/home/avgui/.local/share/fonts/Lexend/stati
c/Lexend-Bold.ttf]:mode=base;script=latn;language=dflt;letterspace=1.5;slant=0.
2;"
(fontspec)             - 'bold italic small caps'  (b/scit) with NFSS spec.: 

LaTeX Font Info:    Overwriting math alphabet `\mathrm' in version `normal'
(Font)                  OT1/cmr/m/n --> TU/Lexend-Regular.ttf(1)/m/n on input l
ine 91.
LaTeX Font Info:    Overwriting math alphabet `\mathit' in version `normal'
(Font)                  OT1/cmr/m/it --> TU/Lexend-Regular.ttf(1)/m/it on input
 line 91.
LaTeX Font Info:    Overwriting math alphabet `\mathbf' in version `normal'
(Font)                  OT1/cmr/bx/n --> TU/Lexend-Regular.ttf(1)/b/n on input 
line 91.
LaTeX Font Info:    Font shape `TU/Lexend-Regular.ttf(0)/m/n' will be
(Font)              scaled to size 11.49753pt on input line 91.
Inserting `luaotfload.letterspace' in `pre_linebreak_filter'.
Inserting `luaotfload.letterspace' in `hpack_filter'.
luaotfload | cache : Lookup cache loaded from /home/avgui/.texlive2023/texmf-var
/luatex-cache/generic/names/luaotfload-lookup-cache.luc.

Package fontspec Info: Could not resolve font "LatinModernMath/B" (it probably
(fontspec)             doesn't exist).


Package fontspec Info: Font family 'LatinModernMath(0)' created for font
(fontspec)             'Latin Modern Math' with options
(fontspec)             [Renderer=Basic,BoldItalicFont={},ItalicFont={},SmallCap
sFont={},Script=Math,RawFeature={mathfontdimen=xetex}].
(fontspec)              
(fontspec)              This font family consists of the following NFSS
(fontspec)             series/shapes:
(fontspec)              
(fontspec)             - 'normal' (m/n) with NFSS spec.:
(fontspec)             <->"LatinModernMath:mode=base;script=math;language=dflt;
mathfontdimen=xetex;"
(fontspec)             - 'small caps'  (m/sc) with NFSS spec.: 


Package fontspec Info: Could not resolve font "LatinModernMath/B" (it probably
(fontspec)             doesn't exist).


Package fontspec Info: Font family 'LatinModernMath(1)' created for font
(fontspec)             'Latin Modern Math' with options
(fontspec)             [Renderer=Basic,BoldItalicFont={},ItalicFont={},SmallCap
sFont={},Script=Math,SizeFeatures={{Size=9.3075-},{Size=6.57-9.3075,Font=Latin
(fontspec)             Modern Math,Style=MathScript},{Size=-6.57,Font=Latin
(fontspec)             Modern
(fontspec)             Math,Style=MathScriptScript}},RawFeature={mathfontdimen=
xetex}].
(fontspec)              
(fontspec)              This font family consists of the following NFSS
(fontspec)             series/shapes:
(fontspec)              
(fontspec)             - 'normal' (m/n) with NFSS spec.:
(fontspec)             <9.3075->"LatinModernMath:mode=base;script=math;language
=dflt;mathfontdimen=xetex;"<6.57-9.3075>"LatinModernMath:mode=base;script=math;
language=dflt;mathfontdimen=xetex;+ssty=0;"<-6.57>"LatinModernMath:mode=base;sc
ript=math;language=dflt;mathfontdimen=xetex;+ssty=1;"
(fontspec)             - 'small caps'  (m/sc) with NFSS spec.: 

LaTeX Font Info:    Encoding `OT1' has changed to `TU' for symbol font
(Font)              `operators' in the math version `normal' on input line 94.
LaTeX Font Info:    Overwriting symbol font `operators' in version `normal'
(Font)                  OT1/cmr/m/n --> TU/LatinModernMath(1)/m/n on input line
 94.
LaTeX Font Info:    Encoding `OT1' has changed to `TU' for symbol font
(Font)              `operators' in the math version `bold' on input line 94.
LaTeX Font Info:    Overwriting symbol font `operators' in version `bold'
(Font)                  OT1/cmr/bx/n --> TU/LatinModernMath(1)/b/n on input lin
e 94.

Package fontspec Info: Could not resolve font "LatinModernMath/B" (it probably
(fontspec)             doesn't exist).


Package fontspec Info: Font family 'LatinModernMath(2)' created for font
(fontspec)             'Latin Modern Math' with options
(fontspec)             [Renderer=Basic,BoldItalicFont={},ItalicFont={},SmallCap
sFont={},Script=Math,SizeFeatures={{Size=9.3075-},{Size=6.57-9.3075,Font=Latin
(fontspec)             Modern Math,Style=MathScript},{Size=-6.57,Font=Latin
(fontspec)             Modern
(fontspec)             Math,Style=MathScriptScript}},RawFeature={mathfontdimen=
xetex},RawFeature={mathfontdimen=tex2}].
(fontspec)              
(fontspec)              This font family consists of the following NFSS
(fontspec)             series/shapes:
(fontspec)              
(fontspec)             - 'normal' (m/n) with NFSS spec.:
(fontspec)             <9.3075->"LatinModernMath:mode=base;script=math;language
=dflt;mathfontdimen=xetex;mathfontdimen=tex2;"<6.57-9.3075>"LatinModernMath:mod
e=base;script=math;language=dflt;mathfontdimen=xetex;mathfontdimen=tex2;+ssty=0
;"<-6.57>"LatinModernMath:mode=base;script=math;language=dflt;mathfontdimen=xet
ex;mathfontdimen=tex2;+ssty=1;"
(fontspec)             - 'small caps'  (m/sc) with NFSS spec.: 

LaTeX Font Info:    Encoding `OMS' has changed to `TU' for symbol font
(Font)              `symbols' in the math version `normal' on input line 94.
LaTeX Font Info:    Overwriting symbol font `symbols' in version `normal'
(Font)                  OMS/cmsy/m/n --> TU/LatinModernMath(2)/m/n on input lin
e 94.
LaTeX Font Info:    Encoding `OMS' has changed to `TU' for symbol font
(Font)              `symbols' in the math version `bold' on input line 94.
LaTeX Font Info:    Overwriting symbol font `symbols' in version `bold'
(Font)                  OMS/cmsy/b/n --> TU/LatinModernMath(2)/b/n on input lin
e 94.

Package fontspec Info: Could not resolve font "LatinModernMath/B" (it probably
(fontspec)             doesn't exist).


Package fontspec Info: Font family 'LatinModernMath(3)' created for font
(fontspec)             'Latin Modern Math' with options
(fontspec)             [Renderer=Basic,BoldItalicFont={},ItalicFont={},SmallCap
sFont={},Script=Math,SizeFeatures={{Size=9.3075-},{Size=6.57-9.3075,Font=Latin
(fontspec)             Modern Math,Style=MathScript},{Size=-6.57,Font=Latin
(fontspec)             Modern
(fontspec)             Math,Style=MathScriptScript}},RawFeature={mathfontdimen=
xetex},RawFeature={mathfontdimen=tex3}].
(fontspec)              
(fontspec)              This font family consists of the following NFSS
(fontspec)             series/shapes:
(fontspec)              
(fontspec)             - 'normal' (m/n) with NFSS spec.:
(fontspec)             <9.3075->"LatinModernMath:mode=base;script=math;language
=dflt;mathfontdimen=xetex;mathfontdimen=tex3;"<6.57-9.3075>"LatinModernMath:mod
e=base;script=math;language=dflt;mathfontdimen=xetex;mathfontdimen=tex3;+ssty=0
;"<-6.57>"LatinModernMath:mode=base;script=math;language=dflt;mathfontdimen=xet
ex;mathfontdimen=tex3;+ssty=1;"
(fontspec)             - 'small caps'  (m/sc) with NFSS spec.: 

LaTeX Font Info:    Encoding `OMX' has changed to `TU' for symbol font
(Font)              `largesymbols' in the math version `normal' on input line 9
4.
LaTeX Font Info:    Overwriting symbol font `largesymbols' in version `normal'
(Font)                  OMX/cmex/m/n --> TU/LatinModernMath(3)/m/n on input lin
e 94.
LaTeX Font Info:    Encoding `OMX' has changed to `TU' for symbol font
(Font)              `largesymbols' in the math version `bold' on input line 94.

LaTeX Font Info:    Overwriting symbol font `largesymbols' in version `bold'
(Font)                  OMX/cmex/m/n --> TU/LatinModernMath(3)/b/n on input lin
e 94.
LaTeX Font Info:    Trying to load font information for U+msa on input line 94.


(/usr/share/texlive/texmf-dist/tex/latex/amsfonts/umsa.fd
File: umsa.fd 2013/01/14 v3.01 AMS symbols A
)
LaTeX Font Info:    Trying to load font information for U+msb on input line 94.


(/usr/share/texlive/texmf-dist/tex/latex/amsfonts/umsb.fd
File: umsb.fd 2013/01/14 v3.01 AMS symbols B
)
LaTeX Font Info:    Trying to load font information for U+wasy on input line 94
.

(/usr/share/texlive/texmf-dist/tex/latex/wasysym/uwasy.fd
File: uwasy.fd 2020/01/19 v2.4 Wasy-2 symbol font definitions
)

LaTeX Font Warning: Font shape `U/wasy/m/n' in size <5.475> not available
(Font)              size <5> substituted on input line 94.


LaTeX Font Warning: Font shape `U/wasy/b/n' in size <7.665> not available
(Font)              Font shape `U/wasy/m/n' tried instead on input line 94.


LaTeX Font Warning: Font shape `U/wasy/b/n' in size <5.475> not available
(Font)              Font shape `U/wasy/m/n' tried instead on input line 94.


LaTeX Font Warning: Font shape `U/wasy/m/n' in size <5.475> not available
(Font)              size <5> substituted on input line 94.

luaotfload | aux : font no 64 (nil) defines no feature for script latn
luaotfload | aux : font no 64 (nil) defines no feature for script dflt

Package fontspec Info: NotoSansThaana scale = 1.029411707303745.


Package fontspec Info: Could not resolve font "NotoSansThaana/BI" (it probably
(fontspec)             doesn't exist).


Package fontspec Info: Could not resolve font "NotoSansThaana/I" (it probably
(fontspec)             doesn't exist).


Package fontspec Info: NotoSansThaana scale = 1.029411707303745.


Package fontspec Info: NotoSansThaana/B scale = 1.029411707303745.


Package fontspec Info: Font family 'NotoSansThaana(0)' created for font 'Noto
(fontspec)             Sans Thaana' with options [Scale=MatchUppercase].
(fontspec)              
(fontspec)              This font family consists of the following NFSS
(fontspec)             series/shapes:
(fontspec)              
(fontspec)             - 'normal' (m/n) with NFSS spec.:
(fontspec)             <->s*[1.029411707303745]"NotoSansThaana:mode=node;langua
ge=dflt;"
(fontspec)             - 'small caps'  (m/sc) with NFSS spec.: 
(fontspec)             - 'bold' (b/n) with NFSS spec.:
(fontspec)             <->s*[1.029411707303745]"NotoSansThaana/B:mode=node;lang
uage=dflt;"
(fontspec)             - 'bold small caps'  (b/sc) with NFSS spec.: 

luaotfload | aux : font no 69 (nil) defines no feature for script latn
luaotfload | aux : font no 69 (nil) defines no feature for script dflt

Package fontspec Info: NotoSansRunic scale = 1.029411707303745.


Package fontspec Info: Could not resolve font "NotoSansRunic/BI" (it probably
(fontspec)             doesn't exist).


Package fontspec Info: Could not resolve font "NotoSansRunic/B" (it probably
(fontspec)             doesn't exist).


Package fontspec Info: Could not resolve font "NotoSansRunic/I" (it probably
(fontspec)             doesn't exist).


Package fontspec Info: NotoSansRunic scale = 1.029411707303745.


Package fontspec Info: Font family 'NotoSansRunic(0)' created for font 'Noto
(fontspec)             Sans Runic' with options [Scale=MatchUppercase].
(fontspec)              
(fontspec)              This font family consists of the following NFSS
(fontspec)             series/shapes:
(fontspec)              
(fontspec)             - 'normal' (m/n) with NFSS spec.:
(fontspec)             <->s*[1.029411707303745]"NotoSansRunic:mode=node;languag
e=dflt;"
(fontspec)             - 'small caps'  (m/sc) with NFSS spec.: 

luaotfload | aux : font no 72 (nil) defines no feature for script latn

Package fontspec Info: NotoSansTifinagh scale = 1.029411707303745.


Package fontspec Info: Could not resolve font "NotoSansTifinagh/BI" (it
(fontspec)             probably doesn't exist).


Package fontspec Info: Could not resolve font "NotoSansTifinagh/B" (it
(fontspec)             probably doesn't exist).


Package fontspec Info: Could not resolve font "NotoSansTifinagh/I" (it
(fontspec)             probably doesn't exist).


Package fontspec Info: NotoSansTifinagh scale = 1.029411707303745.

luaotfload | aux : font no 72 (nil) does not define feature smcp for script dflt
 with language dflt

Package fontspec Info: Font family 'NotoSansTifinagh(0)' created for font
(fontspec)             'Noto Sans Tifinagh' with options
(fontspec)             [Scale=MatchUppercase].
(fontspec)              
(fontspec)              This font family consists of the following NFSS
(fontspec)             series/shapes:
(fontspec)              
(fontspec)             - 'normal' (m/n) with NFSS spec.:
(fontspec)             <->s*[1.029411707303745]"NotoSansTifinagh:mode=node;scri
pt=DFLT;language=dflt;"
(fontspec)             - 'small caps'  (m/sc) with NFSS spec.: 

luaotfload | aux : font no 75 (nil) defines no feature for script latn
luaotfload | aux : font no 75 (nil) defines no feature for script dflt

Package fontspec Info: NotoSansSylotiNagri scale = 1.082472576524068.


Package fontspec Info: Could not resolve font "NotoSansSylotiNagri/BI" (it
(fontspec)             probably doesn't exist).


Package fontspec Info: Could not resolve font "NotoSansSylotiNagri/B" (it
(fontspec)             probably doesn't exist).


Package fontspec Info: Could not resolve font "NotoSansSylotiNagri/I" (it
(fontspec)             probably doesn't exist).


Package fontspec Info: NotoSansSylotiNagri scale = 1.082472576524068.


Package fontspec Info: Font family 'NotoSansSylotiNagri(0)' created for font
(fontspec)             'Noto Sans Syloti Nagri' with options
(fontspec)             [Scale=MatchUppercase].
(fontspec)              
(fontspec)              This font family consists of the following NFSS
(fontspec)             series/shapes:
(fontspec)              
(fontspec)             - 'normal' (m/n) with NFSS spec.:
(fontspec)             <->s*[1.082472576524068]"NotoSansSylotiNagri:mode=node;l
anguage=dflt;"
(fontspec)             - 'small caps'  (m/sc) with NFSS spec.: 


Package fontspec Info: Symbola scale = 1.118333898736324.


Package fontspec Info: Could not resolve font "Symbola/BI" (it probably
(fontspec)             doesn't exist).


Package fontspec Info: Could not resolve font "Symbola/B" (it probably doesn't
(fontspec)             exist).


Package fontspec Info: Could not resolve font "Symbola/I" (it probably doesn't
(fontspec)             exist).


Package fontspec Info: Symbola scale = 1.118333898736324.


Package fontspec Info: Symbola scale = 1.118333898736324.


Package fontspec Info: Font family 'Symbola(0)' created for font 'Symbola'
(fontspec)             with options [Scale=MatchUppercase].
(fontspec)              
(fontspec)              This font family consists of the following NFSS
(fontspec)             series/shapes:
(fontspec)              
(fontspec)             - 'normal' (m/n) with NFSS spec.:
(fontspec)             <->s*[1.118333898736324]"Symbola:mode=node;script=latn;l
anguage=dflt;"
(fontspec)             - 'small caps'  (m/sc) with NFSS spec.:
(fontspec)             <->s*[1.118333898736324]"Symbola:mode=node;script=latn;l
anguage=dflt;+smcp;"

luaotfload | aux : font no 82 (nil) defines no feature for script latn
luaotfload | aux : font no 82 (nil) defines no feature for script dflt

Package fontspec Info: NotoSansCuneiform scale = 1.029411707303745.


Package fontspec Info: Could not resolve font "NotoSansCuneiform/BI" (it
(fontspec)             probably doesn't exist).


Package fontspec Info: Could not resolve font "NotoSansCuneiform/B" (it
(fontspec)             probably doesn't exist).


Package fontspec Info: Could not resolve font "NotoSansCuneiform/I" (it
(fontspec)             probably doesn't exist).


Package fontspec Info: NotoSansCuneiform scale = 1.029411707303745.


Package fontspec Info: Font family 'NotoSansCuneiform(0)' created for font
(fontspec)             'Noto Sans Cuneiform' with options
(fontspec)             [Scale=MatchUppercase].
(fontspec)              
(fontspec)              This font family consists of the following NFSS
(fontspec)             series/shapes:
(fontspec)              
(fontspec)             - 'normal' (m/n) with NFSS spec.:
(fontspec)             <->s*[1.029411707303745]"NotoSansCuneiform:mode=node;lan
guage=dflt;"
(fontspec)             - 'small caps'  (m/sc) with NFSS spec.: 

luaotfload | aux : font no 85 (nil) defines no feature for script latn

Package fontspec Info: NotoSansEthiopic scale = 1.029411707303745.


Package fontspec Info: Could not resolve font "NotoSansEthiopic/BI" (it
(fontspec)             probably doesn't exist).


Package fontspec Info: Could not resolve font "NotoSansEthiopic/I" (it
(fontspec)             probably doesn't exist).


Package fontspec Info: NotoSansEthiopic scale = 1.029411707303745.

luaotfload | aux : font no 85 (nil) does not define feature smcp for script dflt
 with language dflt

Package fontspec Info: NotoSansEthiopic/B scale = 1.029411707303745.

luaotfload | aux : font no 88 (nil) does not define feature smcp for script dflt
 with language dflt

Package fontspec Info: Font family 'NotoSansEthiopic(0)' created for font
(fontspec)             'Noto Sans Ethiopic' with options
(fontspec)             [Scale=MatchUppercase].
(fontspec)              
(fontspec)              This font family consists of the following NFSS
(fontspec)             series/shapes:
(fontspec)              
(fontspec)             - 'normal' (m/n) with NFSS spec.:
(fontspec)             <->s*[1.029411707303745]"NotoSansEthiopic:mode=node;scri
pt=DFLT;language=dflt;"
(fontspec)             - 'small caps'  (m/sc) with NFSS spec.: 
(fontspec)             - 'bold' (b/n) with NFSS spec.:
(fontspec)             <->s*[1.029411707303745]"NotoSansEthiopic/B:mode=node;sc
ript=DFLT;language=dflt;"
(fontspec)             - 'bold small caps'  (b/sc) with NFSS spec.: 

luaotfload | aux : font no 90 (nil) defines no feature for script latn
luaotfload | aux : font no 90 (nil) defines no feature for script dflt

Package fontspec Info: NotoSansLydian scale = 1.029411707303745.


Package fontspec Info: Could not resolve font "NotoSansLydian/BI" (it probably
(fontspec)             doesn't exist).


Package fontspec Info: Could not resolve font "NotoSansLydian/B" (it probably
(fontspec)             doesn't exist).


Package fontspec Info: Could not resolve font "NotoSansLydian/I" (it probably
(fontspec)             doesn't exist).


Package fontspec Info: NotoSansLydian scale = 1.029411707303745.


Package fontspec Info: Font family 'NotoSansLydian(0)' created for font 'Noto
(fontspec)             Sans Lydian' with options [Scale=MatchUppercase].
(fontspec)              
(fontspec)              This font family consists of the following NFSS
(fontspec)             series/shapes:
(fontspec)              
(fontspec)             - 'normal' (m/n) with NFSS spec.:
(fontspec)             <->s*[1.029411707303745]"NotoSansLydian:mode=node;langua
ge=dflt;"
(fontspec)             - 'small caps'  (m/sc) with NFSS spec.: 

luaotfload | aux : font no 93 (nil) defines no feature for script latn
luaotfload | aux : font no 93 (nil) defines no feature for script dflt

Package fontspec Info: NotoSansCypriot scale = 0.9986405866304158.


Package fontspec Info: Could not resolve font "NotoSansCypriot/BI" (it
(fontspec)             probably doesn't exist).


Package fontspec Info: Could not resolve font "NotoSansCypriot/B" (it probably
(fontspec)             doesn't exist).


Package fontspec Info: Could not resolve font "NotoSansCypriot/I" (it probably
(fontspec)             doesn't exist).


Package fontspec Info: NotoSansCypriot scale = 0.9986405866304158.


Package fontspec Info: Font family 'NotoSansCypriot(0)' created for font 'Noto
(fontspec)             Sans Cypriot' with options [Scale=MatchUppercase].
(fontspec)              
(fontspec)              This font family consists of the following NFSS
(fontspec)             series/shapes:
(fontspec)              
(fontspec)             - 'normal' (m/n) with NFSS spec.:
(fontspec)             <->s*[0.9986405866304158]"NotoSansCypriot:mode=node;lang
uage=dflt;"
(fontspec)             - 'small caps'  (m/sc) with NFSS spec.: 

luaotfload | aux : font no 96 (nil) defines no feature for script latn
luaotfload | aux : font no 96 (nil) defines no feature for script dflt

Package fontspec Info: NotoSansElbasan scale = 1.029411707303745.


Package fontspec Info: Could not resolve font "NotoSansElbasan/BI" (it
(fontspec)             probably doesn't exist).


Package fontspec Info: Could not resolve font "NotoSansElbasan/B" (it probably
(fontspec)             doesn't exist).


Package fontspec Info: Could not resolve font "NotoSansElbasan/I" (it probably
(fontspec)             doesn't exist).


Package fontspec Info: NotoSansElbasan scale = 1.029411707303745.


Package fontspec Info: Font family 'NotoSansElbasan(0)' created for font 'Noto
(fontspec)             Sans Elbasan' with options [Scale=MatchUppercase].
(fontspec)              
(fontspec)              This font family consists of the following NFSS
(fontspec)             series/shapes:
(fontspec)              
(fontspec)             - 'normal' (m/n) with NFSS spec.:
(fontspec)             <->s*[1.029411707303745]"NotoSansElbasan:mode=node;langu
age=dflt;"
(fontspec)             - 'small caps'  (m/sc) with NFSS spec.: 


Package fontspec Info: NotoSerifTibetan scale = 1.029411707303745.


Package fontspec Info: Could not resolve font "NotoSerifTibetan/BI" (it
(fontspec)             probably doesn't exist).


Package fontspec Info: Could not resolve font "NotoSerifTibetan/I" (it
(fontspec)             probably doesn't exist).


Package fontspec Info: NotoSerifTibetan scale = 1.029411707303745.

luaotfload | aux : font no 102 (nil) does not define feature smcp for script lat
n with language dflt

Package fontspec Info: NotoSerifTibetan/B scale = 1.029411707303745.

luaotfload | aux : font no 103 (nil) does not define feature smcp for script lat
n with language dflt

Package fontspec Info: Font family 'NotoSerifTibetan(0)' created for font
(fontspec)             'Noto Serif Tibetan' with options
(fontspec)             [Scale=MatchUppercase].
(fontspec)              
(fontspec)              This font family consists of the following NFSS
(fontspec)             series/shapes:
(fontspec)              
(fontspec)             - 'normal' (m/n) with NFSS spec.:
(fontspec)             <->s*[1.029411707303745]"NotoSerifTibetan:mode=node;scri
pt=latn;language=dflt;"
(fontspec)             - 'small caps'  (m/sc) with NFSS spec.: 
(fontspec)             - 'bold' (b/n) with NFSS spec.:
(fontspec)             <->s*[1.029411707303745]"NotoSerifTibetan/B:mode=node;sc
ript=latn;language=dflt;"
(fontspec)             - 'bold small caps'  (b/sc) with NFSS spec.: 

luaotfload | aux : font no 105 (nil) defines no feature for script latn
luaotfload | aux : font no 105 (nil) defines no feature for script dflt

Package fontspec Info: NotoSansPhoenician scale = 1.022253274906051.


Package fontspec Info: Could not resolve font "NotoSansPhoenician/BI" (it
(fontspec)             probably doesn't exist).


Package fontspec Info: Could not resolve font "NotoSansPhoenician/B" (it
(fontspec)             probably doesn't exist).


Package fontspec Info: Could not resolve font "NotoSansPhoenician/I" (it
(fontspec)             probably doesn't exist).


Package fontspec Info: NotoSansPhoenician scale = 1.022253274906051.


Package fontspec Info: Font family 'NotoSansPhoenician(0)' created for font
(fontspec)             'Noto Sans Phoenician' with options
(fontspec)             [Scale=MatchUppercase].
(fontspec)              
(fontspec)              This font family consists of the following NFSS
(fontspec)             series/shapes:
(fontspec)              
(fontspec)             - 'normal' (m/n) with NFSS spec.:
(fontspec)             <->s*[1.022253274906051]"NotoSansPhoenician:mode=node;la
nguage=dflt;"
(fontspec)             - 'small caps'  (m/sc) with NFSS spec.: 

luaotfload | aux : font no 108 (nil) defines no feature for script latn

Package fontspec Info: NotoSansBalinese scale = 1.049998506972439.


Package fontspec Info: Could not resolve font "NotoSansBalinese/BI" (it
(fontspec)             probably doesn't exist).


Package fontspec Info: Could not resolve font "NotoSansBalinese/I" (it
(fontspec)             probably doesn't exist).


Package fontspec Info: NotoSansBalinese scale = 1.049998506972439.

luaotfload | aux : font no 108 (nil) does not define feature smcp for script dfl
t with language dflt

Package fontspec Info: NotoSansBalinese/B scale = 1.049998506972439.

luaotfload | aux : font no 111 (nil) does not define feature smcp for script dfl
t with language dflt

Package fontspec Info: Font family 'NotoSansBalinese(0)' created for font
(fontspec)             'Noto Sans Balinese' with options
(fontspec)             [Scale=MatchUppercase].
(fontspec)              
(fontspec)              This font family consists of the following NFSS
(fontspec)             series/shapes:
(fontspec)              
(fontspec)             - 'normal' (m/n) with NFSS spec.:
(fontspec)             <->s*[1.049998506972439]"NotoSansBalinese:mode=node;scri
pt=DFLT;language=dflt;"
(fontspec)             - 'small caps'  (m/sc) with NFSS spec.: 
(fontspec)             - 'bold' (b/n) with NFSS spec.:
(fontspec)             <->s*[1.049998506972439]"NotoSansBalinese/B:mode=node;sc
ript=DFLT;language=dflt;"
(fontspec)             - 'bold small caps'  (b/sc) with NFSS spec.: 


Package fontspec Info: NotoMusic scale = 1.029411707303745.


Package fontspec Info: Could not resolve font "NotoMusic/BI" (it probably
(fontspec)             doesn't exist).


Package fontspec Info: Could not resolve font "NotoMusic/B" (it probably
(fontspec)             doesn't exist).


Package fontspec Info: Could not resolve font "NotoMusic/I" (it probably
(fontspec)             doesn't exist).


Package fontspec Info: NotoMusic scale = 1.029411707303745.

luaotfload | aux : font no 115 (nil) does not define feature smcp for script lat
n with language dflt

Package fontspec Info: Font family 'NotoMusic(0)' created for font 'Noto
(fontspec)             Music' with options [Scale=MatchUppercase].
(fontspec)              
(fontspec)              This font family consists of the following NFSS
(fontspec)             series/shapes:
(fontspec)              
(fontspec)             - 'normal' (m/n) with NFSS spec.:
(fontspec)             <->s*[1.029411707303745]"NotoMusic:mode=node;script=latn
;language=dflt;"
(fontspec)             - 'small caps'  (m/sc) with NFSS spec.: 

luaotfload | aux : font no 117 (nil) defines no feature for script latn
luaotfload | aux : font no 117 (nil) defines no feature for script dflt

Package fontspec Info: NotoSansSundanese scale = 1.029411707303745.


Package fontspec Info: Could not resolve font "NotoSansSundanese/BI" (it
(fontspec)             probably doesn't exist).


Package fontspec Info: Could not resolve font "NotoSansSundanese/I" (it
(fontspec)             probably doesn't exist).


Package fontspec Info: NotoSansSundanese scale = 1.029411707303745.


Package fontspec Info: NotoSansSundanese/B scale = 1.029411707303745.


Package fontspec Info: Font family 'NotoSansSundanese(0)' created for font
(fontspec)             'Noto Sans Sundanese' with options
(fontspec)             [Scale=MatchUppercase].
(fontspec)              
(fontspec)              This font family consists of the following NFSS
(fontspec)             series/shapes:
(fontspec)              
(fontspec)             - 'normal' (m/n) with NFSS spec.:
(fontspec)             <->s*[1.029411707303745]"NotoSansSundanese:mode=node;lan
guage=dflt;"
(fontspec)             - 'small caps'  (m/sc) with NFSS spec.: 
(fontspec)             - 'bold' (b/n) with NFSS spec.:
(fontspec)             <->s*[1.029411707303745]"NotoSansSundanese/B:mode=node;l
anguage=dflt;"
(fontspec)             - 'bold small caps'  (b/sc) with NFSS spec.: 

(/usr/share/texlive/texmf-dist/tex/latex/setspace/setspace.sty
Package: setspace 2022/12/04 v6.7b set line spacing
)
(/usr/share/texlive/texmf-dist/tex/latex/titlesec/titlesec.sty
Package: titlesec 2023/10/27 v2.16 Sectioning titles
\ttl@box=\box80
\beforetitleunit=\skip77
\aftertitleunit=\skip78
\ttl@plus=\dimen329
\ttl@minus=\dimen330
\ttl@toksa=\toks54
\titlewidth=\dimen331
\titlewidthlast=\dimen332
\titlewidthfirst=\dimen333
)
\c@theorem=\count358

(./Hyperspatial_Constant_of_Semantic_Reference.aux)
\openout1 = Hyperspatial_Constant_of_Semantic_Reference.aux

LaTeX Font Info:    Checking defaults for OML/cmm/m/it on input line 678.
LaTeX Font Info:    ... okay on input line 678.
LaTeX Font Info:    Checking defaults for OMS/cmsy/m/n on input line 678.
LaTeX Font Info:    ... okay on input line 678.
LaTeX Font Info:    Checking defaults for OT1/cmr/m/n on input line 678.
LaTeX Font Info:    ... okay on input line 678.
LaTeX Font Info:    Checking defaults for T1/cmr/m/n on input line 678.
LaTeX Font Info:    ... okay on input line 678.
LaTeX Font Info:    Checking defaults for TS1/cmr/m/n on input line 678.
LaTeX Font Info:    ... okay on input line 678.
LaTeX Font Info:    Checking defaults for TU/lmr/m/n on input line 678.
LaTeX Font Info:    ... okay on input line 678.
LaTeX Font Info:    Checking defaults for OMX/cmex/m/n on input line 678.
LaTeX Font Info:    ... okay on input line 678.
LaTeX Font Info:    Checking defaults for U/cmr/m/n on input line 678.
LaTeX Font Info:    ... okay on input line 678.
LaTeX Font Info:    Checking defaults for PD1/pdf/m/n on input line 678.
LaTeX Font Info:    ... okay on input line 678.
LaTeX Font Info:    Checking defaults for PU/pdf/m/n on input line 678.
LaTeX Font Info:    ... okay on input line 678.

*geometry* driver: auto-detecting
*geometry* detected driver: luatex
*geometry* verbose mode - [ preamble ] result:
* driver: luatex
* paper: letterpaper
* layout: <same size as paper>
* layoutoffset:(h,v)=(0.0pt,0.0pt)
* modes: includefoot 
* h-part:(L,W,R)=(32.52127pt, 549.25246pt, 32.52127pt)
* v-part:(T,H,B)=(32.52127pt, 729.92744pt, 32.52127pt)
* \paperwidth=614.295pt
* \paperheight=794.96999pt
* \textwidth=549.25246pt
* \textheight=715.47368pt
* \oddsidemargin=-39.74872pt
* \evensidemargin=-39.74872pt
* \topmargin=-76.74872pt
* \headheight=14.0pt
* \headsep=25.0pt
* \topskip=11.0pt
* \footskip=14.45377pt
* \marginparwidth=59.0pt
* \marginparsep=10.0pt
* \columnsep=10.0pt
* \skip\footins=10.0pt plus 4.0pt minus 2.0pt
* \hoffset=0.0pt
* \voffset=0.0pt
* \mag=1000
* \@twocolumnfalse
* \@twosidefalse
* \@mparswitchfalse
* \@reversemarginfalse
* (1in=72.27pt=25.4mm, 1cm=28.453pt)

(/usr/share/texlive/texmf-dist/tex/context/base/mkii/supp-pdf.mkii
[Loading MPS to PDF converter (version 2006.09.02).]
\scratchcounter=\count359
\scratchdimen=\dimen334
\scratchbox=\box81
\nofMPsegments=\count360
\nofMParguments=\count361
\everyMPshowfont=\toks55
\MPscratchCnt=\count362
\MPscratchDim=\dimen335
\MPnumerator=\count363
\makeMPintoPDFobject=\count364
\everyMPtoPDFconversion=\toks56
) (/usr/share/texlive/texmf-dist/tex/latex/epstopdf-pkg/epstopdf-base.sty
Package: epstopdf-base 2020-01-24 v2.11 Base part for package epstopdf
Package epstopdf-base Info: Redefining graphics rule for `.eps' on input line 4
85.

(/usr/share/texlive/texmf-dist/tex/latex/latexconfig/epstopdf-sys.cfg
File: epstopdf-sys.cfg 2010/07/13 v1.3 Configuration of (r)epstopdf for TeX Liv
e
))
Package hyperref Info: Link coloring ON on input line 678.

(./Hyperspatial_Constant_of_Semantic_Reference.out)
(./Hyperspatial_Constant_of_Semantic_Reference.out)
\@outlinefile=\write4

\openout4 = Hyperspatial_Constant_of_Semantic_Reference.out
LaTeX Font Info:    Overwriting math alphabet `\mathsf' in version `normal'
(Font)                  OT1/cmss/m/n --> TU/lmss/m/n on input line 678.
LaTeX Font Info:    Overwriting math alphabet `\mathsf' in version `bold'
(Font)                  OT1/cmss/bx/n --> TU/lmss/b/n on input line 678.
LaTeX Font Info:    Overwriting math alphabet `\mathtt' in version `normal'
(Font)                  OT1/cmtt/m/n --> TU/lmtt/m/n on input line 678.
LaTeX Font Info:    Overwriting math alphabet `\mathtt' in version `bold'
(Font)                  OT1/cmtt/m/n --> TU/lmtt/b/n on input line 678.


Package unicode-math Warning: Using \overbracket and \underbracket from
(unicode-math)                `mathtools' package.
(unicode-math)                 
(unicode-math)                 Use \Uoverbracket and \Uunderbracket for
(unicode-math)                original `unicode-math' definition.


Package unicode-math Warning: I'm going to overwrite the following commands
(unicode-math)                from the `mathtools' package: 
(unicode-math)                 
(unicode-math)                     \dblcolon, \coloneqq, \Coloneqq, \eqqcolon.
(unicode-math)                
(unicode-math)                 
(unicode-math)                 Note that since I won't overwrite the other
(unicode-math)                colon-like commands, using them will lead to
(unicode-math)                inconsistencies.

\c@lstlisting=\count365
Package pgfplots notification 'compat/show suggested version=true': document ha
s been generated with the most recent feature set (\pgfplotsset{compat=1.18}).

Package caption Info: Begin \AtBeginDocument code.
Package caption Info: End \AtBeginDocument code.
LaTeX Font Info:    Font shape `TU/Lexend-Regular.ttf(0)/m/n' will be
(Font)              scaled to size 18.14404pt on input line 681.
LaTeX Font Info:    Font shape `TU/Lexend-Regular.ttf(0)/m/n' will be
(Font)              scaled to size 12.60004pt on input line 681.

LaTeX Font Warning: Font shape `U/wasy/b/n' in size <8> not available
(Font)              Font shape `U/wasy/m/n' tried instead on input line 681.


LaTeX Font Warning: Font shape `U/wasy/b/n' in size <6> not available
(Font)              Font shape `U/wasy/m/n' tried instead on input line 681.

LaTeX Font Info:    Font shape `TU/Lexend-Regular.ttf(0)/m/n' will be
(Font)              scaled to size 10.50003pt on input line 682.
LaTeX Font Info:    Font shape `TU/Lexend-Regular.ttf(0)/b/n' will be
(Font)              scaled to size 10.50003pt on input line 682.

LaTeX Font Warning: Font shape `U/wasy/b/n' in size <7> not available
(Font)              Font shape `U/wasy/m/n' tried instead on input line 683.


LaTeX Font Warning: Font shape `U/wasy/b/n' in size <5> not available
(Font)              Font shape `U/wasy/m/n' tried instead on input line 683.

LaTeX Font Info:    Font shape `TU/Lexend-Regular.ttf(0)/m/it' will be
(Font)              scaled to size 10.50003pt on input line 687.
[1

{/var/lib/texmf/fonts/map/pdftex/updmap/pdftex.map}]
LaTeX Font Info:    Font shape `TU/Lexend-Regular.ttf(0)/m/n' will be
(Font)              scaled to size 15.12003pt on input line 693.
LaTeX Font Info:    Font shape `TU/Lexend-Regular.ttf(0)/b/n' will be
(Font)              scaled to size 15.12003pt on input line 693.

(./Hyperspatial_Constant_of_Semantic_Reference.toc
LaTeX Font Info:    Font shape `TU/Lexend-Regular.ttf(0)/b/n' will be
(Font)              scaled to size 11.49753pt on input line 2.
 [2] [3] [4]
LaTeX Font Info:    Font shape `TU/Lexend-Regular.ttf(0)/m/n' will be
(Font)              scaled to size 8.04826pt on input line 91.
LaTeX Font Info:    Font shape `TU/Lexend-Regular.ttf(0)/m/n' will be
(Font)              scaled to size 5.74876pt on input line 91.
 [5] [6] [7])
\tf@toc=\write5

\openout5 = Hyperspatial_Constant_of_Semantic_Reference.toc

[8]
LaTeX Font Info:    Font shape `TU/Lexend-Regular.ttf(0)/b/n' will be
(Font)              scaled to size 12.60004pt on input line 701.
LaTeX Font Info:    Font shape `TU/Lexend-Regular.ttf(0)/m/it' will be
(Font)              scaled to size 11.49753pt on input line 705.
 [9]
LaTeX Font Info:    Font shape `TU/Lexend-Regular.ttf(1)/m/n' will be
(Font)              scaled to size 11.49753pt on input line 761.
LaTeX Font Info:    Font shape `TU/Lexend-Regular.ttf(1)/m/n' will be
(Font)              scaled to size 8.04826pt on input line 761.
LaTeX Font Info:    Font shape `TU/Lexend-Regular.ttf(1)/m/n' will be
(Font)              scaled to size 5.74876pt on input line 761.
 [10]
LaTeX Font Info:    Font shape `TU/Symbola(0)/m/n' will be
(Font)              scaled to size 12.24573pt on input line 796.
 [11]
Overfull \hbox (21.68645pt too wide) in paragraph at lines 844--845
[]\TU/Lexend-Regular.ttf(0)/b/n/10.95 Ex-pres-sion: \TU/Lexend-Regular.ttf(0)/m
/n/10.95 RE-CUR-SION, HRBR$\TU/LatinModernMath(1)/m/n/10.95 > 0$ \TU/Lexend-Reg
ular.ttf(0)/m/n/10.95 with M.A.S. chain: $\TU/LatinModernMath(1)/m/n/10.95 Ψ[]
 =$\TU/Lexend-Regular.ttf(0)/m/n/10.95 (DREH$\TU/LatinModernMath(1)/m/n/10.95 
→ Δ[] →$\TU/Lexend-Regular.ttf(0)/m/n/10.95 KAL$\TU/LatinModernMath(1)/m/n
/10.95 →$\TU/Lexend-Regular.ttf(0)/m/n/10.95 TSP$\TU/LatinModernMath(1)/m/n/1
0.95 →$\TU/Lexend-Regular.ttf(0)/m/n/10.95 BABDH) 
 []

[12] [13]
LaTeX Font Info:    Font shape `TU/Lexend-Regular.ttf(0)/m/it' will be
(Font)              scaled to size 8.04826pt on input line 901.
LaTeX Font Info:    Font shape `TU/Lexend-Regular.ttf(0)/m/it' will be
(Font)              scaled to size 5.74876pt on input line 901.
 [14] [15]
Overfull \hbox (109.59549pt too wide) detected at line 965
[][][][] [] \TU/LatinModernMath(1)/m/n/10.95 7.83 → [] 174 → [] 528 → [] 
432 ± []417 → [] 126.22 → [] 210.42 → [] 741 → [] 852 → [] 396 → [
] 963 → [] 285 → [] 639
 []

[16] [17]
LaTeX Font Info:    Font shape `TU/Lexend-Regular.ttf(1)/m/n' will be
(Font)              scaled to size 12.60004pt on input line 1053.
LaTeX Font Info:    Font shape `TU/Lexend-Regular.ttf(1)/m/n' will be
(Font)              scaled to size 8.40002pt on input line 1053.
LaTeX Font Info:    Font shape `TU/Lexend-Regular.ttf(1)/m/n' will be
(Font)              scaled to size 6.30002pt on input line 1053.
LaTeX Font Info:    Font shape `TU/Lexend-Regular.ttf(0)/b/n' will be
(Font)              scaled to size 8.04826pt on input line 1066.
LaTeX Font Info:    Font shape `TU/Lexend-Regular.ttf(0)/b/n' will be
(Font)              scaled to size 5.74876pt on input line 1066.
 [18] [19] [20] [21] [22] [23] [24]
Overfull \hbox (39.26434pt too wide) detected at line 1376
[][][][] \TU/LatinModernMath(1)/m/n/10.95 7.83 → [] 174 → [] 528 → [] 432 
± []417 → [] 126.22 → [] 210.42 → [] 741 → [] 852 → [] 396 → [] 963
 → [] 285 → [] 639
 []

[25]
LaTeX Font Info:    Font shape `TU/Lexend-Regular.ttf(0)/b/it' will be
(Font)              scaled to size 11.49753pt on input line 1446.
 [26] [27]
Overfull \hbox (103.38455pt too wide) detected at line 1555
 []$[]  \TU/LatinModernMath(1)/m/n/10.95 |𝑄[]| → |𝑄[]| + |𝑄[]| → |
𝑄[]| + |𝑄[]| → [](12 × 12 → 9 × 9) → Δ[] → |𝑄[]| → Ω(
𝛼, 𝛼) → |𝑄[]| → [] → [] → 0$ []  
 []

[28] [29] [30] [31] [32]
LaTeX Font Info:    Font shape `TU/Lexend-Regular.ttf(1)/b/n' will be
(Font)              scaled to size 11.49753pt on input line 1767.
LaTeX Font Info:    Font shape `TU/Lexend-Regular.ttf(1)/b/n' will be
(Font)              scaled to size 8.04826pt on input line 1767.
LaTeX Font Info:    Font shape `TU/Lexend-Regular.ttf(1)/b/n' will be
(Font)              scaled to size 5.74876pt on input line 1767.
 [33]
LaTeX Font Info:    Font shape `TU/Lexend-Regular.ttf(1)/b/n' will be
(Font)              scaled to size 12.60004pt on input line 1829.
LaTeX Font Info:    Font shape `TU/Lexend-Regular.ttf(1)/b/n' will be
(Font)              scaled to size 8.40002pt on input line 1829.
LaTeX Font Info:    Font shape `TU/Lexend-Regular.ttf(1)/b/n' will be
(Font)              scaled to size 6.30002pt on input line 1829.
 [34] [35] [36] [37]
LaTeX Font Info:    Font shape `TU/Lexend-Regular.ttf(0)/b/n' will be
(Font)              scaled to size 8.40002pt on input line 2026.
LaTeX Font Info:    Font shape `TU/Lexend-Regular.ttf(0)/b/n' will be
(Font)              scaled to size 6.30002pt on input line 2026.
 [38] [39] [40] [41] [42]
[43]
Overfull \hbox (36.34575pt too wide) in paragraph at lines 2285--2285
[]\TU/lmtt/m/n/10.95 Q$[][]$:\DREH+\SHAV RECURSION|HRBR>0|Ψ_MAS=852$\to$Δgap$\
to$174$\to$TSP$\to$528|LOCUS(0,0,0)=AXIOMYR[WITCH][] 
 []

[44]
Underfull \hbox (badness 1097) in paragraph at lines 2313--2313
[]|\TU/Lexend-Regular.ttf(0)/m/n/10.95 Q$[][]$: $[]$ + $[]$ FORM |$\TU/LatinMod
ernMath(1)/m/n/10.95 12 ×
 []


Underfull \hbox (badness 10000) in paragraph at lines 2313--2313
\TU/LatinModernMath(1)/m/n/10.95 12ℤ$ \TU/Lexend-Regular.ttf(0)/m/n/10.95 |$\
TU/LatinModernMath(1)/m/n/10.95 110/144 =
 []


Overfull \hbox (29.56937pt too wide) in paragraph at lines 2314--2314
[]|\TU/Lexend-Regular.ttf(0)/m/n/10.95 Q$[][]$: $[]$ + $[]$ TRUTH |$\TU/LatinMo
dernMath(1)/m/n/10.95 𝐻[](𝑋, ℚ)$ \TU/Lexend-Regular.ttf(0)/m/n/10.95 |$
\TU/LatinModernMath(1)/m/n/10.95 𝕀[] ≡
 []


Overfull \hbox (46.33517pt too wide) in paragraph at lines 2315--2315
[]|\TU/Lexend-Regular.ttf(0)/m/n/10.95 Q$[][]$: $[]$ + $[]$ SHADOW |$\TU/LatinM
odernMath(1)/m/n/10.95 ⊕𝐻[]$ \TU/Lexend-Regular.ttf(0)/m/n/10.95 |$[] \TU/
LatinModernMath(1)/m/n/10.95 →
 []


Underfull \hbox (badness 10000) in paragraph at lines 2315--2315
\TU/LatinModernMath(1)/m/n/10.95 396$ \TU/Lexend-Regular.ttf(0)/m/n/10.95 |$\TU
/LatinModernMath(1)/m/n/10.95 𝑄[] =
 []


Underfull \hbox (badness 10000) in paragraph at lines 2316--2316
[]|\TU/Lexend-Regular.ttf(0)/m/n/10.95 Q$[][]$: $[]$ + $[]$ RE-CUR-
 []


Underfull \hbox (badness 10000) in paragraph at lines 2316--2316
\TU/Lexend-Regular.ttf(0)/m/n/10.95 SION |$[] \TU/LatinModernMath(1)/m/n/10.95 
>
 []


Underfull \hbox (badness 10000) in paragraph at lines 2316--2316
\TU/LatinModernMath(1)/m/n/10.95 0$ \TU/Lexend-Regular.ttf(0)/m/n/10.95 |$\TU/L
atinModernMath(1)/m/n/10.95 Ψ[] = 852 →
 []


Underfull \hbox (badness 10000) in paragraph at lines 2316--2316
\TU/LatinModernMath(1)/m/n/10.95 528$ \TU/Lexend-Regular.ttf(0)/m/n/10.95 |$[]\
TU/LatinModernMath(1)/m/n/10.95 (0, 0, 0) =
 []


Overfull \hbox (700.42767pt too wide) in paragraph at lines 2317--2317
[]|$[]$ \TU/Lexend-Regular.ttf(0)/m/n/10.95 7.83 Hz $\TU/LatinModernMath(1)/m/n
/10.95 →$ $[]$ \TU/Lexend-Regular.ttf(0)/m/n/10.95 174 Hz $\TU/LatinModernMat
h(1)/m/n/10.95 →$ $[]$ \TU/Lexend-Regular.ttf(0)/m/n/10.95 528 Hz $\TU/LatinM
odernMath(1)/m/n/10.95 →$ $[]$ \TU/Lexend-Regular.ttf(0)/m/n/10.95 432 Hz $\T
U/LatinModernMath(1)/m/n/10.95 ±𝜑$ \TU/Lexend-Regular.ttf(0)/m/n/10.95 i417 Hz $\TU/LatinModernMath(1)/m/n/10.95 
→$ $[]$ \TU/Lexend-Regular.ttf(0)/m/n/10.95 126.22 Hz $\TU/LatinModernMath(1)
/m/n/10.95 →$ $[]$ \TU/Lexend-Regular.ttf(0)/m/n/10.95 210.42 Hz $\TU/LatinMo
dernMath(1)/m/n/10.95 →$ $[]$ \TU/Lexend-Regular.ttf(0)/m/n/10.95 741 Hz $\TU
/LatinModernMath(1)/m/n/10.95 →$ $[]$ \TU/Lexend-Regular.ttf(0)/m/n/10.95 852 Hz $\TU/LatinModernMath(1)/m/n/10.95 
→$ $[]$ \TU/Lexend-Regular.ttf(0)/m/n/10.95 396 Hz $\TU/LatinModernMath(1)/m/
n/10.95 →$ $[]$ \TU/Lexend-Regular.ttf(0)/m/n/10.95 963 Hz $\TU/LatinModernMa
th(1)/m/n/10.95 →$ $[]$ \TU/Lexend-Regular.ttf(0)/m/n/10.95 285 Hz $\TU/Latin
ModernMath(1)/m/n/10.95 →$ $[]$ \TU/Lexend-Regular.ttf(0)/m/n/10.95 639 Hz| 
 []

[45] [46]
Overfull \hbox (28.75682pt too wide) in paragraph at lines 2401--2415
 [][] 
 []


Underfull \hbox (badness 1210) in paragraph at lines 2419--2420
\TU/Lexend-Regular.ttf(0)/b/n/10.95 Se-man-tic Rich-ness: \TU/Lexend-Regular.tt
f(0)/m/n/10.95 Files res-onat-ing across mul-ti-ple ax-ioms demon-strate se-man-
tic ``rich-
 []

[47]
Underfull \hbox (badness 1014) in paragraph at lines 2452--2453
[]\TU/Lexend-Regular.ttf(0)/b/n/10.95 Bib-li-og-ra-phy Res-o-nance: \TU/lmtt/m/
n/10.95 .bst \TU/Lexend-Regular.ttf(0)/m/n/10.95 (Bib-TeX) files res-onate with TRUTH and SHADOW ax-
 []


Underfull \hbox (badness 2521) in paragraph at lines 2452--2453
\TU/Lexend-Regular.ttf(0)/m/n/10.95 ioms—per-haps be-cause bib-li-og-ra-phy re
cords rep-re-sent truth state-ments about cited
 []

[48] [49] [50]
Underfull \hbox (badness 1297) in paragraph at lines 2585--2586
[]\TU/Lexend-Regular.ttf(0)/b/n/10.95 The Union of Op-po-sites (Rebis/double-bod
ied): \TU/Lexend-Regular.ttf(0)/m/n/10.95 The poem de-scribes the fu-sion of
 []

[51]
Underfull \hbox (badness 5954) in paragraph at lines 2676--2677
[]|\TU/Lexend-Regular.ttf(0)/m/n/10.95 Hid-den com-pu-ta-tion (ex-po-
 []


LaTeX Warning: `h' float specifier changed to `ht'.

[52] [53] [54] [55] [56] [57] [58]
Overfull \hbox (9.80424pt too wide) in paragraph at lines 3008--3009
[]\TU/Lexend-Regular.ttf(0)/b/n/10.95 [A3] \TU/Lexend-Regular.ttf(0)/m/n/10.95 
Ah-nend, J. R. (2026). ``What Lies Be-hind Faith.'' \TU/lmtt/m/n/10.95 ALQC_FORM
AL_PROOFS/What_Lies_Behind_Faith.md 
 []


Overfull \hbox (169.24028pt too wide) in paragraph at lines 3010--3011
[]\TU/Lexend-Regular.ttf(0)/b/n/10.95 [A4] \TU/Lexend-Regular.ttf(0)/m/n/10.95 
Ah-nend, J. R. (2026). ``Those For-tu-nate As To Get The Is-land.'' \TU/lmtt/m/
n/10.95 ALQC_FORMAL_PROOFS/Those_Fortunate_As_To_Get_The_Island.md 
 []

[59
Missing character: There is no ✓ (U+2713) in font [/home/avgui/.local/share/fo
nts/Lexend/static/Lexend-Regular.ttf]:mode=node;script=latn;language=dflt;letter
space=1.5;+tlig;!
Missing character: There is no ✓ (U+2713) in font [/home/avgui/.local/share/fo
nts/Lexend/static/Lexend-Regular.ttf]:mode=node;script=latn;language=dflt;letter
space=1.5;+tlig;!
Missing character: There is no ✓ (U+2713) in font [/home/avgui/.local/share/fo
nts/Lexend/static/Lexend-Regular.ttf]:mode=node;script=latn;language=dflt;letter
space=1.5;+tlig;!
Missing character: There is no ✓ (U+2713) in font [/home/avgui/.local/share/fo
nts/Lexend/static/Lexend-Regular.ttf]:mode=node;script=latn;language=dflt;letter
space=1.5;+tlig;!
Missing character: There is no ✓ (U+2713) in font [/home/avgui/.local/share/fo
nts/Lexend/static/Lexend-Regular.ttf]:mode=node;script=latn;language=dflt;letter
space=1.5;+tlig;!
Missing character: There is no ✓ (U+2713) in font [/home/avgui/.local/share/fo
nts/Lexend/static/Lexend-Regular.ttf]:mode=node;script=latn;language=dflt;letter
space=1.5;+tlig;!
Missing character: There is no ✓ (U+2713) in font [/home/avgui/.local/share/fo
nts/Lexend/static/Lexend-Regular.ttf]:mode=node;script=latn;language=dflt;letter
space=1.5;+tlig;!
Missing character: There is no ✓ (U+2713) in font [/home/avgui/.local/share/fo
nts/Lexend/static/Lexend-Regular.ttf]:mode=node;script=latn;language=dflt;letter
space=1.5;+tlig;!
Missing character: There is no ✓ (U+2713) in font [/home/avgui/.local/share/fo
nts/Lexend/static/Lexend-Regular.ttf]:mode=node;script=latn;language=dflt;letter
space=1.5;+tlig;!
]

LaTeX Warning: `h' float specifier changed to `ht'.

[60] [61] [62] [63]
LaTeX Font Info:    Font shape `TU/Lexend-Regular.ttf(1)/m/n' will be
(Font)              scaled to size 10.50003pt on input line 3196.
LaTeX Font Info:    Font shape `TU/Lexend-Regular.ttf(1)/m/n' will be
(Font)              scaled to size 7.35002pt on input line 3196.
LaTeX Font Info:    Font shape `TU/Lexend-Regular.ttf(1)/m/n' will be
(Font)              scaled to size 5.25002pt on input line 3196.
LaTeX Font Info:    Font shape `TU/Lexend-Regular.ttf(1)/b/n' will be
(Font)              scaled to size 10.50003pt on input line 3196.
LaTeX Font Info:    Font shape `TU/Lexend-Regular.ttf(1)/b/n' will be
(Font)              scaled to size 7.35002pt on input line 3196.
LaTeX Font Info:    Font shape `TU/Lexend-Regular.ttf(1)/b/n' will be
(Font)              scaled to size 5.25002pt on input line 3196.
LaTeX Font Info:    Font shape `TU/Lexend-Regular.ttf(0)/m/n' will be
(Font)              scaled to size 7.35002pt on input line 3196.
LaTeX Font Info:    Font shape `TU/Lexend-Regular.ttf(0)/m/n' will be
(Font)              scaled to size 5.25002pt on input line 3196.


LaTeX Warning: `h' float specifier changed to `ht'.

[64]

LaTeX Warning: `h' float specifier changed to `ht'.


LaTeX Warning: `h' float specifier changed to `ht'.

[65]
LaTeX Font Info:    Font shape `TU/Lexend-Regular.ttf(0)/m/n' will be
(Font)              scaled to size 6.30002pt on input line 3361.


LaTeX Warning: `h' float specifier changed to `ht'.


Underfull \hbox (badness 10000) in alignment at lines 3383--3400
[][][][]
 []

[66]
Overfull \hbox (9.7089pt too wide) detected at line 3414
[]
 []

[67] [68] [69] (./Hyperspatial_Constant_of_Semantic_Reference.bbl [70])
[71] (./Hyperspatial_Constant_of_Semantic_Reference.aux)
 ***********
LaTeX2e <2023-11-01> patch level 1
L3 programming layer <2024-01-22>
 ***********


LaTeX Font Warning: Size substitutions with differences
(Font)              up to 0.475pt have occurred.

Package rerunfilecheck Info: File `Hyperspatial_Constant_of_Semantic_Reference.
out' has not changed.
(rerunfilecheck)             Checksum: BDBC0838029286484DCF9BFB8F2ACF4B;36452.
)

Here is how much of LuaTeX's memory you used:
 47465 strings out of 476553
 125126,1977958 words of node,token memory allocated
 2620 words of node memory still in use:
   23 hlist, 2 vlist, 10 rule, 2 glue, 4 kern, 1 glyph, 561 attribute, 68 glue_s
pec, 306 attribute_list, 2 write, 16 pdf_literal, 1 pdf_action, 16 pdf_colorstac
k nodes
   avail lists: 2:6474,3:1606,4:220,5:3607,6:93,7:5453,8:138,9:1317,10:16,11:481

 67812 multiletter control sequences out of 65536+600000
 231 fonts using 51546019 bytes
 84i,16n,119p,759b,881s stack positions out of 50000i,1000n,20000p,200000b,500000s
</usr/share/texmf/fonts/opentype/public/lm-math/latinmodern-math.otf></home/avgu
i/.local/share/fonts/Lexend/static/Lexend-Bold.ttf></usr/share/texmf/fonts/opent
ype/public/lm/lmmono10-regular.otf></usr/share/texmf/fonts/opentype/public/lm/lm
mono10-italic.otf></usr/share/fonts/truetype/ancient-scripts/Symbola_hint.ttf></
home/avgui/.local/share/fonts/Lexend/static/Lexend-Regular.ttf></usr/share/texmf
/fonts/opentype/public/lm-math/latinmodern-math.otf></usr/share/texmf/fonts/open
type/public/lm-math/latinmodern-math.otf></home/avgui/.local/share/fonts/Lexend/
static/Lexend-Bold.ttf></home/avgui/.local/share/fonts/Lexend/static/Lexend-Regu
lar.ttf>
Output written on Hyperspatial_Constant_of_Semantic_Reference.pdf (71 pages, 28
6919 bytes).

PDF statistics: 1650 PDF objects out of 1728 (max. 8388607)
 1515 compressed objects within 16 object streams
 545 named destinations out of 1000 (max. 131072)
 1600 words of extra memory for PDF output out of 10000 (max. 100000000)

