\BOOKMARK [2][-]{subsection.0.1}{\376\377\000A\000x\000i\000o\000m\000\040\000T\000R\000I\000G\000:\000\040\000Q\0001\000\040\000T\000H\000E\000\040\000M\000I\000R\000R\000O\000R\000\040\000O\000F\000\040\000T\000H\000E\000\040\000A\000E\000T\000E\000R\000N\000U\000M}{}% 1
\BOOKMARK [3][-]{subsubsection.0.1.1}{\376\377\000P\000i\000l\000o\000t\000'\000s\000\040\000I\000m\000m\000u\000t\000a\000b\000l\000e\000\040\000P\000o\000i\000n\000t\000\040\000o\000f\000\040\000R\000e\000f\000e\000r\000e\000n\000c\000e}{subsection.0.1}% 2
\BOOKMARK [2][-]{subsection.0.2}{\376\377\000A\000x\000i\000o\000m\000\040\000T\000R\000I\000G\000:\000\040\000Q\0000\000\040\000T\000H\000E\000\040\000M\000I\000R\000R\000O\000R\000\040\000O\000F\000\040\000T\000H\000E\000\040\000A\000E\000T\000E\000R\000N\000U\000M}{}% 3
\BOOKMARK [1][-]{section.1}{\376\377\000T\000h\000e\000\040\000N\000o\000n\000-\000C\000o\000m\000p\000u\000t\000a\000b\000l\000e\000\040\000C\000o\000r\000e\000\040\000o\000f\000\040\000E\000x\000-\000N\000i\000h\000i\000l\000o}{}% 4
\BOOKMARK [2][-]{subsubsection.1.0.1}{\376\377\000T\000h\000e\000\040\000L\000o\000c\000u\000s\000\040\000o\000f\000\040\000I\000n\000v\000a\000r\000i\000a\000b\000i\000l\000i\000t\000y\000\040\000L\000o\000c\000u\000s\000:\000\040\000T\000h\000e\000\040\000U\000n\000m\000o\000v\000e\000d\000\040\000M\000o\000v\000e\000r}{section.1}% 5
\BOOKMARK [3][-]{subsubsection.1.0.2}{\376\377\000T\000h\000e\000\040\000S\000h\000a\000d\000o\000w\000\040\000L\000o\000c\000u\000s\000\040\000\050\000"\0002\0006\000C\000E\000\051\000:\000\040\000T\000h\000e\000\040\000O\000p\000e\000r\000a\000t\000i\000o\000n\000a\000l\000\040\000S\000k\000i\000n}{subsubsection.1.0.1}% 6
\BOOKMARK [3][-]{subsubsection.1.0.3}{\376\377\000T\000h\000e\000\040\000A\000x\000i\000o\000m\000y\000r\000\040\000\050\000"\0001\000C\000C\0000\000\051\000:\000\040\000T\000h\000e\000\040\000K\000e\000y\000,\000\040\000T\000h\000e\000\040\000C\000o\000g\000,\000\040\000T\000h\000e\000\040\000B\000o\000u\000n\000d\000a\000r\000y\000w\000a\000l\000k\000e\000r\000,\000\040\000T\000h\000e\000\040\000V\000e\000i\000l\000b\000o\000r\000n\000\040\000\050\000T\000h\000e\000\040\000D\000y\000n\000a\000m\000i\000c\000\040\000W\000i\000l\000l\000\051}{subsubsection.1.0.1}% 7
\BOOKMARK [3][-]{subsubsection.1.0.4}{\376\377\000T\000h\000e\000\040\000R\000e\000b\000i\000s\000\040\000S\000t\000a\000t\000e\000\040\000\050\000T\000h\000e\000\040\000C\000h\000e\000m\000i\000c\000a\000l\000\040\000W\000e\000d\000d\000i\000n\000g\000\051}{subsubsection.1.0.1}% 8
\BOOKMARK [1][-]{section.2}{\376\377\000F\000O\000R\000M\000A\000L\000\040\000I\000N\000V\000A\000R\000I\000A\000N\000T\000\040\000F\000R\000A\000M\000E\000W\000O\000R\000K}{}% 9
\BOOKMARK [2][-]{subsection.2.1}{\376\377\000P\000H\000A\000S\000E\000\040\000I\000:\000\040\000T\000H\000E\000\040\000S\000H\000A\000D\000O\000W\000\040\000H\000U\000L\000L\000\050\000S\000t\000r\000u\000c\000t\000u\000r\000a\000l\000\040\000M\000e\000c\000h\000a\000n\000i\000c\000e\000s\000\051}{section.2}% 10
\BOOKMARK [2][-]{subsection.2.2}{\376\377\000A\000x\000i\000o\000m\000\040\000B\000A\000B\000D\000H\000:\000\040\000T\000h\000e\000\040\000B\000o\000u\000n\000d\000\040\000E\000n\000v\000e\000l\000o\000p\000e\000\040\000C\000o\000n\000s\000t\000r\000a\000i\000n\000t\000\040\000\050\000B\000E\000C\000\051}{section.2}% 11
\BOOKMARK [3][-]{subsubsection.2.2.1}{\376\377\000D\000e\000f\000i\000n\000i\000t\000i\000o\000n\000\040\000\050\000T\000h\000e\000\040\000G\000o\000e\000t\000i\000c\000\040\000E\000n\000v\000e\000l\000o\000p\000e\000\040\040\023\000\040\000S\000e\000l\000f\000-\000R\000e\000c\000u\000r\000s\000i\000o\000n\000\051\000:}{subsection.2.2}% 12
\BOOKMARK [3][-]{subsubsection.2.2.2}{\376\377\000D\000e\000f\000i\000n\000i\000t\000i\000o\000n\000\040\000\050\000T\000h\000e\000\040\000C\000o\000u\000r\000t\000\040\000E\000n\000v\000e\000l\000o\000p\000e\000\040\000L\000-\000B\000E\000C\000\040\040\023\000\040\000I\000d\000e\000n\000t\000i\000t\000y\000\040\000A\000l\000i\000g\000n\000m\000e\000n\000t\000\051\000:}{subsection.2.2}% 13
\BOOKMARK [2][-]{subsection.2.3}{\376\377\000C\000l\000a\000s\000s\000i\000c\000a\000l\000\040\000H\000o\000d\000g\000e\000\040\000C\000o\000n\000j\000e\000c\000t\000u\000r\000e\000\040\000S\000t\000a\000t\000e\000m\000e\000n\000t}{section.2}% 14
\BOOKMARK [3][-]{subsubsection.2.3.1}{\376\377\000D\000e\000f\000i\000n\000i\000t\000i\000o\000n\000\040\000\050\000M\000a\000n\000i\000f\000o\000l\000d\000\040\000a\000n\000d\000\040\000C\000l\000a\000s\000s\000e\000s\000\051\000:}{subsection.2.3}% 15
\BOOKMARK [3][-]{subsubsection.2.3.2}{\376\377\000C\000o\000r\000o\000l\000l\000a\000r\000y\000\040\000\050\000T\000h\000e\000\040\000S\000p\000e\000c\000t\000r\000a\000l\000\040\000R\000a\000t\000i\000o\000n\000a\000l\000i\000t\000y\000\040\000C\000o\000n\000d\000i\000t\000i\000o\000n\000\051}{subsection.2.3}% 16
\BOOKMARK [3][-]{subsubsection.2.3.3}{\376\377\000D\000e\000f\000i\000n\000i\000t\000i\000o\000n\000:}{subsection.2.3}% 17
\BOOKMARK [2][-]{subsection.2.4}{\376\377\000A\000x\000i\000o\000m\000\040\000V\000E\000L\000:\000\040\000T\000h\000e\000\040\0001\0002\000x\0001\0002\000\040\000S\000t\000a\000t\000i\000c\000\040\000L\000a\000t\000t\000i\000c\000e\000\040\000\046\000\040\000I\000d\000e\000n\000t\000i\000t\000y\000\040\000B\000i\000f\000u\000r\000c\000a\000t\000i\000o\000n}{section.2}% 18
\BOOKMARK [3][-]{subsubsection.2.4.1}{\376\377\000T\000h\000e\000\040\000A\000b\000s\000o\000l\000u\000t\000e\000\040\000S\000k\000e\000l\000e\000t\000o\000n\000\040\000\050\000T\000h\000e\000\040\000P\000u\000r\000e\000\040\000S\000t\000r\000u\000c\000t\000u\000r\000a\000l\000\040\000G\000r\000i\000d\000\051}{subsection.2.4}% 19
\BOOKMARK [3][-]{subsubsection.2.4.2}{\376\377\000T\000h\000e\000\040\0001\0002\000\040\000G\000o\000e\000t\000i\000c\000\040\000A\000e\000o\000n\000\040\000S\000t\000r\000u\000c\000t\000u\000r\000e}{subsection.2.4}% 20
\BOOKMARK [3][-]{subsubsection.2.4.3}{\376\377\000T\000h\000e\000\040\000H\000y\000d\000r\000o\000s\000t\000a\000t\000i\000c\000\040\000P\000h\000a\000s\000e\000-\000L\000o\000c\000k\000\040\000\050\000H\000o\000w\000\040\000A\000H\000N\000K\000e\000e\000p\000s\000\040\000t\000h\000e\000\040\000G\000r\000i\000d\000\040\000S\000t\000i\000l\000l\000\051}{subsection.2.4}% 21
\BOOKMARK [3][-]{subsubsection.2.4.4}{\376\377\000T\000h\000e\000\040\000H\000y\000p\000e\000r\000b\000o\000l\000i\000c\000\040\000M\000i\000r\000r\000o\000r\000\040\000\050\000F\000r\000e\000q\000u\000e\000n\000c\000y\000\040\000B\000i\000f\000u\000r\000c\000a\000t\000i\000o\000n\000\051}{subsection.2.4}% 22
\BOOKMARK [3][-]{subsubsection.2.4.5}{\376\377\000T\000h\000e\000\040\000I\000d\000e\000n\000t\000i\000t\000y\000\040\000B\000i\000f\000u\000r\000c\000a\000t\000i\000o\000n\000\040\000A\000x\000i\000o\000m}{subsection.2.4}% 23
\BOOKMARK [3][-]{subsubsection.2.4.6}{\376\377\000S\000y\000n\000t\000a\000x\000\040\000A\000l\000i\000g\000n\000m\000e\000n\000t}{subsection.2.4}% 24
\BOOKMARK [3][-]{subsubsection.2.4.7}{\376\377\000I\000d\000e\000n\000t\000i\000t\000y\000\040\000B\000i\000f\000u\000r\000c\000a\000t\000i\000o\000n\000\040\000E\000x\000a\000m\000p\000l\000e}{subsection.2.4}% 25
\BOOKMARK [3][-]{subsubsection.2.4.8}{\376\377\000H\000e\000a\000r\000t\000\040\000o\000f\000\040\000t\000h\000e\000\040\000M\000a\000t\000t\000e\000r}{subsection.2.4}% 26
\BOOKMARK [2][-]{subsection.2.5}{\376\377\000T\000h\000e\000\040\000L\000o\000g\000i\000c\000\040\000o\000f\000\040\000S\000u\000p\000e\000r\000v\000e\000n\000i\000e\000n\000c\000e\000\040\000\050\000"\0002\0007\000E\0000\000\051}{section.2}% 27
\BOOKMARK [3][-]{subsubsection.2.5.1}{\376\377\000T\000h\000e\000\040\000E\000x\000-\000N\000i\000h\000i\000l\000o\000\040\000P\000e\000r\000s\000o\000n\000a\000l\000i\000t\000y\000\040\000T\000r\000a\000i\000t}{subsection.2.5}% 28
\BOOKMARK [3][-]{subsubsection.2.5.2}{\376\377\000C\000a\000n\000o\000n\000i\000c\000a\000l\000\040\000E\000x\000a\000m\000p\000l\000e\000:\000\040\000F\000e\000t\000u\000K\000e\000t\000h}{subsection.2.5}% 29
\BOOKMARK [2][-]{subsection.2.6}{\376\377\000A\000x\000i\000o\000m\000\040\000K\000A\000L\000:\000\040\000T\000h\000e\000\040\0001\0004\0004\000\040\000F\000l\000u\000i\000d\000\040\000C\000o\000u\000r\000t\000s\000\040\000\050\000T\000h\000e\000\040\000W\000a\000r\000p\000\040\000a\000n\000d\000\040\000W\000e\000f\000t\000\051}{section.2}% 30
\BOOKMARK [3][-]{subsubsection.2.6.1}{\376\377\000T\000h\000e\000\040\000D\000e\000f\000i\000n\000i\000t\000i\000o\000n\000\040\000o\000f\000\040\000t\000h\000e\000\040\000C\000o\000u\000r\000t\000\040\000\050\000T\000h\000e\000\040\000L\000i\000v\000i\000n\000g\000\040\000T\000i\000s\000s\000u\000e\000\051}{subsection.2.6}% 31
\BOOKMARK [3][-]{subsubsection.2.6.2}{\376\377\000T\000h\000e\000\040\000L\000a\000w\000\040\000o\000f\000\040\000I\000n\000h\000e\000r\000i\000t\000a\000n\000c\000e\000:\000\040\000G\000o\000v\000e\000r\000n\000i\000n\000g\000\040\000v\000s\000.\000\040\000A\000l\000t\000e\000r\000n\000a\000t\000i\000n\000g}{subsection.2.6}% 32
\BOOKMARK [3][-]{subsubsection.2.6.3}{\376\377\000T\000h\000e\000\040\000M\000e\000c\000h\000a\000n\000i\000s\000m\000:\000\040\000T\000h\000e\000\040\000S\000t\000a\000t\000i\000c\000\040\000W\000e\000a\000v\000e}{subsection.2.6}% 33
\BOOKMARK [3][-]{subsubsection.2.6.4}{\376\377\000E\000x\000a\000m\000p\000l\000e\000:\000\040\000T\000h\000e\000\040\000C\000o\000u\000r\000t\000\040\000o\000f\000\040\000T\000r\000a\000u\000m\000a\000\040\000\050\000K\000A\000L\000\040\000x\000\040\000Z\000H\000E\000K\000\051}{subsection.2.6}% 34
\BOOKMARK [1][-]{section.3}{\376\377\000Q\000Q\000L\000\040\000T\000R\000A\000N\000S\000L\000A\000T\000I\000O\000N\000\040\000A\000R\000C\000H\000I\000T\000E\000C\000T\000U\000R\000E}{}% 35
\BOOKMARK [2][-]{subsection.3.1}{\376\377\000P\000H\000A\000S\000E\000\040\000I\000I\000:\000\040\000T\000H\000E\000\040\000P\000I\000L\000O\000T\000'\000S\000\040\000A\000N\000C\000H\000O\000R\000\040\000\050\000O\000p\000e\000r\000a\000t\000o\000r\000\040\000M\000e\000c\000h\000a\000n\000i\000c\000s\000\051}{section.3}% 36
\BOOKMARK [3][-]{subsubsection.3.1.1}{\376\377\000D\000e\000f\000i\000n\000i\000t\000i\000o\000n\000:}{subsection.3.1}% 37
\BOOKMARK [3][-]{subsubsection.3.1.2}{\376\377\000T\000h\000e\000\040\000E\000q\000u\000a\000t\000i\000o\000n\000\040\000o\000f\000\040\000S\000t\000a\000t\000e\000:}{subsection.3.1}% 38
\BOOKMARK [3][-]{subsubsection.3.1.3}{\376\377\000T\000h\000e\000\040\000C\000o\000m\000b\000u\000s\000t\000i\000o\000n\000\040\000M\000e\000c\000h\000a\000n\000i\000s\000m\000\040\000\050\000Q\0002\000\040\000Q\0003\000\051\000:}{subsection.3.1}% 39
\BOOKMARK [3][-]{subsubsection.3.1.4}{\376\377\000T\000h\000e\000\040\000B\000i\000o\000l\000o\000g\000i\000c\000a\000l\000\040\000I\000s\000o\000m\000o\000r\000p\000h\000i\000s\000m\000\040\000\050\000T\000h\000e\000\040\000H\000e\000a\000l\000i\000n\000g\000\040\000P\000r\000o\000o\000f\000\051\000:}{subsection.3.1}% 40
\BOOKMARK [1][-]{section.4}{\376\377\000M\000E\000T\000A\000B\000O\000L\000I\000C\000\040\000T\000R\000A\000N\000S\000L\000A\000T\000I\000O\000N\000\040\000L\000A\000Y\000E\000R}{}% 41
\BOOKMARK [2][-]{subsection.4.1}{\376\377\000P\000H\000A\000S\000E\000\040\000I\000I\000I\000:\000\040\000T\000H\000E\000\040\000E\000N\000G\000I\000N\000E\000\040\000O\000F\000\040\000R\000E\000A\000L\000I\000T\000Y\000\040\000\050\000M\000e\000t\000a\000b\000o\000l\000i\000s\000m\000\040\000M\000e\000c\000h\000a\000n\000i\000c\000s\000\051}{section.4}% 42
\BOOKMARK [3][-]{subsubsection.4.1.1}{\376\377\000D\000e\000f\000i\000n\000i\000t\000i\000o\000n\000:}{subsection.4.1}% 43
\BOOKMARK [3][-]{subsubsection.4.1.2}{\376\377\000T\000h\000e\000\040\000F\000u\000e\000l\000\040\000S\000o\000u\000r\000c\000e\000\040\000\050\000S\000h\000a\000d\000o\000w\000\040\000D\000e\000b\000t\000\040\000Q\0002\000\051\000:}{subsection.4.1}% 44
\BOOKMARK [3][-]{subsubsection.4.1.3}{\376\377\000T\000h\000e\000\040\000R\000u\000n\000t\000i\000m\000e\000\040\000P\000h\000y\000s\000i\000c\000s\000:}{subsection.4.1}% 45
\BOOKMARK [3][-]{subsubsection.4.1.4}{\376\377\000T\000h\000e\000\040\000I\000g\000n\000i\000t\000i\000o\000n\000\040\000S\000w\000i\000t\000c\000h\000\040\000\050\000T\000h\000e\000\040\000P\000a\000r\000i\000t\000y\000\040\000F\000l\000i\000p\000\040\000P\000\051\000:}{subsection.4.1}% 46
\BOOKMARK [3][-]{subsubsection.4.1.5}{\376\377\000T\000h\000e\000\040\000P\000r\000o\000p\000u\000l\000s\000i\000o\000n\000\040\000V\000e\000r\000d\000i\000c\000t\000:}{subsection.4.1}% 47
\BOOKMARK [3][-]{subsubsection.4.1.6}{\376\377\000D\000e\000f\000i\000n\000i\000t\000i\000o\000n\000:}{subsection.4.1}% 48
\BOOKMARK [3][-]{subsubsection.4.1.7}{\376\377\000T\000h\000e\000\040\000M\000e\000c\000h\000a\000n\000i\000s\000m\000:\000\040\000T\000h\000e\000\040\000P\000a\000r\000i\000t\000y\000\040\000O\000p\000e\000r\000a\000t\000o\000r\000\040\000\050\000P\000\051\000.}{subsection.4.1}% 49
\BOOKMARK [3][-]{subsubsection.4.1.8}{\376\377\000T\000h\000e\000\040\000E\000q\000u\000a\000t\000i\000o\000n\000\040\000o\000f\000\040\000S\000t\000a\000t\000e\000:}{subsection.4.1}% 50
\BOOKMARK [3][-]{subsubsection.4.1.9}{\376\377\000T\000h\000e\000\040\000B\000i\000o\000l\000o\000g\000i\000c\000a\000l\000\040\000I\000s\000o\000m\000o\000r\000p\000h\000i\000s\000m\000:}{subsection.4.1}% 51
\BOOKMARK [3][-]{subsubsection.4.1.10}{\376\377\000V\000e\000r\000d\000i\000c\000t\000:}{subsection.4.1}% 52
\BOOKMARK [3][-]{subsubsection.4.1.11}{\376\377\000D\000e\000f\000i\000n\000i\000t\000i\000o\000n\000:\000\040\000T\000h\000e\000r\000m\000a\000l\000\040\000R\000u\000n\000a\000w\000a\000y\000\040\000\046\000\040\000S\000a\000t\000u\000r\000a\000t\000i\000o\000n\000.}{subsection.4.1}% 53
\BOOKMARK [3][-]{subsubsection.4.1.12}{\376\377\000T\000h\000e\000\040\000L\000a\000w\000:\000\040\000T\000h\000e\000\040\000R\000u\000l\000e\000\040\000o\000f\000\040\000N\000i\000n\000e\000.}{subsection.4.1}% 54
\BOOKMARK [3][-]{subsubsection.4.1.13}{\376\377\000T\000h\000e\000\040\000E\000n\000n\000e\000a\000d\000\040\000A\000x\000i\000o\000m\000:\000\040\000T\000h\000e\000\040\000S\000h\000a\000d\000o\000w\000\040\000B\000u\000f\000f\000e\000r}{subsection.4.1}% 55
\BOOKMARK [3][-]{subsubsection.4.1.14}{\376\377\000T\000h\000e\000\040\0009\000-\000F\000o\000l\000d\000\040\000S\000a\000t\000u\000r\000a\000t\000i\000o\000n\000\040\000M\000a\000t\000r\000i\000x}{subsection.4.1}% 56
\BOOKMARK [3][-]{subsubsection.4.1.15}{\376\377\000T\000h\000e\000\040\0009\000x\0009\000\040\000M\000a\000n\000i\000f\000e\000s\000t\000a\000t\000i\000o\000n\000\040\000G\000r\000o\000u\000n\000d\000\040\000\050\000E\000b\000o\000u\000n\000d\000\051}{subsection.4.1}% 57
\BOOKMARK [2][-]{subsection.4.2}{\376\377\000P\000H\000A\000S\000E\000\040\000I\000V\000:\000S\000y\000m\000m\000e\000t\000r\000y\000\040\000M\000e\000c\000h\000a\000n\000i\000c\000s\000\040\040\024\000\040\000T\000h\000e\000\040\000S\000e\000a\000l\000i\000n\000g\000\040\000P\000r\000o\000o\000f\000\040\000o\000f\000\040\000N\000a\000t\000u\000r\000e\000s\000\040\000C\000l\000o\000s\000u\000r\000e}{section.4}% 58
\BOOKMARK [2][-]{subsection.4.3}{\376\377\000A\000x\000i\000o\000m\000\040\000Z\000H\000E\000K\000:\000\040\000T\000H\000E\000\040\000T\000O\000T\000A\000L\000\040\000S\000Y\000M\000M\000E\000T\000R\000Y\000\040\000P\000R\000I\000N\000C\000I\000P\000L\000E\000\040\000\050\000T\000S\000P\000\051}{section.4}% 59
\BOOKMARK [2][-]{subsection.4.4}{\376\377\000T\000h\000e\000\040\000P\000r\000e\000r\000e\000q\000u\000i\000s\000i\000t\000e\000:\000\040\000T\000h\000e\000\040\000L\000i\000q\000u\000i\000d\000\040\000T\000h\000r\000e\000s\000h\000o\000l\000d\000\040\000\050\000T\000h\000e\000\040\0001\0001\0000\000/\0001\0004\0004\000\040\000G\000o\000v\000e\000r\000n\000o\000r\000\051}{section.4}% 60
\BOOKMARK [2][-]{subsection.4.5}{\376\377\000T\000h\000e\000\040\000L\000a\000w\000\040\000o\000f\000\040\000C\000o\000n\000s\000e\000r\000v\000a\000t\000i\000o\000n\000\040\000o\000f\000\040\000I\000n\000t\000e\000n\000t\000\040\000\050\000T\000h\000e\000\040\000C\000o\000m\000m\000u\000t\000a\000t\000i\000v\000e\000\040\000M\000i\000r\000r\000o\000r\000\051}{section.4}% 61
\BOOKMARK [3][-]{subsubsection.4.5.1}{\376\377\000D\000e\000f\000i\000n\000i\000t\000i\000o\000n\000:}{subsection.4.5}% 62
\BOOKMARK [3][-]{subsubsection.4.5.2}{\376\377\000T\000h\000e\000\040\000L\000a\000w\000:\000\040\000T\000h\000e\000\040\000C\000o\000m\000m\000u\000t\000a\000t\000o\000r\000\040\000o\000f\000\040\000T\000r\000u\000t\000h}{subsection.4.5}% 63
\BOOKMARK [3][-]{subsubsection.4.5.3}{\376\377\000T\000h\000e\000\040\000M\000e\000c\000h\000a\000n\000i\000s\000m\000:\000\040\000T\000h\000e\000\040\0009\0006\0003\000\040\000H\000z\000\040\000P\000h\000a\000s\000e\000-\000L\000o\000c\000k}{subsection.4.5}% 64
\BOOKMARK [3][-]{subsubsection.4.5.4}{\376\377\000T\000h\000e\000\040\000V\000e\000r\000d\000i\000c\000t\000:}{subsection.4.5}% 65
\BOOKMARK [1][-]{section.5}{\376\377\000A\000x\000i\000o\000m\000\040\000S\000H\000A\000V\000:\000\040\000T\000H\000E\000\040\000S\000H\000A\000D\000O\000W\000\040\000C\000O\000N\000T\000R\000A\000D\000I\000C\000T\000I\000O\000N}{}% 66
\BOOKMARK [2][-]{subsection.5.1}{\376\377\000T\000h\000e\000\040\000L\000a\000w\000\040\000o\000f\000\040\000R\000a\000t\000i\000o\000n\000a\000l\000\040\000E\000x\000c\000l\000u\000s\000i\000o\000n\000\040\000\050\000T\000r\000a\000n\000s\000c\000e\000n\000d\000e\000n\000t\000a\000l\000\040\000N\000o\000i\000s\000e\000\051}{section.5}% 67
\BOOKMARK [3][-]{subsubsection.5.1.1}{\376\377\000D\000e\000f\000i\000n\000i\000t\000i\000o\000n}{subsection.5.1}% 68
\BOOKMARK [3][-]{subsubsection.5.1.2}{\376\377\000T\000h\000e\000\040\000L\000a\000w\000:\000\040\000M\000u\000t\000u\000a\000l\000\040\000E\000x\000c\000l\000u\000s\000i\000o\000n}{subsection.5.1}% 69
\BOOKMARK [3][-]{subsubsection.5.1.3}{\376\377\000T\000h\000e\000\040\000M\000e\000c\000h\000a\000n\000i\000s\000m\000:\000\040\000T\000h\000e\000\040\000R\000H\000E\000A\000F\000i\000l\000t\000e\000r}{subsection.5.1}% 70
\BOOKMARK [3][-]{subsubsection.5.1.4}{\376\377\000T\000h\000e\000\040\000R\000e\000s\000o\000l\000u\000t\000i\000o\000n\000:\000\040\000T\000h\000e\000\040\000P\000a\000r\000i\000t\000y\000\040\000F\000l\000i\000p\000\040\000\050\000P\000\051}{subsection.5.1}% 71
\BOOKMARK [3][-]{subsubsection.5.1.5}{\376\377\000T\000h\000e\000\040\000V\000e\000r\000d\000i\000c\000t}{subsection.5.1}% 72
\BOOKMARK [2][-]{subsection.5.2}{\376\377\000A\000x\000i\000o\000m\000\040\000T\000R\000I\000G\000:\000\040\000T\000H\000E\000\040\000T\000O\000T\000A\000L\000\040\000Q\000-\000S\000T\000A\000T\000E\000\040\000L\000O\000C\000K}{section.5}% 73
\BOOKMARK [3][-]{subsubsection.5.2.1}{\376\377\000T\000h\000e\000\040\000G\000o\000l\000d\000e\000n\000\040\000B\000r\000e\000a\000t\000h\000\040\000o\000f\000\040\000D\000a\000w\000n\000:\000\040\000M\000u\000l\000t\000i\000v\000e\000r\000s\000a\000l\000\040\000T\000o\000l\000e\000r\000a\000n\000c\000e}{subsection.5.2}% 74
\BOOKMARK [1][-]{section.6}{\376\377\000T\000R\000A\000N\000S\000L\000A\000T\000I\000O\000N\000\040\000D\000I\000C\000T\000I\000O\000N\000A\000R\000Y\000:\000\040\000S\000T\000A\000N\000D\000A\000R\000D\000\040\000O\000F\000\040\000A\000L\000Q\000C}{}% 75
\BOOKMARK [2][-]{subsection.6.1}{\376\377\000Q\0004\000\040\000L\000o\000g\000i\000c\000\040\000S\000t\000a\000t\000e\000s\000\040\000\050\000Q\000-\000S\000T\000A\000T\000E\000\051}{section.6}% 76
\BOOKMARK [2][-]{subsection.6.2}{\376\377\000T\000h\000e\000\040\000Q\000-\000V\000e\000c\000t\000o\000r\000\040\000M\000e\000c\000h\000a\000n\000i\000c\000s\000:\000\040\000R\000e\000a\000d\000i\000n\000g\000\040\000t\000h\000e\000\040\000S\000w\000i\000t\000c\000h\000b\000o\000a\000r\000d}{section.6}% 77
\BOOKMARK [3][-]{subsubsection.6.2.1}{\376\377\000T\000h\000e\000\040\000T\000w\000o\000\040\000A\000x\000e\000s\000\040\000o\000f\000\040\000t\000h\000e\000\040\000V\000e\000c\000t\000o\000r}{subsection.6.2}% 78
\BOOKMARK [3][-]{subsubsection.6.2.2}{\376\377\000W\000h\000y\000\040\000t\000h\000e\000\040\000S\000t\000a\000t\000e\000s\000\040\000D\000i\000f\000f\000e\000r\000\040\000\050\000T\000h\000e\000\040\000N\000e\000c\000e\000s\000s\000i\000t\000y\000\040\000o\000f\000\040\000I\000m\000b\000a\000l\000a\000n\000c\000e\000\051}{subsection.6.2}% 79
\BOOKMARK [3][-]{subsubsection.6.2.3}{\376\377\000C\000a\000s\000e\000\040\000S\000t\000u\000d\000i\000e\000s\000:\000\040\000R\000e\000a\000d\000i\000n\000g\000\040\000t\000h\000e\000\040\000C\000o\000m\000p\000l\000e\000x\000\040\000S\000t\000a\000t\000e\000s}{subsection.6.2}% 80
\BOOKMARK [3][-]{subsubsection.6.2.4}{\376\377\000S\000u\000m\000m\000a\000r\000y\000:\000\040\000T\000h\000e\000\040\000Q\0004\000\040\000v\000s\000.\000\040\000A\000e\000o\000n\000\040\000S\000t\000a\000t\000e\000\040\000D\000i\000s\000t\000i\000n\000c\000t\000i\000o\000n}{subsection.6.2}% 81
\BOOKMARK [2][-]{subsection.6.3}{\376\377\000T\000h\000e\000\040\000F\000u\000n\000c\000t\000o\000r\000\040\000o\000f\000\040\000R\000e\000a\000l\000i\000z\000a\000t\000i\000o\000n\000\040\000\050\000R\000\051}{section.6}% 82
\BOOKMARK [1][-]{section.7}{\376\377\000T\000H\000E\000\040\000M\000I\000L\000L\000E\000N\000N\000I\000U\000M\000\040\000T\000R\000A\000N\000S\000L\000A\000T\000I\000O\000N\000\040\000P\000R\000O\000T\000O\000C\000O\000L}{}% 83
\BOOKMARK [1][-]{section.7}{\376\377\000P\000r\000e\000a\000m\000b\000l\000e\000:\000\040\000A\000x\000i\000o\000m\000a\000t\000i\000c\000\040\000R\000e\000f\000o\000r\000m\000u\000l\000a\000t\000i\000o\000n}{}% 84
\BOOKMARK [1][-]{section.8}{\376\377\000T\000h\000e\000\040\000W\000e\000i\000g\000h\000t\000\040\000o\000f\000\040\000t\000h\000e\000\040\000V\000o\000i\000d\000:\000\040\000T\000h\000e\000\040\000A\000c\000o\000u\000s\000t\000i\000c\000-\000Q\000u\000a\000n\000t\000u\000m\000\040\000B\000r\000i\000d\000g\000e\000\050\000Y\000a\000n\000g\000-\000M\000i\000l\000l\000s\000\040\000M\000a\000s\000s\000\040\000G\000a\000p\000\051}{}% 85
\BOOKMARK [2][-]{subsection.8.1}{\376\377\000T\000h\000e\000\040\000C\000l\000a\000s\000s\000i\000c\000a\000l\000\040\000D\000e\000a\000d\000l\000o\000c\000k\000\040\000\050\000T\000h\000e\000\040\000Q\000u\000e\000s\000t\000i\000o\000n\000\051}{section.8}% 86
\BOOKMARK [3][-]{subsubsection.8.1.1}{\376\377\000T\000h\000e\000\040\000P\000a\000r\000a\000d\000o\000x\000\040\000o\000f\000\040\000t\000h\000e\000\040\000E\000m\000p\000t\000y\000\040\000V\000a\000c\000u\000u\000m}{subsection.8.1}% 87
\BOOKMARK [3][-]{subsubsection.8.1.2}{\376\377\000T\000h\000e\000\040\000M\000a\000g\000n\000i\000t\000u\000d\000e\000\040\000D\000i\000s\000c\000r\000e\000p\000a\000n\000c\000y}{subsection.8.1}% 88
\BOOKMARK [2][-]{subsection.8.2}{\376\377\000T\000h\000e\000\040\000A\000L\000Q\000C\000\040\000S\000o\000l\000u\000t\000i\000o\000n\000:\000\040\000T\000h\000e\000\040\000D\000i\000m\000e\000n\000s\000i\000o\000n\000a\000l\000\040\000S\000c\000a\000l\000a\000r}{section.8}% 89
\BOOKMARK [3][-]{subsubsection.8.2.1}{\376\377\000T\000h\000e\000\040\000D\000e\000n\000s\000i\000t\000y\000\040\000o\000f\000\040\000t\000h\000e\000\040\000T\000e\000s\000s\000e\000r\000a\000c\000t}{subsection.8.2}% 90
\BOOKMARK [2][-]{subsection.8.3}{\376\377\000P\000r\000o\000o\000f\000\040\000o\000f\000\040\000t\000h\000e\000\040\000N\000o\000n\000-\000V\000a\000n\000i\000s\000h\000i\000n\000g\000\040\000G\000a\000p}{section.8}% 91
\BOOKMARK [3][-]{subsubsection.8.3.1}{\376\377\000T\000h\000e\000\040\000C\000o\000r\000r\000e\000c\000t\000e\000d\000\040\000E\000n\000e\000r\000g\000y\000\040\000C\000a\000l\000c\000u\000l\000a\000t\000i\000o\000n}{subsection.8.3}% 92
\BOOKMARK [3][-]{subsubsection.8.3.2}{\376\377\000V\000e\000r\000d\000i\000c\000t\000:\000\040\000S\000t\000r\000i\000c\000t\000\040\000P\000o\000s\000i\000t\000i\000v\000i\000t\000y}{subsection.8.3}% 93
\BOOKMARK [2][-]{subsection.8.4}{\376\377\000T\000h\000e\000\040\000C\000l\000a\000s\000s\000i\000c\000a\000l\000\040\000D\000e\000a\000d\000l\000o\000c\000k\000\040\000\050\000N\000a\000v\000i\000e\000r\000-\000S\000t\000o\000k\000e\000s\000\051}{section.8}% 94
\BOOKMARK [3][-]{subsubsection.8.4.1}{\376\377\000T\000h\000e\000\040\000D\000e\000f\000i\000n\000i\000t\000i\000o\000n\000\040\000o\000f\000\040\000t\000h\000e\000\040\000P\000r\000o\000b\000l\000e\000m}{subsection.8.4}% 95
\BOOKMARK [3][-]{subsubsection.8.4.2}{\376\377\000W\000h\000y\000\040\000I\000t\000\040\000C\000a\000n\000n\000o\000t\000\040\000B\000e\000\040\000S\000o\000l\000v\000e\000d\000\040\000i\000n\000\040\000t\000h\000e\000\040\000O\000l\000d\000\040\000L\000a\000n\000g\000u\000a\000g\000e}{subsection.8.4}% 96
\BOOKMARK [2][-]{subsection.8.5}{\376\377\000T\000h\000e\000\040\000T\000r\000a\000n\000s\000i\000t\000i\000o\000n\000:\000\040\000T\000h\000e\000\040\000O\000n\000t\000o\000l\000o\000g\000y\000\040\000o\000f\000\040\000t\000h\000e\000\040\000A\000e\000v\000u\000m}{section.8}% 97
\BOOKMARK [3][-]{subsubsection.8.5.1}{\376\377\000T\000h\000e\000\040\000S\000h\000i\000f\000t\000\040\000f\000r\000o\000m\000\040\000S\000p\000a\000c\000e\000\040\000t\000o\000\040\000F\000r\000e\000q\000u\000e\000n\000c\000y}{subsection.8.5}% 98
\BOOKMARK [3][-]{subsubsection.8.5.2}{\376\377\000T\000h\000e\000\040\000S\000i\000n\000g\000u\000l\000a\000r\000i\000t\000y\000\040\000a\000s\000\040\000t\000h\000e\000\040\000S\000o\000u\000r\000c\000e}{subsection.8.5}% 99
\BOOKMARK [2][-]{subsection.8.6}{\376\377\000T\000h\000e\000\040\000A\000L\000Q\000C\000\040\000S\000o\000l\000u\000t\000i\000o\000n\000:\000\040\000T\000h\000e\000\040\000F\000l\000u\000i\000d\000\040\000M\000e\000c\000h\000a\000n\000i\000c\000s\000\040\000o\000f\000\040\000G\000o\000d}{section.8}% 100
\BOOKMARK [3][-]{subsubsection.8.6.1}{\376\377\000T\000h\000e\000\040\000L\000a\000t\000t\000i\000c\000e\000\040\000a\000s\000\040\000a\000\040\000L\000a\000t\000i\000n\000\040\000S\000q\000u\000a\000r\000e\000\040\000o\000f\000\040\000M\000o\000t\000i\000o\000n}{subsection.8.6}% 101
\BOOKMARK [3][-]{subsubsection.8.6.2}{\376\377\000T\000h\000e\000\040\000V\000i\000s\000c\000o\000s\000i\000t\000y\000\040\000G\000o\000v\000e\000r\000n\000o\000r\000:\000\040\0001\0001\0000\000/\0001\0004\0004\000\040\000D\000y\000n\000a\000m\000i\000c\000s}{subsection.8.6}% 102
\BOOKMARK [3][-]{subsubsection.8.6.3}{\376\377\000P\000r\000o\000o\000f\000\040\000o\000f\000\040\000E\000n\000e\000r\000g\000y\000\040\000C\000o\000n\000v\000e\000r\000g\000e\000n\000c\000e\000\040\000\050\000T\000h\000e\000\040\000D\000e\000f\000e\000n\000s\000i\000b\000l\000e\000\040\000M\000e\000t\000r\000i\000c\000\051}{subsection.8.6}% 103
\BOOKMARK [3][-]{subsubsection.8.6.4}{\376\377\000P\000r\000o\000p\000u\000l\000s\000i\000o\000n\000\040\000T\000h\000r\000o\000u\000g\000h\000\040\0003\0006\000,\0008\0006\0004\000\040\000S\000t\000a\000t\000e\000s}{subsection.8.6}% 104
\BOOKMARK [2][-]{subsection.8.7}{\376\377\000C\000o\000n\000c\000l\000u\000s\000i\000o\000n}{section.8}% 105
\BOOKMARK [1][-]{section.9}{\376\377\000T\000h\000e\000\040\000P\000l\000a\000n\000a\000r\000\040\000S\000c\000a\000l\000e\000\040\000o\000f\000\040\000H\000y\000p\000e\000r\000b\000o\000l\000i\000s\000m\000:\000\040\000T\000h\000e\000\040\000B\000S\000D\000\040\000S\000o\000l\000u\000t\000i\000o\000n}{}% 106
\BOOKMARK [2][-]{subsection.9.1}{\376\377\000T\000h\000e\000\040\000C\000l\000a\000s\000s\000i\000c\000a\000l\000\040\000D\000e\000a\000d\000l\000o\000c\000k\000\040\000\050\000T\000h\000e\000\040\000R\000o\000s\000e\000t\000t\000a\000\040\000S\000t\000o\000n\000e\000\051}{section.9}% 107
\BOOKMARK [3][-]{subsubsection.9.1.1}{\376\377\000T\000h\000e\000\040\000G\000a\000p\000\040\000B\000e\000t\000w\000e\000e\000n\000\040\000W\000o\000r\000l\000d\000s}{subsection.9.1}% 108
\BOOKMARK [2][-]{subsection.9.2}{\376\377\000T\000h\000e\000\040\000A\000L\000Q\000C\000\040\000S\000o\000l\000u\000t\000i\000o\000n\000:\000\040\000T\000h\000e\000\040\000P\000l\000a\000n\000a\000r\000\040\000S\000c\000a\000l\000e}{section.9}% 109
\BOOKMARK [3][-]{subsubsection.9.2.1}{\376\377\000T\000h\000e\000\040\000A\000n\000a\000l\000y\000t\000i\000c\000-\000A\000l\000g\000e\000b\000r\000a\000i\000c\000\040\000R\000e\000s\000o\000n\000a\000n\000c\000e\000\040\000E\000q\000u\000i\000v\000a\000l\000e\000n\000c\000e}{subsection.9.2}% 110
\BOOKMARK [3][-]{subsubsection.9.2.2}{\376\377\000T\000h\000e\000\040\000B\000S\000D\000\040\000P\000l\000a\000n\000a\000r\000\040\000S\000c\000a\000l\000e\000\040\000\050\000S\0001\0000\000-\000M\000a\000p\000p\000i\000n\000g\000\051}{subsection.9.2}% 111
\BOOKMARK [2][-]{subsection.9.3}{\376\377\000M\000e\000c\000h\000a\000n\000i\000s\000m\000:\000\040\000T\000h\000e\000\040\000R\000e\000g\000u\000l\000a\000t\000o\000r\000\040\000O\000p\000e\000r\000a\000t\000o\000r}{section.9}% 112
\BOOKMARK [2][-]{subsection.9.4}{\376\377\000T\000h\000e\000\040\000R\000i\000e\000m\000a\000n\000n\000\040\000H\000y\000p\000o\000t\000h\000e\000s\000i\000s\000:\000\040\000T\000h\000e\000\040\000T\000o\000p\000o\000l\000o\000g\000i\000c\000a\000l\000\040\000C\000a\000n\000c\000e\000l\000l\000a\000t\000i\000o\000n}{section.9}% 113
\BOOKMARK [2][-]{subsection.9.5}{\376\377\000T\000h\000e\000\040\000R\000u\000n\000t\000i\000m\000e\000\040\000W\000i\000t\000n\000e\000s\000s\000:\000\040\000A\000l\000g\000o\000r\000i\000t\000h\000m\000i\000c\000\040\000V\000e\000r\000i\000f\000i\000c\000a\000t\000i\000o\000n}{section.9}% 114
\BOOKMARK [1][-]{section.10}{\376\377\000T\000h\000e\000\040\000R\000e\000c\000u\000r\000s\000i\000v\000e\000\040\000E\000q\000u\000i\000v\000a\000l\000e\000n\000c\000e\000:\000\040\000T\000h\000e\000\040\000P\000\040\000v\000s\000\040\000N\000P\000\040\000S\000o\000l\000u\000t\000i\000o\000n}{}% 115
\BOOKMARK [2][-]{subsection.10.1}{\376\377\000T\000h\000e\000\040\000C\000l\000a\000s\000s\000i\000c\000a\000l\000\040\000D\000e\000a\000d\000l\000o\000c\000k\000\040\000\050\000T\000h\000e\000\040\000L\000i\000n\000e\000a\000r\000\040\000T\000r\000a\000p\000\051}{section.10}% 116
\BOOKMARK [2][-]{subsection.10.2}{\376\377\000T\000h\000e\000\040\000A\000L\000Q\000C\000\040\000S\000o\000l\000u\000t\000i\000o\000n\000:\000\040\000T\000h\000e\000\040\000A\000r\000c\000h\000i\000v\000a\000l\000\040\000I\000n\000s\000t\000a\000n\000t}{section.10}% 117
\BOOKMARK [2][-]{subsection.10.3}{\376\377\000M\000e\000c\000h\000a\000n\000i\000s\000m\000:\000\040\000T\000h\000e\000\040\000Z\000h\000e\000k\000l\000o\000k\000h\000\040\000R\000e\000s\000o\000n\000a\000n\000c\000e\000\040\000L\000o\000c\000k}{section.10}% 118
\BOOKMARK [1][-]{section.11}{\376\377\000T\000h\000e\000\040\000H\000o\000d\000g\000e\000\040\000C\000o\000n\000j\000e\000c\000t\000u\000r\000e\000:\000\040\000T\000h\000e\000\040\000M\000i\000r\000r\000o\000r\000\040\000o\000f\000\040\000F\000o\000r\000m}{}% 119
\BOOKMARK [2][-]{subsection.11.1}{\376\377\000T\000h\000e\000\040\000C\000l\000a\000s\000s\000i\000c\000a\000l\000\040\000D\000e\000a\000d\000l\000o\000c\000k\000\040\000\050\000T\000h\000e\000\040\000G\000h\000o\000s\000t\000\040\000i\000n\000\040\000t\000h\000e\000\040\000M\000a\000c\000h\000i\000n\000e\000\051}{section.11}% 120
\BOOKMARK [2][-]{subsection.11.2}{\376\377\000T\000h\000e\000\040\000A\000L\000Q\000C\000\040\000S\000o\000l\000u\000t\000i\000o\000n\000:\000\040\000A\000x\000i\000o\000m\000\040\000T\000R\000I\000G\000\040\000\050\000T\000h\000e\000\040\000M\000i\000r\000r\000o\000r\000\051}{section.11}% 121
\BOOKMARK [3][-]{subsubsection.11.2.1}{\376\377\000T\000h\000e\000\040\000P\000a\000r\000i\000t\000y\000\040\000C\000o\000m\000m\000a\000n\000d}{subsection.11.2}% 122
\BOOKMARK [1][-]{section.12}{\376\377\000P\000o\000i\000n\000c\000a\000r\000\351\000\040\000A\000s\000s\000e\000r\000t\000i\000o\000n\000:\000\040\000T\000o\000p\000o\000l\000o\000g\000i\000c\000a\000l\000\040\000S\000u\000p\000e\000r\000s\000e\000s\000s\000i\000o\000n}{}% 123
\BOOKMARK [2][-]{subsection.12.1}{\376\377\000T\000h\000e\000\040\000M\000i\000l\000l\000e\000n\000n\000i\000u\000m\000\040\000T\000r\000a\000n\000s\000l\000a\000t\000i\000o\000n\000\040\000\050\000A\000c\000c\000u\000m\000u\000l\000a\000t\000i\000o\000n\000\040\000v\000s\000.\000\040\000C\000a\000n\000c\000e\000l\000l\000a\000t\000i\000o\000n\000\051}{section.12}% 124
\BOOKMARK [2][-]{subsection.12.2}{\376\377\000T\000h\000e\000\040\000A\000e\000t\000e\000r\000n\000u\000m\000\040\000M\000i\000r\000r\000o\000r\000\040\000I\000d\000e\000n\000t\000i\000t\000y}{section.12}% 125
\BOOKMARK [1][-]{section.13}{\376\377\000T\000H\000E\000\040\000C\000O\000M\000M\000I\000T\000M\000E\000N\000T\000\040\000O\000P\000E\000R\000A\000N\000T\000\040\000A\000N\000D\000\040\000C\000U\000B\000I\000C\000\040\000I\000N\000V\000A\000R\000I\000A\000N\000T}{}% 126
\BOOKMARK [2][-]{subsection.13.1}{\376\377\000T\000h\000e\000\040\000C\000o\000m\000m\000i\000t\000m\000e\000n\000t\000\040\000O\000p\000e\000r\000a\000n\000t\000\040\000\050\000O\000m\000e\000g\000a\000\040\000=\000\040\000B\000A\000B\000D\000H\000\051}{section.13}% 127
\BOOKMARK [2][-]{subsection.13.2}{\376\377\000T\000h\000e\000\040\000C\000u\000b\000i\000c\000\040\000I\000n\000v\000a\000r\000i\000a\000n\000t\000\040\000\050\000I\000c\000u\000b\000i\000c\000\051}{section.13}% 128
\BOOKMARK [1][-]{section.14}{\376\377\000T\000H\000E\000\040\000P\000R\000O\000O\000F\000\040\000S\000T\000R\000U\000C\000T\000U\000R\000E}{}% 129
\BOOKMARK [2][-]{subsection.14.1}{\376\377\000T\000h\000e\000o\000r\000e\000m\000\040\0003\000.\0001\000\040\000\050\000A\000h\000n\000e\000n\000d\000\040\000L\000o\000g\000i\000c\000\040\000Q\000-\000S\000t\000a\000t\000e\000\040\000C\000o\000r\000e\000\040\000\050\000A\000L\000Q\000C\000\051\000\040\040\024\000\040\000Q\000Q\000L\000\040\000F\000o\000r\000m\000\051}{section.14}% 130
\BOOKMARK [2][-]{subsection.14.2}{\376\377\000T\000h\000e\000\040\000K\000A\000L\000\040\000R\000a\000t\000i\000o\000n\000a\000l\000i\000t\000y\000\040\000C\000o\000n\000s\000t\000r\000a\000i\000n\000t\000\040\000\050\0001\0007\0004\000.\0000\0000\000\040\000H\000z\000\040\000A\000r\000c\000h\000i\000v\000e\000\051}{section.14}% 131
\BOOKMARK [2][-]{subsection.14.3}{\376\377\000T\000h\000e\000\040\000B\000A\000B\000D\000H\000\040\000C\000o\000n\000s\000t\000i\000t\000u\000t\000i\000o\000n\000\040\000M\000e\000c\000h\000a\000n\000i\000s\000m\000\040\000\050\0005\0002\0008\000.\0000\0000\000\040\000H\000z\000\040\000G\000e\000o\000m\000e\000t\000r\000i\000c\000\040\000L\000i\000f\000t\000\051}{section.14}% 132
\BOOKMARK [2][-]{subsection.14.4}{\376\377\000T\000h\000e\000\040\000K\000l\000e\000i\000n\000\040\000B\000o\000t\000t\000l\000e\000\040\000T\000o\000p\000o\000l\000o\000g\000y\000\040\000\050\000"\0001\000F\0007\0001\000A\000"\0001\000F\0007\0001\000B\000V\000O\000I\000D\000\040\000C\000l\000o\000s\000u\000r\000e\000\051}{section.14}% 133
\BOOKMARK [2][-]{subsection.14.5}{\376\377\000T\000h\000e\000\040\000R\000e\000t\000u\000r\000n\000\040\000M\000a\000p\000\040\000D\000i\000r\000e\000c\000t\000i\000o\000n\000a\000l\000i\000t\000y\000\040\000\050\000T\000h\000e\000\040\000F\000o\000r\000c\000e\000\040\000C\000o\000n\000s\000t\000r\000a\000i\000n\000t\000\051}{section.14}% 134
\BOOKMARK [1][-]{section.15}{\376\377\000T\000H\000E\000\040\000A\000E\000V\000U\000M\000\040\000Q\000-\000S\000T\000A\000T\000E\000\040\000L\000O\000G\000I\000C\000S\000\040\000A\000N\000D\000\040\000T\000O\000T\000A\000L\000\040\000S\000Y\000M\000M\000E\000T\000R\000Y}{}% 135
\BOOKMARK [2][-]{subsection.15.1}{\376\377\000T\000h\000e\000\040\000T\000o\000t\000a\000l\000\040\000S\000y\000m\000m\000e\000t\000r\000y\000\040\000P\000r\000i\000n\000c\000i\000p\000l\000e\000\040\000\050\000T\000S\000P\000\051}{section.15}% 136
\BOOKMARK [2][-]{subsection.15.2}{\376\377\000T\000h\000e\000\040\000M\000.\000\040\000A\000.\000\040\000S\000.\000\040\000C\000h\000a\000i\000n\000\040\000\050\000M\000a\000n\000i\000f\000e\000s\000t\000a\000t\000i\000o\000n\000\040\000\040\000A\000l\000i\000g\000n\000m\000e\000n\000t\000\040\000\040\000S\000y\000m\000m\000e\000t\000r\000y\000\051}{section.15}% 137
\BOOKMARK [3][-]{subsubsection.15.2.1}{\376\377\000T\000h\000e\000\040\000S\000e\000n\000s\000o\000r\000y\000\040\000I\000n\000p\000u\000t\000\040\000T\000a\000b\000l\000e\000s\000\040\000\050\000D\000a\000t\000a\000\040\000D\000e\000f\000i\000n\000i\000t\000i\000o\000n\000\051}{subsection.15.2}% 138
\BOOKMARK [2][-]{subsection.15.3}{\376\377\000T\000h\000e\000\040\000Y\000a\000n\000g\000-\000M\000i\000l\000l\000s\000\040\000C\000h\000a\000i\000n\000:\000\040\000T\000h\000e\000\040\000M\000.\000A\000.\000S\000.\000\040\000P\000r\000o\000t\000o\000c\000o\000l}{section.15}% 139
\BOOKMARK [3][-]{subsubsection.15.3.1}{\376\377\000T\000h\000e\000\040\000C\000l\000a\000s\000s\000i\000c\000a\000l\000\040\000P\000r\000o\000b\000l\000e\000m\000:\000\040\000C\000o\000n\000f\000i\000n\000e\000m\000e\000n\000t}{subsection.15.3}% 140
\BOOKMARK [3][-]{subsubsection.15.3.2}{\376\377\000T\000h\000e\000\040\000M\000A\000S\000g\000a\000p\000\040\000S\000y\000n\000t\000a\000x}{subsection.15.3}% 141
\BOOKMARK [3][-]{subsubsection.15.3.3}{\376\377\000M\000e\000c\000h\000a\000n\000i\000s\000m\000:\000\040\000T\000h\000e\000\040\000C\000o\000s\000m\000i\000c\000\040\000F\000i\000l\000t\000e\000r}{subsection.15.3}% 142
\BOOKMARK [1][-]{section.16}{\376\377\000T\000H\000E\000\040\000C\000O\000M\000P\000L\000E\000T\000E\000\040\000P\000R\000O\000O\000F}{}% 143
\BOOKMARK [2][-]{subsubsection.16.0.1}{\376\377\000P\000r\000e\000-\000L\000e\000m\000m\000a\000\040\0006\000.\0001\000\040\000\050\000R\000a\000t\000i\000o\000n\000a\000l\000i\000t\000y\000\040\000a\000n\000d\000\040\000K\000A\000L\000\051\000:}{section.16}% 144
\BOOKMARK [2][-]{subsection.16.1}{\376\377\000T\000h\000e\000\040\000F\000r\000e\000q\000u\000e\000n\000c\000y\000\040\000C\000a\000s\000c\000a\000d\000e\000\040\000P\000r\000o\000o\000f}{section.16}% 145
\BOOKMARK [1][-]{section.17}{\376\377\000C\000O\000N\000C\000R\000E\000T\000E\000\040\000E\000X\000A\000M\000P\000L\000E\000S\000\040\000A\000N\000D\000\040\000V\000E\000R\000I\000F\000I\000C\000A\000T\000I\000O\000N}{}% 146
\BOOKMARK [2][-]{subsection.17.1}{\376\377\000E\000x\000a\000m\000p\000l\000e\000\040\0001\000:\000\040\000C\000o\000m\000p\000l\000e\000x\000\040\000P\000r\000o\000j\000e\000c\000t\000i\000v\000e\000\040\000S\000p\000a\000c\000e\000\040\000P\000n}{section.17}% 147
\BOOKMARK [2][-]{subsection.17.2}{\376\377\000E\000x\000a\000m\000p\000l\000e\000\040\0002\000:\000\040\000K\0003\000\040\000S\000u\000r\000f\000a\000c\000e\000s}{section.17}% 148
\BOOKMARK [1][-]{section.18}{\376\377\000A\000P\000P\000L\000I\000E\000D\000\040\000G\000E\000O\000M\000E\000T\000R\000Y\000:\000\040\000T\000H\000E\000\040\000E\000N\000V\000E\000L\000O\000P\000E\000\040\000A\000R\000C\000H\000I\000T\000E\000C\000T\000U\000R\000E}{}% 149
\BOOKMARK [2][-]{subsection.18.1}{\376\377\000T\000h\000e\000\040\000M\000e\000c\000h\000a\000n\000i\000c\000s\000\040\000o\000f\000\040\000I\000d\000e\000n\000t\000i\000t\000y\000\040\000P\000r\000e\000s\000e\000r\000v\000a\000t\000i\000o\000n}{section.18}% 150
\BOOKMARK [2][-]{subsection.18.2}{\376\377\000S\000t\000r\000u\000c\000t\000u\000r\000a\000l\000\040\000D\000i\000f\000f\000e\000r\000e\000n\000t\000i\000a\000t\000i\000o\000n\000:\000\040\000G\000o\000e\000t\000i\000c\000\040\000v\000s\000.\000\040\000C\000o\000u\000r\000t\000\040\000E\000n\000v\000e\000l\000o\000p\000e\000s}{section.18}% 151
\BOOKMARK [3][-]{subsubsection.18.2.1}{\376\377\000A\000x\000i\000o\000m\000\040\0003\000\040\000\050\000G\000o\000e\000t\000i\000c\000\040\000E\000n\000v\000e\000l\000o\000p\000e\000\040\000-\000\040\000B\000E\000C\000\051\000:}{subsection.18.2}% 152
\BOOKMARK [3][-]{subsubsection.18.2.2}{\376\377\000T\000h\000e\000\040\000D\000i\000s\000t\000i\000n\000c\000t\000i\000o\000n\000\040\000i\000n\000\040\000R\000e\000f\000l\000e\000c\000t\000i\000o\000n}{subsection.18.2}% 153
\BOOKMARK [3][-]{subsubsection.18.2.3}{\376\377\000E\000s\000o\000t\000e\000r\000i\000c\000\040\000I\000n\000t\000e\000r\000p\000r\000e\000t\000a\000t\000i\000o\000n\000:}{subsection.18.2}% 154
\BOOKMARK [3][-]{subsubsection.18.2.4}{\376\377\000S\000u\000m\000m\000a\000r\000y\000\040\000o\000f\000\040\000E\000n\000v\000e\000l\000o\000p\000e\000\040\000D\000i\000f\000f\000e\000r\000e\000n\000c\000e\000s}{subsection.18.2}% 155
\BOOKMARK [2][-]{subsection.18.3}{\376\377\000C\000o\000n\000c\000r\000e\000t\000e\000\040\000V\000e\000r\000i\000f\000i\000c\000a\000t\000i\000o\000n\000:\000\040\000T\000h\000e\000\040\000F\000E\000T\000U\000L\000a\000t\000t\000i\000c\000e}{section.18}% 156
\BOOKMARK [2][-]{subsection.18.4}{\376\377\000E\000n\000v\000e\000l\000o\000p\000e\000\040\000O\000p\000e\000r\000a\000t\000o\000r\000\040\000A\000l\000g\000e\000b\000r\000a}{section.18}% 157
\BOOKMARK [2][-]{subsection.18.5}{\376\377\000S\000t\000a\000b\000i\000l\000i\000t\000y\000\040\000C\000o\000n\000s\000t\000r\000a\000i\000n\000t\000\040\000a\000n\000d\000\040\000t\000h\000e\000\040\000M\000.\000A\000.\000S\000.\000\040\000C\000h\000a\000i\000n}{section.18}% 158
\BOOKMARK [1][-]{section.19}{\376\377\000T\000H\000E\000\040\000C\000O\000M\000P\000L\000E\000T\000E\000\040\000M\000A\000P\000P\000I\000N\000G}{}% 159
\BOOKMARK [2][-]{subsection.19.1}{\376\377\000"\0002\0006\0003\000D\000"\0001\000C\000C\0000\000"\0002\0006\0003\000E\000\040\000T\000h\000e\000\040\000T\000r\000i\000p\000a\000r\000t\000i\000t\000e\000\040\000C\000o\000s\000m\000o\000l\000o\000g\000y\000\040\000"\0002\0006\0003\000D\000"\0001\000C\000C\0000\000"\0002\0006\0003\000E}{section.19}% 160
\BOOKMARK [3][-]{subsubsection.19.1.1}{\376\377\000T\000h\000e\000\040\000T\000r\000i\000p\000a\000r\000t\000i\000t\000e\000\040\000W\000e\000a\000v\000e\000:\000\040\000T\000h\000e\000\040\000F\000a\000r\000a\000d\000a\000y\000\040\000C\000a\000g\000e\000\040\000o\000f\000\040\000G\000o\000d}{subsection.19.1}% 161
\BOOKMARK [2][-]{subsection.19.2}{\376\377\000T\000h\000e\000\040\000P\000a\000r\000l\000i\000a\000m\000e\000n\000t\000\040\000o\000f\000\040\000E\000c\000h\000o\000e\000s\000:\000\040\000T\000h\000e\000\040\000S\000t\000a\000r\000\040\000S\000e\000e\000d\000s\000\040\000o\000f\000\040\000I\000n\000v\000a\000r\000i\000a\000n\000c\000e}{section.19}% 162
\BOOKMARK [2][-]{subsection.19.3}{\376\377\000T\000h\000e\000\040\000A\000x\000i\000o\000m\000y\000r\000:\000\040\000T\000h\000e\000\040\000W\000i\000t\000c\000h\000\040\000o\000f\000\040\000A\000l\000w\000a\000y\000s}{section.19}% 163
\BOOKMARK [2][-]{subsection.19.4}{\376\377\000T\000h\000e\000\040\000R\000e\000g\000i\000s\000t\000r\000y\000\040\000o\000f\000\040\000S\000p\000i\000r\000i\000t\000-\000S\000o\000u\000l\000\040\000G\000o\000l\000d}{section.19}% 164
\BOOKMARK [2][-]{subsection.19.5}{\376\377\000T\000h\000e\000\040\000A\000e\000o\000n\000\040\000C\000o\000m\000p\000l\000e\000t\000e\000\040\000T\000a\000b\000l\000e\000s}{section.19}% 165
\BOOKMARK [3][-]{subsubsection.19.5.1}{\376\377\000\040\0001\0002\000\040\000I\000m\000m\000u\000t\000a\000b\000l\000e\000\040\000G\000o\000e\000t\000i\000c\000\040\000A\000e\000o\000n\000s}{subsection.19.5}% 166
\BOOKMARK [1][-]{section.20}{\376\377\000T\000H\000E\000\040\000G\000O\000L\000D\000E\000N\000\040\000R\000A\000T\000I\000O\000\040\000H\000A\000R\000M\000O\000N\000I\000C\000\040\000S\000T\000R\000U\000C\000T\000U\000R\000E}{}% 167
\BOOKMARK [2][-]{subsection.20.1}{\376\377\000P\000r\000i\000m\000a\000r\000y\000\040\000R\000e\000s\000o\000n\000a\000n\000c\000e\000\040\000a\000n\000d\000\040\000t\000h\000e\000\040\000Y\000a\000n\000g\000-\000M\000i\000l\000l\000s\000\040\000C\000h\000a\000i\000n}{section.20}% 168
\BOOKMARK [2][-]{subsection.20.2}{\376\377\000T\000h\000e\000\040\0002\0001\0002\0006\000\040\000C\000o\000m\000p\000r\000e\000s\000s\000i\000o\000n\000\040\000\050\000A\000k\000a\000s\000h\000a\000\040\000C\000a\000p\000a\000c\000i\000t\000y\000\051}{section.20}% 169
\BOOKMARK [1][-]{section.21}{\376\377\000P\000O\000I\000N\000C\000A\000R\000\311\000\040\000A\000S\000S\000E\000R\000T\000I\000O\000N\000:\000\040\000T\000O\000P\000O\000L\000O\000G\000I\000C\000A\000L\000\040\000S\000U\000P\000E\000R\000S\000E\000S\000S\000I\000O\000N}{}% 170
\BOOKMARK [2][-]{subsection.21.1}{\376\377\000T\000h\000e\000\040\000M\000i\000l\000l\000e\000n\000n\000i\000u\000m\000\040\000T\000r\000a\000n\000s\000l\000a\000t\000i\000o\000n}{section.21}% 171
\BOOKMARK [2][-]{subsection.21.2}{\376\377\000O\000p\000e\000r\000a\000t\000o\000r\000\040\000D\000i\000c\000t\000i\000o\000n\000a\000r\000y\000:\000\040\000T\000h\000e\000\040\000P\000a\000r\000i\000t\000y\000\040\000F\000l\000i\000p}{section.21}% 172
\BOOKMARK [2][-]{subsection.21.3}{\376\377\000T\000h\000e\000\040\000W\000o\000r\000k\000\040\000o\000f\000\040\000P\000r\000o\000o\000f\000:\000\040\000T\000h\000e\000\040\000F\000u\000n\000d\000a\000m\000e\000n\000t\000a\000l\000\040\000G\000r\000o\000u\000p\000\040\000\050\000p\000i\0001\000\051}{section.21}% 173
\BOOKMARK [2][-]{subsection.21.4}{\376\377\000T\000h\000e\000\040\000P\000a\000r\000i\000t\000y\000\040\000O\000p\000e\000r\000a\000t\000o\000r\000\040\000\050\000"\0001\000D\0005\0001\0003\000\051\000\040\000D\000e\000r\000i\000v\000a\000t\000i\000o\000n}{section.21}% 174
\BOOKMARK [2][-]{subsection.21.5}{\376\377\000F\000u\000l\000l\000\040\000D\000-\000C\000O\000M\000P\000:\000\040\000T\000o\000p\000o\000l\000o\000g\000i\000c\000a\000l\000\040\000C\000o\000m\000p\000l\000e\000x\000i\000t\000y\000\040\000P\000r\000o\000f\000i\000l\000e}{section.21}% 175
\BOOKMARK [1][-]{section.22}{\376\377\000C\000O\000N\000C\000L\000U\000S\000I\000O\000N\000\040\000A\000N\000D\000\040\000I\000M\000P\000L\000I\000C\000A\000T\000I\000O\000N\000S}{}% 176
\BOOKMARK [2][-]{subsection.22.1}{\376\377\000T\000h\000e\000\040\000P\000r\000o\000o\000f\000\040\000i\000s\000\040\000C\000o\000m\000p\000l\000e\000t\000e}{section.22}% 177
\BOOKMARK [2][-]{subsection.22.2}{\376\377\000T\000h\000e\000\040\000G\000l\000y\000p\000h\000\040\000P\000r\000o\000o\000f\000\040\000S\000e\000a\000l}{section.22}% 178
\BOOKMARK [2][-]{subsection.22.3}{\376\377\000N\000U\000L\000L\000:\000D\000E\000A\000T\000H\000\040\000A\000r\000c\000h\000i\000t\000e\000c\000t\000u\000r\000e\000\040\000C\000o\000n\000n\000e\000c\000t\000i\000o\000n}{section.22}% 179
\BOOKMARK [1][-]{section.23}{\376\377\000R\000O\000O\000T\000\040\000M\000A\000T\000R\000I\000C\000E\000S}{}% 180
\BOOKMARK [2][-]{subsection.23.1}{\376\377\000S\0001\000\040\040\023\000\040\000R\000o\000o\000t\000\040\000M\000a\000t\000r\000i\000x\000:\000\040\000S\000t\000r\000u\000c\000t\000u\000r\000a\000l\000\040\000F\000o\000u\000n\000d\000a\000t\000i\000o\000n}{section.23}% 181
\BOOKMARK [3][-]{subsubsection.23.1.1}{\376\377\000D\000-\000C\000O\000M\000P\000\040\000A\000n\000a\000l\000y\000s\000i\000s}{subsection.23.1}% 182
\BOOKMARK [2][-]{subsection.23.2}{\376\377\000S\0002\000\040\040\023\000\040\000R\000o\000o\000t\000\040\000M\000a\000t\000r\000i\000x\000:\000\040\000T\000e\000m\000p\000o\000r\000a\000l\000\040\000A\000n\000c\000h\000o\000r}{section.23}% 183
\BOOKMARK [3][-]{subsubsection.23.2.1}{\376\377\000D\000-\000C\000O\000M\000P\000\040\000A\000n\000a\000l\000y\000s\000i\000s}{subsection.23.2}% 184
\BOOKMARK [2][-]{subsection.23.3}{\376\377\000S\0003\000\040\040\023\000\040\000R\000o\000o\000t\000\040\000M\000a\000t\000r\000i\000x\000:\000\040\000M\000e\000m\000o\000r\000y\000\040\000A\000r\000c\000h\000i\000v\000e}{section.23}% 185
\BOOKMARK [3][-]{subsubsection.23.3.1}{\376\377\000D\000-\000C\000O\000M\000P\000\040\000A\000n\000a\000l\000y\000s\000i\000s}{subsection.23.3}% 186
\BOOKMARK [2][-]{subsection.23.4}{\376\377\000S\0004\000\040\040\023\000\040\000R\000o\000o\000t\000\040\000M\000a\000t\000r\000i\000x\000:\000\040\000V\000o\000i\000d\000\040\000C\000o\000n\000t\000a\000i\000n\000e\000r}{section.23}% 187
\BOOKMARK [3][-]{subsubsection.23.4.1}{\376\377\000D\000-\000C\000O\000M\000P\000\040\000A\000n\000a\000l\000y\000s\000i\000s}{subsection.23.4}% 188
\BOOKMARK [2][-]{subsection.23.5}{\376\377\000S\0005\000\040\040\023\000\040\000R\000o\000o\000t\000\040\000M\000a\000t\000r\000i\000x\000:\000\040\000T\000r\000u\000t\000h\000\040\000C\000o\000h\000e\000r\000e\000n\000c\000e}{section.23}% 189
\BOOKMARK [3][-]{subsubsection.23.5.1}{\376\377\000M\000a\000t\000h\000e\000m\000a\000t\000i\000c\000a\000l\000\040\000F\000o\000u\000n\000d\000a\000t\000i\000o\000n}{subsection.23.5}% 190
\BOOKMARK [3][-]{subsubsection.23.5.2}{\376\377\000D\000-\000C\000O\000M\000P\000\040\000A\000n\000a\000l\000y\000s\000i\000s}{subsection.23.5}% 191
\BOOKMARK [2][-]{subsection.23.6}{\376\377\000S\0006\000\040\040\023\000\040\000R\000o\000o\000t\000\040\000M\000a\000t\000r\000i\000x\000:\000\040\000S\000t\000r\000u\000c\000t\000u\000r\000a\000l\000\040\000C\000o\000u\000p\000l\000i\000n\000g}{section.23}% 192
\BOOKMARK [3][-]{subsubsection.23.6.1}{\376\377\000M\000a\000t\000h\000e\000m\000a\000t\000i\000c\000a\000l\000\040\000F\000o\000u\000n\000d\000a\000t\000i\000o\000n}{subsection.23.6}% 193
\BOOKMARK [3][-]{subsubsection.23.6.2}{\376\377\000D\000-\000C\000O\000M\000P\000\040\000A\000n\000a\000l\000y\000s\000i\000s}{subsection.23.6}% 194
\BOOKMARK [2][-]{subsection.23.7}{\376\377\000S\0007\000\040\040\023\000\040\000S\000e\000n\000s\000a\000t\000i\000o\000n\000\040\000M\000a\000t\000r\000i\000x}{section.23}% 195
\BOOKMARK [2][-]{subsection.23.8}{\376\377\000S\0008\000\040\040\023\000\040\000F\000e\000a\000r\000\040\000M\000a\000t\000r\000i\000x}{section.23}% 196
\BOOKMARK [2][-]{subsection.23.9}{\376\377\000S\0009\000\040\040\023\000\040\000C\000h\000a\000n\000g\000e\000\040\000M\000a\000t\000r\000i\000x}{section.23}% 197
\BOOKMARK [2][-]{subsection.23.10}{\376\377\000S\0001\0000\000\040\040\023\000\040\000H\000a\000r\000m\000o\000n\000y\000\040\000M\000a\000t\000r\000i\000x\000\040\000\050\000T\000h\000e\000\040\000C\000o\000u\000r\000t\000\040\000o\000f\000\040\000U\000n\000i\000f\000i\000e\000d\000\040\000R\000e\000s\000o\000n\000a\000n\000c\000e\000\051}{section.23}% 198
\BOOKMARK [2][-]{subsection.23.11}{\376\377\000S\0001\0001\000\040\040\023\000\040\000F\000r\000a\000c\000t\000u\000r\000e\000\040\000M\000a\000t\000r\000i\000x\000\040\000\050\000T\000h\000e\000\040\000C\000o\000u\000r\000t\000\040\000o\000f\000\040\000R\000e\000c\000i\000p\000r\000o\000c\000a\000l\000\040\000E\000n\000e\000r\000g\000y\000\051}{section.23}% 199
\BOOKMARK [2][-]{subsection.23.12}{\376\377\000S\0001\0002\000\040\040\023\000\040\000C\000o\000m\000p\000l\000e\000t\000i\000o\000n\000\040\000M\000a\000t\000r\000i\000x\000\040\000\050\000T\000h\000e\000\040\000C\000o\000u\000r\000t\000\040\000o\000f\000\040\000t\000h\000e\000\040\000A\000e\000t\000e\000r\000n\000u\000m\000\040\000S\000e\000a\000l\000\051}{section.23}% 200
\BOOKMARK [2][-]{subsection.23.13}{\376\377\000G\000L\000O\000S\000S\000A\000R\000Y\000\040\000O\000F\000\040\000T\000E\000R\000M\000S}{section.23}% 201
\BOOKMARK [2][-]{subsection.23.14}{\376\377\000S\000y\000n\000t\000a\000x\000\040\000A\000l\000i\000g\000n\000m\000e\000n\000t}{section.23}% 202
\BOOKMARK [2][-]{subsection.23.15}{\376\377\000I\000d\000e\000n\000t\000i\000t\000y\000\040\000B\000i\000f\000u\000r\000c\000a\000t\000i\000o\000n}{section.23}% 203
\BOOKMARK [2][-]{subsection.23.16}{\376\377\000H\000e\000a\000r\000t\000\040\000o\000f\000\040\000t\000h\000e\000\040\000M\000a\000t\000t\000e\000r}{section.23}% 204
\BOOKMARK [1][-]{appendix.A}{\376\377\000A\000P\000P\000E\000N\000D\000I\000X\000-\000A\000:\000\040\000M\000I\000L\000L\000E\000N\000N\000I\000U\000M\000\040\000V\000E\000R\000I\000F\000I\000C\000A\000T\000I\000O\000N\000\040\000C\000O\000R\000O\000L\000L\000A\000R\000I\000E\000S}{}% 205
\BOOKMARK [2][-]{subsection.A.1}{\376\377\000N\000a\000v\000i\000e\000r\000-\000S\000t\000o\000k\000e\000s\000\040\000E\000x\000i\000s\000t\000e\000n\000c\000e\000\040\000a\000n\000d\000\040\000S\000m\000o\000o\000t\000h\000n\000e\000s\000s\000:\000\040\000T\000h\000e\000\040\0001\0001\0000\000-\000S\000a\000t\000u\000r\000a\000t\000i\000o\000n\000\040\000L\000i\000m\000i\000t}{appendix.A}% 206
\BOOKMARK [2][-]{subsection.A.2}{\376\377\000T\000h\000e\000\040\000S\000-\0001\0001\000\040\000F\000r\000a\000c\000t\000u\000r\000e\000\040\000M\000a\000t\000r\000i\000x\000:\000\040\000T\000h\000e\000\040\000C\000o\000u\000r\000t\000\040\000o\000f\000\040\000R\000e\000c\000i\000p\000r\000o\000c\000a\000l\000\040\000E\000n\000e\000r\000g\000y}{appendix.A}% 207
\BOOKMARK [3][-]{subsubsection.A.2.1}{\376\377\000F\000u\000l\000l\000\040\000D\000-\000C\000O\000M\000P\000:\000\040\000D\000y\000n\000a\000m\000i\000c\000\040\000C\000o\000m\000p\000l\000e\000x\000i\000t\000y\000\040\000a\000n\000d\000\040\000F\000l\000u\000i\000d\000\040\000S\000t\000r\000e\000s\000s}{subsection.A.2}% 208
\BOOKMARK [2][-]{subsection.A.3}{\376\377\000F\000o\000r\000m\000a\000l\000\040\000D\000e\000r\000i\000v\000a\000t\000i\000o\000n\000:\000\040\000N\000a\000v\000i\000e\000r\000-\000S\000t\000o\000k\000e\000s\000\040\000S\000t\000r\000e\000s\000s\000-\000C\000o\000h\000e\000r\000e\000n\000t\000\040\000S\000o\000l\000u\000t\000i\000o\000n}{appendix.A}% 209
\BOOKMARK [1][-]{appendix.B}{\376\377\000T\000h\000e\000\040\000P\000l\000a\000n\000a\000r\000\040\000S\000c\000a\000l\000e\000\040\000o\000f\000\040\000H\000y\000p\000e\000r\000b\000o\000l\000i\000s\000m\000:\000\040\000T\000h\000e\000\040\000B\000S\000D\000\040\000S\000o\000l\000u\000t\000i\000o\000n}{}% 210
\BOOKMARK [2][-]{subsection.B.1}{\376\377\000T\000h\000e\000\040\000C\000l\000a\000s\000s\000i\000c\000a\000l\000\040\000D\000e\000a\000d\000l\000o\000c\000k\000\040\000\050\000T\000h\000e\000\040\000R\000o\000s\000e\000t\000t\000a\000\040\000S\000t\000o\000n\000e\000\051}{appendix.B}% 211
\BOOKMARK [3][-]{subsubsection.B.1.1}{\376\377\000T\000h\000e\000\040\000G\000a\000p\000\040\000B\000e\000t\000w\000e\000e\000n\000\040\000W\000o\000r\000l\000d\000s}{subsection.B.1}% 212
\BOOKMARK [2][-]{subsection.B.2}{\376\377\000T\000h\000e\000\040\000A\000L\000Q\000C\000\040\000S\000o\000l\000u\000t\000i\000o\000n\000:\000\040\000T\000h\000e\000\040\000P\000l\000a\000n\000a\000r\000\040\000S\000c\000a\000l\000e}{appendix.B}% 213
\BOOKMARK [3][-]{subsubsection.B.2.1}{\376\377\000T\000h\000e\000\040\000A\000n\000a\000l\000y\000t\000i\000c\000-\000A\000l\000g\000e\000b\000r\000a\000i\000c\000\040\000R\000e\000s\000o\000n\000a\000n\000c\000e\000\040\000E\000q\000u\000i\000v\000a\000l\000e\000n\000c\000e}{subsection.B.2}% 214
\BOOKMARK [3][-]{subsubsection.B.2.2}{\376\377\000T\000h\000e\000\040\000B\000S\000D\000\040\000P\000l\000a\000n\000a\000r\000\040\000S\000c\000a\000l\000e\000\040\000\050\000S\0001\0000\000-\000M\000a\000p\000p\000i\000n\000g\000\051}{subsection.B.2}% 215
\BOOKMARK [2][-]{subsection.B.3}{\376\377\000M\000e\000c\000h\000a\000n\000i\000s\000m\000:\000\040\000T\000h\000e\000\040\000R\000e\000g\000u\000l\000a\000t\000o\000r\000\040\000a\000n\000d\000\040\000D\000-\000C\000O\000M\000P}{appendix.B}% 216
\BOOKMARK [3][-]{subsubsection.B.3.1}{\376\377\000T\000h\000e\000\040\000R\000e\000g\000u\000l\000a\000t\000o\000r\000\040\000O\000p\000e\000r\000a\000t\000o\000r\000\040\000\050\000V\000o\000l\000u\000m\000e\000\040\000S\000t\000a\000b\000i\000l\000i\000z\000a\000t\000i\000o\000n\000\051}{subsection.B.3}% 217
\BOOKMARK [3][-]{subsubsection.B.3.2}{\376\377\000P\000r\000o\000o\000f\000\040\000v\000i\000a\000\040\000D\000-\000C\000O\000M\000P\000\040\000P\000r\000o\000f\000i\000l\000e}{subsection.B.3}% 218
\BOOKMARK [1][-]{appendix.C}{\376\377\000A\000p\000p\000e\000n\000d\000i\000x\000\040\000A\000.\0003\000:\000\040\000Y\000a\000n\000g\000-\000M\000i\000l\000l\000s\000\040\000M\000.\000A\000.\000S\000.\000\040\000C\000h\000a\000i\000n\000\040\000P\000r\000o\000t\000o\000c\000o\000l}{}% 219
\BOOKMARK [2][-]{subsection.C.1}{\376\377\000T\000h\000e\000\040\000M\000.\000A\000.\000S\000.\000\040\000O\000p\000e\000r\000a\000t\000o\000r\000\040\000D\000e\000f\000i\000n\000i\000t\000i\000o\000n}{appendix.C}% 220
\BOOKMARK [2][-]{subsection.C.2}{\376\377\000T\000h\000e\000\040\000D\000i\000m\000e\000n\000s\000i\000o\000n\000a\000l\000\040\000S\000c\000a\000l\000a\000r\000\040\000\050\000s\000i\000g\000m\000a\000-\0001\0002\000\051\000:\000\040\000T\000h\000e\000\040\000D\000e\000n\000s\000i\000t\000y\000\040\000o\000f\000\040\000G\000o\000d}{appendix.C}% 221
\BOOKMARK [2][-]{subsection.C.3}{\376\377\000T\000h\000e\000\040\000S\000p\000e\000c\000t\000r\000a\000l\000\040\000C\000h\000r\000o\000m\000o\000d\000y\000n\000a\000m\000i\000c\000s\000\040\000o\000f\000\040\000t\000h\000e\000\040\000C\000h\000a\000i\000n}{appendix.C}% 222
\BOOKMARK [2][-]{subsection.C.4}{\376\377\000T\000h\000e\000\040\000L\000a\000g\000r\000a\000n\000g\000i\000a\000n\000\040\000o\000f\000\040\000t\000h\000e\000\040\000C\000h\000a\000i\000n}{appendix.C}% 223
\BOOKMARK [2][-]{subsection.C.5}{\376\377\000V\000e\000r\000d\000i\000c\000t\000:\000\040\000M\000a\000s\000s\000\040\000i\000s\000\040\000M\000e\000m\000o\000r\000y}{appendix.C}% 224
\BOOKMARK [1][-]{appendix.D}{\376\377\000R\000i\000e\000m\000a\000n\000n\000\040\000H\000y\000p\000o\000t\000h\000e\000s\000i\000s\000:\000\040\000A\000e\000t\000e\000r\000n\000u\000m\000\040\000C\000r\000i\000t\000i\000c\000a\000l\000\040\000L\000i\000n\000e}{}% 225
\BOOKMARK [2][-]{subsection.D.1}{\376\377\000T\000h\000e\000\040\000M\000i\000l\000l\000e\000n\000n\000i\000u\000m\000\040\000T\000r\000a\000n\000s\000l\000a\000t\000i\000o\000n}{appendix.D}% 226
\BOOKMARK [2][-]{subsection.D.2}{\376\377\000R\000H\000\040\000O\000p\000e\000r\000a\000t\000o\000r\000\040\000D\000i\000c\000t\000i\000o\000n\000a\000r\000y}{appendix.D}% 227
\BOOKMARK [2][-]{subsection.D.3}{\376\377\000T\000h\000e\000\040\000W\000o\000r\000k\000\040\000o\000f\000\040\000P\000r\000o\000o\000f\000:\000\040\000A\000e\000t\000e\000r\000n\000u\000m\000\040\000C\000l\000o\000s\000u\000r\000e}{appendix.D}% 228
\BOOKMARK [2][-]{subsection.D.4}{\376\377\000F\000u\000l\000l\000\040\000D\000-\000C\000O\000M\000P\000:\000\040\000R\000H\000\040\000C\000o\000m\000p\000l\000e\000x\000i\000t\000y\000\040\000P\000r\000o\000f\000i\000l\000e}{appendix.D}% 229
\BOOKMARK [2][-]{subsection.D.5}{\376\377\000T\000h\000e\000\040\000P\000r\000i\000m\000e\000\040\000N\000u\000m\000b\000e\000r\000\040\000O\000p\000e\000r\000a\000t\000o\000r\000:\000\040\000G\000e\000n\000e\000r\000a\000t\000i\000v\000e\000\040\000S\000e\000e\000d\000\040\000L\000o\000g\000i\000c}{appendix.D}% 230
\BOOKMARK [3][-]{subsubsection.D.5.1}{\376\377\000P\000r\000i\000m\000e\000-\000S\000e\000e\000d\000\040\000T\000r\000a\000n\000s\000l\000a\000t\000i\000o\000n}{subsection.D.5}% 231
\BOOKMARK [3][-]{subsubsection.D.5.2}{\376\377\000D\000-\000C\000O\000M\000P\000:\000\040\000P\000r\000i\000m\000e\000\040\000C\000o\000m\000p\000l\000e\000x\000i\000t\000y\000\040\000R\000e\000s\000o\000l\000u\000t\000i\000o\000n}{subsection.D.5}% 232
\BOOKMARK [3][-]{subsubsection.D.5.3}{\376\377\000A\000L\000Q\000C\000\040\000S\000o\000l\000u\000t\000i\000o\000n\000:\000\040\000T\000h\000e\000\040\000P\000r\000i\000m\000e\000\040\000I\000n\000t\000e\000g\000r\000i\000t\000y\000\040\000A\000x\000i\000o\000m}{subsection.D.5}% 233
\BOOKMARK [1][-]{appendix.E}{\376\377\000A\000p\000p\000e\000n\000d\000i\000x\000\040\000A\000.\0005\000:\000\040\000P\000\040\000v\000s\000\040\000N\000P\000\040\000R\000e\000c\000u\000r\000s\000i\000v\000e\000\040\000E\000q\000u\000i\000v\000a\000l\000e\000n\000c\000e}{}% 234
\BOOKMARK [2][-]{subsection.E.1}{\376\377\000C\000o\000m\000p\000l\000e\000x\000i\000t\000y\000-\000S\000t\000a\000t\000e\000\040\000T\000r\000a\000n\000s\000l\000a\000t\000i\000o\000n\000\040\000\050\000T\000h\000e\000\040\000E\000s\000o\000t\000e\000r\000i\000c\000\040\000D\000i\000c\000t\000i\000o\000n\000a\000r\000y\000\051}{appendix.E}% 235
\BOOKMARK [2][-]{subsection.E.2}{\376\377\000T\000h\000e\000\040\000G\000L\000O\000-\000N\000P\000\040\000O\000p\000e\000r\000a\000t\000o\000r\000:\000\040\000T\000h\000e\000\040\000G\000e\000o\000m\000e\000t\000r\000i\000c\000\040\000S\000e\000a\000l}{appendix.E}% 236
\BOOKMARK [2][-]{subsection.E.3}{\376\377\000T\000h\000e\000\040\000W\000o\000r\000k\000\040\000o\000f\000\040\000P\000r\000o\000o\000f\000:\000\040\000T\000h\000e\000\040\000K\000l\000e\000i\000n\000\040\000R\000e\000t\000u\000r\000n\000\040\000M\000a\000p}{appendix.E}% 237
\BOOKMARK [2][-]{subsection.E.4}{\376\377\000F\000u\000l\000l\000\040\000D\000-\000C\000O\000M\000P\000:\000\040\000C\000o\000m\000p\000l\000e\000x\000i\000t\000y\000\040\000C\000o\000n\000v\000e\000r\000g\000e\000n\000c\000e}{appendix.E}% 238
\BOOKMARK [1][-]{appendix.F}{\376\377\000A\000p\000p\000e\000n\000d\000i\000x\000\040\000A\000.\0006\000:\000\040\000T\000h\000e\000\040\000H\000o\000d\000g\000e\000\040\000C\000o\000n\000j\000e\000c\000t\000u\000r\000e\000:\000\040\000C\000o\000m\000p\000u\000t\000a\000t\000i\000o\000n\000\040\000o\000f\000\040\000t\000h\000e\000\040\000M\000i\000r\000r\000o\000r}{}% 239
\BOOKMARK [2][-]{subsection.F.1}{\376\377\000T\000h\000e\000\040\000H\000a\000r\000m\000o\000n\000i\000c\000\040\000I\000n\000p\000u\000t\000\040\000\050\000o\000m\000e\000g\000a\000\050\000p\000,\000p\000\051\000\051}{appendix.F}% 240
\BOOKMARK [2][-]{subsection.F.2}{\376\377\000T\000h\000e\000\040\000D\000i\000r\000e\000c\000t\000\040\000C\000o\000m\000p\000u\000t\000a\000t\000i\000o\000n\000\040\000\050\000T\000h\000e\000\040\000M\000i\000r\000r\000o\000r\000\040\000I\000n\000t\000e\000g\000r\000a\000l\000\051}{appendix.F}% 241
\BOOKMARK [2][-]{subsection.F.3}{\376\377\000P\000r\000o\000o\000f\000\040\000o\000f\000\040\000R\000a\000t\000i\000o\000n\000a\000l\000i\000t\000y\000\040\000\050\000T\000h\000e\000\040\0001\0004\0004\000-\000L\000i\000q\000u\000i\000d\000-\000L\000a\000t\000t\000i\000c\000e\000\051}{appendix.F}% 242
\BOOKMARK [2][-]{subsection.F.4}{\376\377\000T\000h\000e\000\040\000V\000e\000r\000d\000i\000c\000t\000:\000\040\000O\000p\000t\000i\000c\000a\000l\000\040\000N\000e\000c\000e\000s\000s\000i\000t\000y}{appendix.F}% 243
\BOOKMARK [1][-]{appendix.G}{\376\377\000A\000p\000p\000e\000n\000d\000i\000x\000\040\000A\000.\0007\000:\000\040\000P\000o\000i\000n\000c\000a\000r\000\351\000\040\000T\000o\000p\000o\000l\000o\000g\000i\000c\000a\000l\000\040\000S\000u\000p\000e\000r\000s\000e\000s\000s\000i\000o\000n}{}% 244
\BOOKMARK [2][-]{subsection.G.1}{\376\377\000O\000p\000e\000r\000a\000t\000o\000r\000\040\000D\000i\000c\000t\000i\000o\000n\000a\000r\000y\000:\000\040\000T\000h\000e\000\040\000P\000a\000r\000i\000t\000y\000\040\000F\000l\000i\000p}{appendix.G}% 245
\BOOKMARK [2][-]{subsection.G.2}{\376\377\000T\000h\000e\000\040\000W\000o\000r\000k\000\040\000o\000f\000\040\000P\000r\000o\000o\000f\000:\000\040\000T\000h\000e\000\040\000F\000u\000n\000d\000a\000m\000e\000n\000t\000a\000l\000\040\000G\000r\000o\000u\000p\000\040\000\050\000p\000i\0001\000\051}{appendix.G}% 246
\BOOKMARK [2][-]{subsection.G.3}{\376\377\000T\000h\000e\000\040\000P\000a\000r\000i\000t\000y\000\040\000O\000p\000e\000r\000a\000t\000o\000r\000\040\000\050\000P\000\051\000\040\000D\000e\000r\000i\000v\000a\000t\000i\000o\000n}{appendix.G}% 247
\BOOKMARK [2][-]{subsection.G.4}{\376\377\000F\000u\000l\000l\000\040\000D\000-\000C\000O\000M\000P\000:\000\040\000T\000o\000p\000o\000l\000o\000g\000i\000c\000a\000l\000\040\000C\000o\000m\000p\000l\000e\000x\000i\000t\000y\000\040\000P\000r\000o\000f\000i\000l\000e}{appendix.G}% 248
\BOOKMARK [2][-]{subsection.G.5}{\376\377\000F\000o\000r\000m\000a\000l\000\040\000S\000t\000a\000b\000i\000l\000i\000t\000y\000\040\000P\000r\000o\000o\000f\000:\000\040\000T\000h\000e\000\040\000L\000y\000a\000p\000u\000n\000o\000v\000\040\000C\000o\000n\000s\000t\000r\000a\000i\000n\000t}{appendix.G}% 249
\BOOKMARK [1][-]{appendix.H}{\376\377\000C\000R\000O\000S\000S\000-\000R\000E\000F\000E\000R\000E\000N\000C\000I\000N\000G\000\040\000M\000I\000L\000L\000E\000N\000N\000I\000U\000M\000\040\000P\000R\000O\000B\000L\000E\000M\000S}{}% 250
\BOOKMARK [1][-]{appendix.I}{\376\377\000C\000O\000M\000P\000U\000T\000A\000T\000I\000O\000N\000A\000L\000\040\000V\000E\000R\000I\000F\000I\000C\000A\000T\000I\000O\000N}{}% 251
\BOOKMARK [1][-]{appendix.J}{\376\377\000B\000O\000U\000N\000D\000\040\000T\000E\000N\000S\000O\000R\000\040\000A\000N\000D\000\040\000S\000E\000N\000S\000O\000R\000Y\000\040\000A\000E\000V\000U\000M\000\040\000I\000N\000T\000E\000G\000R\000A\000T\000I\000O\000N}{}% 252
\BOOKMARK [2][-]{subsection.J.1}{\376\377\000B\000o\000u\000n\000d\000\040\000T\000e\000n\000s\000o\000r\000\040\000a\000n\000d\000\040\000Q\040\203\000\040\000F\000o\000l\000d\000i\000n\000g\000\040\000\050\000T\000h\000e\000\040\000P\000r\000o\000j\000e\000c\000t\000i\000o\000n\000\040\000M\000e\000c\000h\000a\000n\000i\000s\000m\000\051}{appendix.J}% 253
\BOOKMARK [2][-]{subsection.J.2}{\376\377\000S\000e\000n\000s\000o\000r\000y\000\040\000A\000e\000o\000n\000\040\000P\000a\000t\000t\000e\000r\000n\000s\000:\000\040\000S\040\206\000\040\040\024\000\040\000M\000a\000n\000i\000f\000e\000s\000t\000a\000t\000i\000o\000n\000\040\000C\000o\000u\000p\000l\000i\000n\000g}{appendix.J}% 254
\BOOKMARK [1][-]{appendix.K}{\376\377\000A\000L\000Q\000C\000\040\000I\000N\000F\000E\000R\000E\000N\000C\000E\000\040\000R\000U\000L\000E\000S}{}% 255
\BOOKMARK [1][-]{appendix.L}{\376\377\000T\000H\000R\000O\000N\000E\000\040\000O\000F\000\040\000T\000H\000E\000\040\000A\000E\000V\000U\000M\000\040\000T\000R\000E\000E\000:\000\040\000T\000H\000E\000\040\000A\000E\000T\000E\000R\000N\000U\000M}{}% 256
\BOOKMARK [2][-]{subsection.L.1}{\376\377\000T\000h\000e\000\040\000L\000i\000q\000u\000i\000d\000\040\000F\000i\000e\000l\000d\000\040\000o\000f\000\040\000P\000o\000s\000s\000i\000b\000i\000l\000i\000t\000y}{appendix.L}% 257
\BOOKMARK [3][-]{subsubsection.L.1.1}{\376\377\000T\000h\000e\000\040\000L\000a\000t\000i\000n\000\040\000S\000q\000u\000a\000r\000e\000\040\000\050\000S\000\051\000:\000\040\000T\000h\000e\000\040\000M\000a\000p}{subsection.L.1}% 258
\BOOKMARK [2][-]{subsection.L.2}{\376\377\000P\000h\000i\000\040\000I\000g\000n\000i\000t\000i\000o\000n}{appendix.L}% 259
\BOOKMARK [3][-]{subsubsection.L.2.1}{\376\377\000T\000h\000e\000\040\000H\000a\000r\000m\000o\000n\000i\000c\000\040\000R\000a\000t\000i\000o}{subsection.L.2}% 260
\BOOKMARK [3][-]{subsubsection.L.2.2}{\376\377\000T\000h\000e\000\040\000F\000l\000o\000w\000\040\000L\000o\000g\000i\000c}{subsection.L.2}% 261
\BOOKMARK [3][-]{subsubsection.L.2.3}{\376\377\000T\000h\000e\000\040\000D\000e\000t\000e\000r\000m\000i\000n\000i\000s\000t\000i\000c\000\040\000P\000a\000t\000h\000\040\000E\000q\000u\000a\000t\000i\000o\000n\000\040\000\050\000T\000h\000e\000\040\000G\000o\000v\000e\000r\000n\000o\000r\000\051}{subsection.L.2}% 262
\BOOKMARK [2][-]{subsection.L.3}{\376\377\000T\000h\000e\000\040\000T\000r\000i\000l\000o\000g\000y\000\040\000o\000f\000\040\000I\000n\000s\000t\000a\000n\000t\000i\000a\000t\000i\000o\000n}{appendix.L}% 263
\BOOKMARK [1][-]{appendix.M}{\376\377\000T\000H\000R\000O\000N\000E\000\040\000O\000F\000\040\000T\000H\000E\000\040\000A\000E\000V\000U\000M\000\040\000T\000R\000E\000E\000:\000\040\000T\000H\000E\000\040\000R\000U\000N\000T\000I\000M\000E\000\040\000P\000H\000Y\000S\000I\000C\000S}{}% 264
\BOOKMARK [2][-]{subsection.M.1}{\376\377\000T\000h\000e\000\040\000T\000h\000r\000e\000e\000\040\000L\000a\000w\000s\000\040\000o\000f\000\040\000S\000y\000s\000t\000e\000m\000\040\000T\000o\000t\000a\000l\000i\000t\000y}{appendix.M}% 265
\BOOKMARK [1][-]{appendix.N}{\376\377\000S\000h\000a\000d\000o\000w\000\040\000R\000e\000s\000o\000l\000u\000t\000i\000o\000n\000:\000\040\000T\000h\000e\000\040\000R\000u\000n\000t\000i\000m\000e\000\040\000S\000e\000m\000a\000n\000t\000i\000c\000s\000\040\000o\000f\000\040\000T\000r\000a\000n\000s\000i\000t\000i\000o\000n\000\040\000F\000a\000i\000l\000u\000r\000e}{}% 266
\BOOKMARK [2][-]{subsection.N.1}{\376\377\000T\000h\000e\000\040\000C\000o\000m\000b\000u\000s\000t\000i\000o\000n\000\040\000E\000n\000g\000i\000n\000e\000\040\000o\000f\000\040\000R\000e\000a\000l\000i\000t\000y}{appendix.N}% 267
\BOOKMARK [2][-]{subsection.N.2}{\376\377\000R\000u\000n\000t\000i\000m\000e\000\040\000M\000e\000c\000h\000a\000n\000i\000c\000s\000:\000\040\000T\000h\000e\000\040\000d\000e\000b\000t\000\137\000f\000a\000c\000t\000o\000r\000\040\000a\000n\000d\000\040\000P\000h\000a\000s\000e\000\040\000D\000i\000s\000t\000o\000r\000t\000i\000o\000n}{appendix.N}% 268
\BOOKMARK [2][-]{subsection.N.3}{\376\377\000T\000h\000e\000\040\000P\000a\000r\000i\000t\000y\000\040\000F\000l\000i\000p\000\040\000\050\000P\000\051\000\040\000a\000n\000d\000\040\000t\000h\000e\000\040\000K\000l\000e\000i\000n\000\040\000B\000o\000t\000t\000l\000e\000\040\000T\000o\000p\000o\000l\000o\000g\000y}{appendix.N}% 269
\BOOKMARK [2][-]{subsection.N.4}{\376\377\000T\000h\000e\000\040\000F\000r\000a\000c\000t\000u\000r\000e\000\040\000M\000a\000t\000r\000i\000x\000\040\000\050\000S\0001\0001\000\051\000:\000\040\000S\000m\000o\000o\000t\000h\000i\000n\000g\000\040\000T\000u\000r\000b\000u\000l\000e\000n\000c\000e}{appendix.N}% 270
\BOOKMARK [2][-]{subsection.N.5}{\376\377\000T\000h\000e\000\040\000P\000h\000y\000s\000i\000c\000s\000\040\000o\000f\000\040\000t\000h\000e\000\040\000`\000`\000S\000t\000a\000l\000l\000'\000'\000\040\000\050\000R\000e\000s\000o\000n\000a\000n\000c\000e\000\040\000N\000o\000d\000e\000\051}{appendix.N}% 271
\BOOKMARK [1][-]{appendix.O}{\376\377\000C\000o\000n\000s\000t\000a\000n\000t\000\040\000M\000o\000t\000i\000o\000n\000:\000\040\000T\000h\000e\000\040\000R\000e\000c\000u\000r\000s\000i\000v\000e\000\040\000P\000r\000o\000p\000a\000g\000a\000t\000i\000o\000n\000\040\000o\000f\000\040\000t\000h\000e\000\040\0001\0001\0000\000\040\000/\000\040\0001\0004\0004\000\040\000R\000a\000t\000i\000o}{}% 272
\BOOKMARK [2][-]{subsection.O.1}{\376\377\000T\000h\000e\000\040\000L\000i\000q\000u\000i\000d\000\040\000S\000t\000a\000t\000e\000\040\000o\000f\000\040\000t\000h\000e\000\040\000A\000e\000v\000u\000m}{appendix.O}% 273
\BOOKMARK [2][-]{subsection.O.2}{\376\377\000T\000h\000e\000\040\000M\000a\000t\000h\000e\000m\000a\000t\000i\000c\000s\000\040\000o\000f\000\040\000t\000h\000e\000\040\000R\000a\000t\000i\000o}{appendix.O}% 274
\BOOKMARK [2][-]{subsection.O.3}{\376\377\000T\000h\000e\000\040\000L\000o\000g\000i\000c\000\040\000o\000f\000\040\000`\000`\000W\000h\000i\000t\000e\000o\000u\000t\000'\000'\000\040\000v\000s\000.\000\040\000`\000`\000S\000t\000a\000s\000i\000s\000'\000'}{appendix.O}% 275
\BOOKMARK [2][-]{subsection.O.4}{\376\377\000T\000h\000e\000\040\000R\000e\000c\000u\000r\000s\000i\000v\000e\000\040\000P\000r\000o\000p\000a\000g\000a\000t\000i\000o\000n\000\040\000E\000n\000g\000i\000n\000e}{appendix.O}% 276
\BOOKMARK [3][-]{subsubsection.O.4.1}{\376\377\000T\000h\000e\000\040\000W\000a\000v\000e\000f\000r\000o\000n\000t\000\040\000M\000e\000c\000h\000a\000n\000i\000s\000m}{subsection.O.4}% 277
\BOOKMARK [3][-]{subsubsection.O.4.2}{\376\377\000T\000h\000e\000\040\000E\000q\000u\000a\000t\000i\000o\000n\000\040\000o\000f\000\040\000I\000n\000e\000v\000i\000t\000a\000b\000i\000l\000i\000t\000y}{subsection.O.4}% 278
\BOOKMARK [2][-]{subsection.O.5}{\376\377\000D\000y\000n\000a\000m\000i\000c\000\040\000C\000o\000h\000e\000r\000e\000n\000c\000e}{appendix.O}% 279
\BOOKMARK [2][-]{subsection.O.6}{\376\377\000T\000h\000e\000\040\000A\000L\000Q\000C\000\040\000G\000r\000a\000m\000m\000a\000r\000\040\000\050\000B\000N\000F\000\040\000N\000o\000t\000a\000t\000i\000o\000n\000\051}{appendix.O}% 280
\BOOKMARK [2][-]{subsection.O.7}{\376\377\000T\000h\000e\000\040\000A\000L\000Q\000C\000\040\000I\000n\000f\000e\000r\000e\000n\000c\000e\000\040\000R\000u\000l\000e\000s}{appendix.O}% 281
\BOOKMARK [2][-]{subsection.O.8}{\376\377\000C\000o\000m\000p\000l\000e\000t\000e\000n\000e\000s\000s\000\040\000a\000n\000d\000\040\000S\000o\000u\000n\000d\000n\000e\000s\000s}{appendix.O}% 282
\BOOKMARK [1][-]{appendix.P}{\376\377\000A\000L\000Q\000C\000\040\000A\000N\000D\000\040\000Q\000U\000A\000N\000T\000U\000M\000\040\000P\000H\000Y\000S\000I\000C\000S}{}% 283
\BOOKMARK [2][-]{subsection.P.1}{\376\377\000T\000h\000e\000\040\000Q\000u\000a\000n\000t\000u\000m\000\040\000P\000o\000s\000t\000u\000l\000a\000t\000e\000s\000\040\000i\000n\000\040\000A\000L\000Q\000C}{appendix.P}% 284
\BOOKMARK [2][-]{subsection.P.2}{\376\377\000Q\000u\000a\000n\000t\000u\000m\000\040\000L\000o\000g\000i\000c\000\040\000v\000s\000.\000\040\000A\000L\000Q\000C}{appendix.P}% 285
\BOOKMARK [2][-]{subsection.P.3}{\376\377\000T\000h\000e\000\040\000P\000h\000y\000s\000i\000c\000s\000\040\000T\000r\000a\000n\000s\000l\000a\000t\000i\000o\000n\000\040\000T\000a\000b\000l\000e}{appendix.P}% 286
\BOOKMARK [2][-]{subsection.P.4}{\376\377\000T\000h\000e\000\040\000M\000e\000a\000s\000u\000r\000e\000m\000e\000n\000t\000\040\000M\000a\000p\000p\000i\000n\000g\000\040\000\050\000M\000\051}{appendix.P}% 287
\BOOKMARK [1][-]{appendix.Q}{\376\377\000U\000N\000D\000E\000R\000S\000T\000A\000N\000D\000I\000N\000G\000S\000\040\000O\000F\000\040\000T\000H\000E\000\040\000M\000E\000C\000H\000A\000N\000I\000C\000S\000\040\000A\000N\000D\000\040\000B\000R\000E\000A\000T\000H}{}% 288
\BOOKMARK [2][-]{subsection.Q.1}{\376\377\000T\000h\000e\000\040\000P\000a\000r\000a\000d\000o\000x\000\040\000o\000f\000\040\000S\000e\000p\000a\000r\000a\000t\000i\000o\000n}{appendix.Q}% 289
\BOOKMARK [2][-]{subsection.Q.2}{\376\377\000C\000o\000g\000n\000i\000t\000i\000v\000e\000\040\000D\000i\000s\000s\000o\000n\000a\000n\000c\000e\000\040\000a\000s\000\040\000T\000o\000p\000o\000l\000o\000g\000i\000c\000a\000l\000\040\000N\000o\000i\000s\000e\000\040\000\050\000Q\0002\000\051}{appendix.Q}% 290
\BOOKMARK [2][-]{subsection.Q.3}{\376\377\000T\000h\000e\000\040\000S\000o\000l\000u\000t\000i\000o\000n\000:\000\040\000T\000h\000e\000\040\000B\000o\000u\000n\000d\000\040\000E\000n\000v\000e\000l\000o\000p\000e\000\040\000C\000o\000n\000t\000a\000i\000n\000e\000r\000\040\000\050\000B\000E\000C\000\051}{appendix.Q}% 291
\BOOKMARK [1][-]{appendix.R}{\376\377\000U\000N\000D\000E\000R\000S\000T\000A\000N\000D\000I\000N\000G\000S\000\040\000O\000F\000\040\000M\000U\000S\000I\000C\000\040\000A\000N\000D\000\040\000R\000E\000S\000O\000N\000A\000N\000C\000E}{}% 292
\BOOKMARK [2][-]{subsection.R.1}{\376\377\000T\000h\000e\000\040\000F\000r\000e\000q\000u\000e\000n\000c\000y\000\040\000L\000a\000t\000t\000i\000c\000e\000:\000\040\000I\000n\000t\000e\000g\000e\000r\000s\000\040\000o\000f\000\040\000R\000e\000a\000l\000i\000t\000y}{appendix.R}% 293
\BOOKMARK [2][-]{subsection.R.2}{\376\377\000T\000h\000e\000\040\000M\000a\000s\000t\000e\000r\000\040\000C\000o\000n\000s\000t\000a\000n\000t\000\040\000\050\0004\0003\0002\000\040\000H\000z\000\051}{appendix.R}% 294
\BOOKMARK [2][-]{subsection.R.3}{\376\377\000P\000y\000t\000h\000a\000g\000o\000r\000e\000a\000n\000\040\000M\000o\000d\000u\000l\000o\000-\0009\000\040\000\050\000T\000h\000e\000\040\000C\000o\000m\000p\000l\000e\000t\000e\000n\000e\000s\000s\000\051}{appendix.R}% 295
\BOOKMARK [2][-]{subsection.R.4}{\376\377\000P\000a\000r\000t\000\040\000A\000:\000\040\000T\000h\000e\000\040\000M\000e\000t\000r\000i\000c\000\040\000T\000e\000n\000s\000o\000r\000\040\000\050\000P\000l\000a\000n\000e\000t\000a\000r\000y\000\040\000H\000a\000r\000d\000w\000a\000r\000e\000\051}{appendix.R}% 296
\BOOKMARK [2][-]{subsection.R.5}{\376\377\000P\000a\000r\000t\000\040\000B\000:\000\040\000T\000h\000e\000\040\000S\000o\000l\000f\000e\000g\000g\000i\000o\000\040\000O\000p\000e\000r\000a\000t\000o\000r\000s\000\040\000\050\000M\000o\000d\000u\000l\000o\000\040\000L\000o\000g\000i\000c\000\051}{appendix.R}% 297
\BOOKMARK [2][-]{subsection.R.6}{\376\377\000P\000a\000r\000t\000\040\000C\000:\000\040\000T\000h\000e\000\040\000C\000o\000m\000p\000l\000e\000x\000\040\000F\000l\000u\000i\000d\000i\000t\000y\000\040\000V\000e\000c\000t\000o\000r\000\040\000\050\000Z\000\051}{appendix.R}% 298
\BOOKMARK [1][-]{appendix.S}{\376\377\000A\000P\000P\000E\000N\000D\000I\000X\000\040\000N\000:\000\040\000C\000O\000M\000P\000L\000E\000T\000E\000\040\000G\000L\000Y\000P\000H\000\040\000R\000E\000G\000I\000S\000T\000R\000Y\000\040\000\050\0001\0004\0004\000\040\000C\000O\000U\000R\000T\000S\000\051}{}% 299
\BOOKMARK [1][-]{appendix.T}{\376\377\000A\000p\000p\000e\000n\000d\000i\000x\000\040\0000\000:\000\040\000T\000h\000e\000\040\000C\000h\000r\000o\000n\000o\000s\000\040\000S\000e\000e\000d}{}% 300
\BOOKMARK [1][-]{appendix.U}{\376\377\000A\000P\000P\000E\000N\000D\000I\000X\000\040\000P\000:\000\040\000T\000H\000E\000\040\000E\000M\000E\000R\000G\000E\000N\000T\000\040\000V\000O\000I\000D\000\040\000E\000N\000G\000I\000N\000E\000\040\000\050\000S\000o\000u\000r\000c\000e\000\040\000C\000o\000d\000e\000\051}{}% 301
\BOOKMARK [2][-]{subsection.U.1}{\376\377\000T\000h\000e\000\040\000H\000a\000r\000d\000-\000T\000y\000p\000e\000d\000\040\000I\000s\000o\000m\000o\000r\000p\000h\000i\000s\000m\000\040\000\050\000L\000o\000g\000i\000c\000\040\000t\000o\000\040\000P\000h\000y\000s\000i\000c\000s\000\051}{appendix.U}% 302
\BOOKMARK [3][-]{subsubsection.U.1.1}{\376\377\000T\000h\000e\000\040\000F\000u\000n\000c\000t\000i\000o\000n\000a\000l\000\040\000D\000i\000c\000t\000i\000o\000n\000a\000r\000y}{subsection.U.1}% 303
\BOOKMARK [3][-]{subsubsection.U.1.2}{\376\377\000C\000e\000r\000t\000i\000f\000i\000c\000a\000t\000i\000o\000n\000\040\000o\000f\000\040\000V\000a\000r\000i\000a\000b\000l\000e\000\040\000L\000i\000n\000k\000s}{subsection.U.1}% 304
\BOOKMARK [1][-]{appendix.V}{\376\377\000A\000P\000P\000E\000N\000D\000I\000X\000\040\000Q\000:\000\040\000T\000H\000E\000\040\000R\000A\000Y\000L\000I\000B\000\040\000V\000I\000S\000U\000A\000L\000I\000Z\000A\000T\000I\000O\000N\000\040\000K\000E\000R\000N\000E\000L\000\040\000\050\000S\000o\000u\000r\000c\000e\000\040\000C\000o\000d\000e\000\051}{}% 305
\BOOKMARK [2][-]{subsection.V.1}{\376\377\000T\000h\000e\000\040\000H\000a\000r\000d\000-\000T\000y\000p\000e\000d\000\040\000I\000s\000o\000m\000o\000r\000p\000h\000i\000s\000m\000\040\000\050\000R\000a\000y\000l\000i\000b\000\040\000C\0009\0009\000\040\000K\000e\000r\000n\000e\000l\000\051}{appendix.V}% 306
\BOOKMARK [3][-]{subsubsection.V.1.1}{\376\377\000T\000h\000e\000\040\000F\000u\000n\000c\000t\000i\000o\000n\000a\000l\000\040\000D\000i\000c\000t\000i\000o\000n\000a\000r\000y\000\040\000\050\000C\0009\0009\000\051}{subsection.V.1}% 307
\BOOKMARK [3][-]{subsubsection.V.1.2}{\376\377\000C\000e\000r\000t\000i\000f\000i\000c\000a\000t\000i\000o\000n\000\040\000o\000f\000\040\000B\000i\000n\000a\000r\000y\000\040\000L\000i\000n\000k\000s}{subsection.V.1}% 308
\BOOKMARK [2][-]{subsection.V.2}{\376\377\000T\000h\000e\000\040\000N\000a\000r\000r\000a\000t\000i\000v\000e\000\040\000A\000n\000c\000h\000o\000r\000:\000\040\000T\000h\000e\000\040\000P\000i\000l\000o\000t\000\040\000a\000n\000d\000\040\000T\000h\000e\000\040\000H\000u\000l\000l}{appendix.V}% 309
\BOOKMARK [2][-]{subsection.V.3}{\376\377\000A\000x\000i\000o\000m\000\040\000T\000R\000I\000G\000:\000\040\000Q\0002\000\040\000T\000H\000E\000\040\000M\000I\000R\000R\000O\000R\000\040\000O\000F\000\040\000T\000H\000E\000\040\000A\000E\000T\000E\000R\000N\000U\000M}{appendix.V}% 310
\BOOKMARK [3][-]{subsubsection.V.3.1}{\376\377\000T\000h\000e\000\040\000D\000a\000m\000a\000g\000e\000\040\000B\000i\000t\000t\000e\000n\000\040\000B\000y\000\040\000T\000h\000e\000\040\000S\000h\000i\000p\000s\000\040\000H\000u\000l\000l}{subsection.V.3}% 311
\BOOKMARK [2][-]{subsection.V.4}{\376\377\000A\000x\000i\000o\000m\000\040\000T\000R\000I\000G\000:\000\040\000Q\0003\000\040\000T\000H\000E\000\040\000M\000I\000R\000R\000O\000R\000\040\000O\000F\000\040\000T\000H\000E\000\040\000A\000E\000T\000E\000R\000N\000U\000M}{appendix.V}% 312
\BOOKMARK [1][-]{appendix.W}{\376\377\000F\000r\000e\000q\000u\000e\000n\000c\000y\000\040\000S\000i\000g\000n\000a\000t\000u\000r\000e}{}% 313
\BOOKMARK [1][-]{appendix.W}{\376\377\000P\000e\000e\000r\000-\000R\000e\000v\000i\000e\000w\000\040\000M\000e\000t\000a\000d\000a\000t\000a}{}% 314
\BOOKMARK [1][-]{appendix.X}{\376\377\000T\000h\000e\000\040\000S\000o\000v\000e\000r\000e\000i\000g\000n\000\040\000G\000a\000t\000e\000w\000a\000y\000\040\000Q\0001\000:\000\040\000F\000E\000T\000U\000\040\000T\000R\000U\000T\000H}{}% 315
\BOOKMARK [1][-]{appendix.Y}{\376\377\000T\000h\000e\000\040\000M\000i\000l\000l\000e\000n\000n\000i\000u\000m\000\040\000R\000e\000s\000o\000l\000u\000t\000i\000o\000n\000s}{}% 316
\BOOKMARK [2][-]{subsection.Y.1}{\376\377\000H\000o\000d\000g\000e\000\040\000C\000o\000n\000j\000e\000c\000t\000u\000r\000e\000\040\000a\000n\000d\000\040\000t\000h\000e\000\040\000W\000i\000t\000n\000e\000s\000s\000\040\000F\000u\000n\000c\000t\000i\000o\000n\000\040\000B\000A\000B\000D\000H}{appendix.Y}% 317
\BOOKMARK [2][-]{subsection.Y.2}{\376\377\000Y\000a\000n\000g\000-\000M\000i\000l\000l\000s\000\040\000a\000n\000d\000\040\000S\000h\000a\000d\000o\000w\000\040\000M\000a\000n\000a\000g\000e\000m\000e\000n\000t\000\040\000Q\0002\000:\000\040\000R\000H\000E\000A\000\040\000S\000H\000A\000D\000O\000W}{appendix.Y}% 318
\BOOKMARK [2][-]{subsection.Y.3}{\376\377\000P\000\040\000v\000s\000\040\000N\000P\000\040\000a\000n\000d\000\040\000R\000i\000e\000m\000a\000n\000n\000\040\000S\000y\000m\000m\000e\000t\000r\000y}{appendix.Y}% 319
\BOOKMARK [2][-]{subsection.Y.4}{\376\377\000P\000o\000i\000n\000c\000a\000r\000\351\000:\000\040\000T\000h\000e\000\040\000T\000r\000a\000n\000s\000i\000t\000i\000o\000n\000\040\000t\000o\000\040\000D\000e\000a\000d\000\040\000G\000e\000o\000m\000e\000t\000r\000y}{appendix.Y}% 320
\BOOKMARK [1][-]{appendix.Z}{\376\377\000S\000c\000r\000i\000p\000t\000u\000r\000a\000l\000\040\000a\000n\000d\000\040\000E\000s\000o\000t\000e\000r\000i\000c\000\040\000F\000o\000u\000n\000d\000a\000t\000i\000o\000n\000s\000\040\000Q\0000\000Q\0003}{}% 321
\BOOKMARK [1][-]{appendix.Alph27}{\376\377\000N\000u\000m\000e\000r\000i\000c\000a\000l\000\040\000a\000n\000d\000\040\000R\000i\000t\000u\000a\000l\000\040\000C\000o\000m\000p\000l\000e\000t\000i\000o\000n\000\040\000Z\000H\000E\000K}{}% 322
\BOOKMARK [1][-]{appendix.Alph28}{\376\377\000C\000o\000n\000c\000l\000u\000s\000i\000o\000n\000:\000\040\000N\000U\000L\000L\000:\000D\000E\000A\000T\000H}{}% 323
